The system is: Linux - 5.4.209-116.367.amzn2.x86_64 - x86_64
Compiling the CXX compiler identification source file "CMakeCXXCompilerId.cpp" succeeded.
Compiler: /contrib/bin/g++ 
Build flags: 
Id flags:  

The output was:
0


Compilation of the CXX compiler identification source "CMakeCXXCompilerId.cpp" produced "a.out"

The CXX compiler identification is GNU, found in "/home/project/phase3_ia_riscv32i/work/tmp/tti/CMakeFiles/3.17.3/CompilerIdCXX/a.out"

Determining if the CXX compiler works passed with the following output:
Change Dir: /home/project/phase3_ia_riscv32i/work/tmp/tti/CMakeFiles/CMakeTmp

Run Build Command(s):/contrib/bin/ninja cmTC_bb5fb && [1/2] Building CXX object CMakeFiles/cmTC_bb5fb.dir/testCXXCompiler.cxx.o
[2/2] Linking CXX executable cmTC_bb5fb



Detecting CXX compiler ABI info compiled with the following output:
Change Dir: /home/project/phase3_ia_riscv32i/work/tmp/tti/CMakeFiles/CMakeTmp

Run Build Command(s):/contrib/bin/ninja cmTC_7c933 && [1/2] Building CXX object CMakeFiles/cmTC_7c933.dir/CMakeCXXCompilerABI.cpp.o
Using built-in specs.
COLLECT_GCC=/contrib/bin/g++
Target: x86_64-linux-gnu
Configured with: ../../extract/gcc-7.4.0.tar.gz/gcc-7.4.0/configure --prefix=/home/jenkins/workspace/mm/maintenance/Bootstrap_contrib/r/Deb10-test-1/codasip-studio/install/contrib --enable-languages=c,c++ --enable-shared --enable-threads=posix --enable-checking=release --disable-libunwind-exceptions --enable-gnu-unique-object --enable-lto --disable-multilib --with-tune=generic --enable-bootstrap --build=x86_64-linux-gnu --host=x86_64-linux-gnu --target=x86_64-linux-gnu
Thread model: posix
gcc version 7.4.0 (GCC) 
COLLECT_GCC_OPTIONS='-include' '/home/project/phase3_ia_riscv32i/work/phase3_ia_riscv32i_options.hcodal' '-v' '-o' 'CMakeFiles/cmTC_7c933.dir/CMakeCXXCompilerABI.cpp.o' '-c' '-shared-libgcc' '-mtune=generic' '-march=x86-64'
 /contrib/bin/../libexec/gcc/x86_64-linux-gnu/7.4.0/cc1plus -quiet -v -imultiarch x86_64-linux-gnu -iprefix /contrib/bin/../lib/gcc/x86_64-linux-gnu/7.4.0/ -D_GNU_SOURCE -include /home/project/phase3_ia_riscv32i/work/phase3_ia_riscv32i_options.hcodal /contrib/share/cmake-3.17/Modules/CMakeCXXCompilerABI.cpp -quiet -dumpbase CMakeCXXCompilerABI.cpp -mtune=generic -march=x86-64 -auxbase-strip CMakeFiles/cmTC_7c933.dir/CMakeCXXCompilerABI.cpp.o -version -o /tmp/ccKLcyHo.s
GNU C++14 (GCC) version 7.4.0 (x86_64-linux-gnu)
	compiled by GNU C version 7.4.0, GMP version 6.1.0, MPFR version 3.1.4, MPC version 1.0.3, isl version isl-0.16.1-GMP

GGC heuristics: --param ggc-min-expand=100 --param ggc-min-heapsize=131072
ignoring nonexistent directory "/contrib/bin/../lib/gcc/x86_64-linux-gnu/7.4.0/../../../../x86_64-linux-gnu/include"
ignoring duplicate directory "/contrib/bin/../lib/gcc/../../lib/gcc/x86_64-linux-gnu/7.4.0/../../../../include/c++/7.4.0"
ignoring duplicate directory "/contrib/bin/../lib/gcc/../../lib/gcc/x86_64-linux-gnu/7.4.0/../../../../include/c++/7.4.0/x86_64-linux-gnu"
ignoring duplicate directory "/contrib/bin/../lib/gcc/../../lib/gcc/x86_64-linux-gnu/7.4.0/../../../../include/c++/7.4.0/backward"
ignoring duplicate directory "/contrib/bin/../lib/gcc/../../lib/gcc/x86_64-linux-gnu/7.4.0/include"
ignoring nonexistent directory "/usr/local/include/x86_64-linux-gnu"
ignoring duplicate directory "/contrib/bin/../lib/gcc/../../lib/gcc/x86_64-linux-gnu/7.4.0/include-fixed"
ignoring nonexistent directory "/contrib/bin/../lib/gcc/../../lib/gcc/x86_64-linux-gnu/7.4.0/../../../../x86_64-linux-gnu/include"
#include "..." search starts here:
#include <...> search starts here:
 /contrib/bin/../lib/gcc/x86_64-linux-gnu/7.4.0/../../../../include/c++/7.4.0
 /contrib/bin/../lib/gcc/x86_64-linux-gnu/7.4.0/../../../../include/c++/7.4.0/x86_64-linux-gnu
 /contrib/bin/../lib/gcc/x86_64-linux-gnu/7.4.0/../../../../include/c++/7.4.0/backward
 /contrib/bin/../lib/gcc/x86_64-linux-gnu/7.4.0/include
 /contrib/bin/../lib/gcc/x86_64-linux-gnu/7.4.0/include-fixed
 /usr/local/include
 /contrib/bin/../lib/gcc/../../include
 /usr/include/x86_64-linux-gnu
 /usr/include
End of search list.
GNU C++14 (GCC) version 7.4.0 (x86_64-linux-gnu)
	compiled by GNU C version 7.4.0, GMP version 6.1.0, MPFR version 3.1.4, MPC version 1.0.3, isl version isl-0.16.1-GMP

GGC heuristics: --param ggc-min-expand=100 --param ggc-min-heapsize=131072
Compiler executable checksum: de05f298072810735c1bf4023281b961
COLLECT_GCC_OPTIONS='-include' '/home/project/phase3_ia_riscv32i/work/phase3_ia_riscv32i_options.hcodal' '-v' '-o' 'CMakeFiles/cmTC_7c933.dir/CMakeCXXCompilerABI.cpp.o' '-c' '-shared-libgcc' '-mtune=generic' '-march=x86-64'
 /contrib/bin/../lib/gcc/x86_64-linux-gnu/7.4.0/../../../../x86_64-linux-gnu/bin/as -v --64 -o CMakeFiles/cmTC_7c933.dir/CMakeCXXCompilerABI.cpp.o /tmp/ccKLcyHo.s
GNU assembler version 2.30 (x86_64-linux-gnu) using BFD version (GNU Binutils) 2.30
COMPILER_PATH=/contrib/bin/../libexec/gcc/x86_64-linux-gnu/7.4.0/:/contrib/bin/../libexec/gcc/x86_64-linux-gnu/:/contrib/bin/../libexec/gcc/:/contrib/bin/../lib/gcc/x86_64-linux-gnu/7.4.0/../../../../x86_64-linux-gnu/bin/
LIBRARY_PATH=/contrib/bin/../lib/gcc/x86_64-linux-gnu/7.4.0/:/contrib/bin/../lib/gcc/x86_64-linux-gnu/:/contrib/bin/../lib/gcc/:/contrib/bin/../lib/gcc/x86_64-linux-gnu/7.4.0/../../../x86_64-linux-gnu/:/contrib/bin/../lib/gcc/x86_64-linux-gnu/7.4.0/../../../../lib64/:/lib/x86_64-linux-gnu/:/lib/../lib64/:/usr/lib/x86_64-linux-gnu/:/contrib/bin/../lib/gcc/x86_64-linux-gnu/7.4.0/../../../../x86_64-linux-gnu/lib/:/contrib/bin/../lib/gcc/x86_64-linux-gnu/7.4.0/../../../:/lib/:/usr/lib/
COLLECT_GCC_OPTIONS='-include' '/home/project/phase3_ia_riscv32i/work/phase3_ia_riscv32i_options.hcodal' '-v' '-o' 'CMakeFiles/cmTC_7c933.dir/CMakeCXXCompilerABI.cpp.o' '-c' '-shared-libgcc' '-mtune=generic' '-march=x86-64'
[2/2] Linking CXX executable cmTC_7c933
Using built-in specs.
COLLECT_GCC=/contrib/bin/g++
COLLECT_LTO_WRAPPER=/contrib/bin/../libexec/gcc/x86_64-linux-gnu/7.4.0/lto-wrapper
Target: x86_64-linux-gnu
Configured with: ../../extract/gcc-7.4.0.tar.gz/gcc-7.4.0/configure --prefix=/home/jenkins/workspace/mm/maintenance/Bootstrap_contrib/r/Deb10-test-1/codasip-studio/install/contrib --enable-languages=c,c++ --enable-shared --enable-threads=posix --enable-checking=release --disable-libunwind-exceptions --enable-gnu-unique-object --enable-lto --disable-multilib --with-tune=generic --enable-bootstrap --build=x86_64-linux-gnu --host=x86_64-linux-gnu --target=x86_64-linux-gnu
Thread model: posix
gcc version 7.4.0 (GCC) 
COMPILER_PATH=/contrib/bin/../libexec/gcc/x86_64-linux-gnu/7.4.0/:/contrib/bin/../libexec/gcc/x86_64-linux-gnu/:/contrib/bin/../libexec/gcc/:/contrib/bin/../lib/gcc/x86_64-linux-gnu/7.4.0/../../../../x86_64-linux-gnu/bin/
LIBRARY_PATH=/contrib/bin/../lib/gcc/x86_64-linux-gnu/7.4.0/:/contrib/bin/../lib/gcc/x86_64-linux-gnu/:/contrib/bin/../lib/gcc/:/contrib/bin/../lib/gcc/x86_64-linux-gnu/7.4.0/../../../x86_64-linux-gnu/:/contrib/bin/../lib/gcc/x86_64-linux-gnu/7.4.0/../../../../lib64/:/lib/x86_64-linux-gnu/:/lib/../lib64/:/usr/lib/x86_64-linux-gnu/:/contrib/bin/../lib/gcc/x86_64-linux-gnu/7.4.0/../../../../x86_64-linux-gnu/lib/:/contrib/bin/../lib/gcc/x86_64-linux-gnu/7.4.0/../../../:/lib/:/usr/lib/
COLLECT_GCC_OPTIONS='-include' '/home/project/phase3_ia_riscv32i/work/phase3_ia_riscv32i_options.hcodal' '-v' '-o' 'cmTC_7c933' '-shared-libgcc' '-mtune=generic' '-march=x86-64'
 /contrib/bin/../libexec/gcc/x86_64-linux-gnu/7.4.0/collect2 -plugin /contrib/bin/../libexec/gcc/x86_64-linux-gnu/7.4.0/liblto_plugin.so -plugin-opt=/contrib/bin/../libexec/gcc/x86_64-linux-gnu/7.4.0/lto-wrapper -plugin-opt=-fresolution=/tmp/cc1J5CXf.res -plugin-opt=-pass-through=-lgcc_s -plugin-opt=-pass-through=-lgcc -plugin-opt=-pass-through=-lc -plugin-opt=-pass-through=-lgcc_s -plugin-opt=-pass-through=-lgcc --eh-frame-hdr -m elf_x86_64 -dynamic-linker /lib64/ld-linux-x86-64.so.2 -o cmTC_7c933 /usr/lib/x86_64-linux-gnu/crt1.o /usr/lib/x86_64-linux-gnu/crti.o /contrib/bin/../lib/gcc/x86_64-linux-gnu/7.4.0/crtbegin.o -L/contrib/bin/../lib/gcc/x86_64-linux-gnu/7.4.0 -L/contrib/bin/../lib/gcc/x86_64-linux-gnu -L/contrib/bin/../lib/gcc -L/contrib/bin/../lib/gcc/x86_64-linux-gnu/7.4.0/../../../x86_64-linux-gnu -L/contrib/bin/../lib/gcc/x86_64-linux-gnu/7.4.0/../../../../lib64 -L/lib/x86_64-linux-gnu -L/lib/../lib64 -L/usr/lib/x86_64-linux-gnu -L/contrib/bin/../lib/gcc/x86_64-linux-gnu/7.4.0/../../../../x86_64-linux-gnu/lib -L/contrib/bin/../lib/gcc/x86_64-linux-gnu/7.4.0/../../.. CMakeFiles/cmTC_7c933.dir/CMakeCXXCompilerABI.cpp.o -lstdc++ -lm -lgcc_s -lgcc -lc -lgcc_s -lgcc /contrib/bin/../lib/gcc/x86_64-linux-gnu/7.4.0/crtend.o /usr/lib/x86_64-linux-gnu/crtn.o
COLLECT_GCC_OPTIONS='-include' '/home/project/phase3_ia_riscv32i/work/phase3_ia_riscv32i_options.hcodal' '-v' '-o' 'cmTC_7c933' '-shared-libgcc' '-mtune=generic' '-march=x86-64'



Parsed CXX implicit include dir info from above output: rv=done
  found start of include info
  found start of implicit include info
    add: [/contrib/bin/../lib/gcc/x86_64-linux-gnu/7.4.0/../../../../include/c++/7.4.0]
    add: [/contrib/bin/../lib/gcc/x86_64-linux-gnu/7.4.0/../../../../include/c++/7.4.0/x86_64-linux-gnu]
    add: [/contrib/bin/../lib/gcc/x86_64-linux-gnu/7.4.0/../../../../include/c++/7.4.0/backward]
    add: [/contrib/bin/../lib/gcc/x86_64-linux-gnu/7.4.0/include]
    add: [/contrib/bin/../lib/gcc/x86_64-linux-gnu/7.4.0/include-fixed]
    add: [/usr/local/include]
    add: [/contrib/bin/../lib/gcc/../../include]
    add: [/usr/include/x86_64-linux-gnu]
    add: [/usr/include]
  end of search list found
  collapse include dir [/contrib/bin/../lib/gcc/x86_64-linux-gnu/7.4.0/../../../../include/c++/7.4.0] ==> [/contrib/include/c++/7.4.0]
  collapse include dir [/contrib/bin/../lib/gcc/x86_64-linux-gnu/7.4.0/../../../../include/c++/7.4.0/x86_64-linux-gnu] ==> [/contrib/include/c++/7.4.0/x86_64-linux-gnu]
  collapse include dir [/contrib/bin/../lib/gcc/x86_64-linux-gnu/7.4.0/../../../../include/c++/7.4.0/backward] ==> [/contrib/include/c++/7.4.0/backward]
  collapse include dir [/contrib/bin/../lib/gcc/x86_64-linux-gnu/7.4.0/include] ==> [/contrib/lib/gcc/x86_64-linux-gnu/7.4.0/include]
  collapse include dir [/contrib/bin/../lib/gcc/x86_64-linux-gnu/7.4.0/include-fixed] ==> [/contrib/lib/gcc/x86_64-linux-gnu/7.4.0/include-fixed]
  collapse include dir [/usr/local/include] ==> [/usr/local/include]
  collapse include dir [/contrib/bin/../lib/gcc/../../include] ==> [/contrib/include]
  collapse include dir [/usr/include/x86_64-linux-gnu] ==> [/usr/include/x86_64-linux-gnu]
  collapse include dir [/usr/include] ==> [/usr/include]
  implicit include dirs: [/contrib/include/c++/7.4.0;/contrib/include/c++/7.4.0/x86_64-linux-gnu;/contrib/include/c++/7.4.0/backward;/contrib/lib/gcc/x86_64-linux-gnu/7.4.0/include;/contrib/lib/gcc/x86_64-linux-gnu/7.4.0/include-fixed;/usr/local/include;/contrib/include;/usr/include/x86_64-linux-gnu;/usr/include]


Parsed CXX implicit link information from above output:
  link line regex: [^( *|.*[/\])(ld|CMAKE_LINK_STARTFILE-NOTFOUND|([^/\]+-)?ld|collect2)[^/\]*( |$)]
  ignore line: [Change Dir: /home/project/phase3_ia_riscv32i/work/tmp/tti/CMakeFiles/CMakeTmp]
  ignore line: []
  ignore line: [Run Build Command(s):/contrib/bin/ninja cmTC_7c933 && [1/2] Building CXX object CMakeFiles/cmTC_7c933.dir/CMakeCXXCompilerABI.cpp.o]
  ignore line: [Using built-in specs.]
  ignore line: [COLLECT_GCC=/contrib/bin/g++]
  ignore line: [Target: x86_64-linux-gnu]
  ignore line: [Configured with: ../../extract/gcc-7.4.0.tar.gz/gcc-7.4.0/configure --prefix=/home/jenkins/workspace/mm/maintenance/Bootstrap_contrib/r/Deb10-test-1/codasip-studio/install/contrib --enable-languages=c c++ --enable-shared --enable-threads=posix --enable-checking=release --disable-libunwind-exceptions --enable-gnu-unique-object --enable-lto --disable-multilib --with-tune=generic --enable-bootstrap --build=x86_64-linux-gnu --host=x86_64-linux-gnu --target=x86_64-linux-gnu]
  ignore line: [Thread model: posix]
  ignore line: [gcc version 7.4.0 (GCC) ]
  ignore line: [COLLECT_GCC_OPTIONS='-include' '/home/project/phase3_ia_riscv32i/work/phase3_ia_riscv32i_options.hcodal' '-v' '-o' 'CMakeFiles/cmTC_7c933.dir/CMakeCXXCompilerABI.cpp.o' '-c' '-shared-libgcc' '-mtune=generic' '-march=x86-64']
  ignore line: [ /contrib/bin/../libexec/gcc/x86_64-linux-gnu/7.4.0/cc1plus -quiet -v -imultiarch x86_64-linux-gnu -iprefix /contrib/bin/../lib/gcc/x86_64-linux-gnu/7.4.0/ -D_GNU_SOURCE -include /home/project/phase3_ia_riscv32i/work/phase3_ia_riscv32i_options.hcodal /contrib/share/cmake-3.17/Modules/CMakeCXXCompilerABI.cpp -quiet -dumpbase CMakeCXXCompilerABI.cpp -mtune=generic -march=x86-64 -auxbase-strip CMakeFiles/cmTC_7c933.dir/CMakeCXXCompilerABI.cpp.o -version -o /tmp/ccKLcyHo.s]
  ignore line: [GNU C++14 (GCC) version 7.4.0 (x86_64-linux-gnu)]
  ignore line: [	compiled by GNU C version 7.4.0  GMP version 6.1.0  MPFR version 3.1.4  MPC version 1.0.3  isl version isl-0.16.1-GMP]
  ignore line: []
  ignore line: [GGC heuristics: --param ggc-min-expand=100 --param ggc-min-heapsize=131072]
  ignore line: [ignoring nonexistent directory "/contrib/bin/../lib/gcc/x86_64-linux-gnu/7.4.0/../../../../x86_64-linux-gnu/include"]
  ignore line: [ignoring duplicate directory "/contrib/bin/../lib/gcc/../../lib/gcc/x86_64-linux-gnu/7.4.0/../../../../include/c++/7.4.0"]
  ignore line: [ignoring duplicate directory "/contrib/bin/../lib/gcc/../../lib/gcc/x86_64-linux-gnu/7.4.0/../../../../include/c++/7.4.0/x86_64-linux-gnu"]
  ignore line: [ignoring duplicate directory "/contrib/bin/../lib/gcc/../../lib/gcc/x86_64-linux-gnu/7.4.0/../../../../include/c++/7.4.0/backward"]
  ignore line: [ignoring duplicate directory "/contrib/bin/../lib/gcc/../../lib/gcc/x86_64-linux-gnu/7.4.0/include"]
  ignore line: [ignoring nonexistent directory "/usr/local/include/x86_64-linux-gnu"]
  ignore line: [ignoring duplicate directory "/contrib/bin/../lib/gcc/../../lib/gcc/x86_64-linux-gnu/7.4.0/include-fixed"]
  ignore line: [ignoring nonexistent directory "/contrib/bin/../lib/gcc/../../lib/gcc/x86_64-linux-gnu/7.4.0/../../../../x86_64-linux-gnu/include"]
  ignore line: [#include "..." search starts here:]
  ignore line: [#include <...> search starts here:]
  ignore line: [ /contrib/bin/../lib/gcc/x86_64-linux-gnu/7.4.0/../../../../include/c++/7.4.0]
  ignore line: [ /contrib/bin/../lib/gcc/x86_64-linux-gnu/7.4.0/../../../../include/c++/7.4.0/x86_64-linux-gnu]
  ignore line: [ /contrib/bin/../lib/gcc/x86_64-linux-gnu/7.4.0/../../../../include/c++/7.4.0/backward]
  ignore line: [ /contrib/bin/../lib/gcc/x86_64-linux-gnu/7.4.0/include]
  ignore line: [ /contrib/bin/../lib/gcc/x86_64-linux-gnu/7.4.0/include-fixed]
  ignore line: [ /usr/local/include]
  ignore line: [ /contrib/bin/../lib/gcc/../../include]
  ignore line: [ /usr/include/x86_64-linux-gnu]
  ignore line: [ /usr/include]
  ignore line: [End of search list.]
  ignore line: [GNU C++14 (GCC) version 7.4.0 (x86_64-linux-gnu)]
  ignore line: [	compiled by GNU C version 7.4.0  GMP version 6.1.0  MPFR version 3.1.4  MPC version 1.0.3  isl version isl-0.16.1-GMP]
  ignore line: []
  ignore line: [GGC heuristics: --param ggc-min-expand=100 --param ggc-min-heapsize=131072]
  ignore line: [Compiler executable checksum: de05f298072810735c1bf4023281b961]
  ignore line: [COLLECT_GCC_OPTIONS='-include' '/home/project/phase3_ia_riscv32i/work/phase3_ia_riscv32i_options.hcodal' '-v' '-o' 'CMakeFiles/cmTC_7c933.dir/CMakeCXXCompilerABI.cpp.o' '-c' '-shared-libgcc' '-mtune=generic' '-march=x86-64']
  ignore line: [ /contrib/bin/../lib/gcc/x86_64-linux-gnu/7.4.0/../../../../x86_64-linux-gnu/bin/as -v --64 -o CMakeFiles/cmTC_7c933.dir/CMakeCXXCompilerABI.cpp.o /tmp/ccKLcyHo.s]
  ignore line: [GNU assembler version 2.30 (x86_64-linux-gnu) using BFD version (GNU Binutils) 2.30]
  ignore line: [COMPILER_PATH=/contrib/bin/../libexec/gcc/x86_64-linux-gnu/7.4.0/:/contrib/bin/../libexec/gcc/x86_64-linux-gnu/:/contrib/bin/../libexec/gcc/:/contrib/bin/../lib/gcc/x86_64-linux-gnu/7.4.0/../../../../x86_64-linux-gnu/bin/]
  ignore line: [LIBRARY_PATH=/contrib/bin/../lib/gcc/x86_64-linux-gnu/7.4.0/:/contrib/bin/../lib/gcc/x86_64-linux-gnu/:/contrib/bin/../lib/gcc/:/contrib/bin/../lib/gcc/x86_64-linux-gnu/7.4.0/../../../x86_64-linux-gnu/:/contrib/bin/../lib/gcc/x86_64-linux-gnu/7.4.0/../../../../lib64/:/lib/x86_64-linux-gnu/:/lib/../lib64/:/usr/lib/x86_64-linux-gnu/:/contrib/bin/../lib/gcc/x86_64-linux-gnu/7.4.0/../../../../x86_64-linux-gnu/lib/:/contrib/bin/../lib/gcc/x86_64-linux-gnu/7.4.0/../../../:/lib/:/usr/lib/]
  ignore line: [COLLECT_GCC_OPTIONS='-include' '/home/project/phase3_ia_riscv32i/work/phase3_ia_riscv32i_options.hcodal' '-v' '-o' 'CMakeFiles/cmTC_7c933.dir/CMakeCXXCompilerABI.cpp.o' '-c' '-shared-libgcc' '-mtune=generic' '-march=x86-64']
  ignore line: [[2/2] Linking CXX executable cmTC_7c933]
  ignore line: [Using built-in specs.]
  ignore line: [COLLECT_GCC=/contrib/bin/g++]
  ignore line: [COLLECT_LTO_WRAPPER=/contrib/bin/../libexec/gcc/x86_64-linux-gnu/7.4.0/lto-wrapper]
  ignore line: [Target: x86_64-linux-gnu]
  ignore line: [Configured with: ../../extract/gcc-7.4.0.tar.gz/gcc-7.4.0/configure --prefix=/home/jenkins/workspace/mm/maintenance/Bootstrap_contrib/r/Deb10-test-1/codasip-studio/install/contrib --enable-languages=c c++ --enable-shared --enable-threads=posix --enable-checking=release --disable-libunwind-exceptions --enable-gnu-unique-object --enable-lto --disable-multilib --with-tune=generic --enable-bootstrap --build=x86_64-linux-gnu --host=x86_64-linux-gnu --target=x86_64-linux-gnu]
  ignore line: [Thread model: posix]
  ignore line: [gcc version 7.4.0 (GCC) ]
  ignore line: [COMPILER_PATH=/contrib/bin/../libexec/gcc/x86_64-linux-gnu/7.4.0/:/contrib/bin/../libexec/gcc/x86_64-linux-gnu/:/contrib/bin/../libexec/gcc/:/contrib/bin/../lib/gcc/x86_64-linux-gnu/7.4.0/../../../../x86_64-linux-gnu/bin/]
  ignore line: [LIBRARY_PATH=/contrib/bin/../lib/gcc/x86_64-linux-gnu/7.4.0/:/contrib/bin/../lib/gcc/x86_64-linux-gnu/:/contrib/bin/../lib/gcc/:/contrib/bin/../lib/gcc/x86_64-linux-gnu/7.4.0/../../../x86_64-linux-gnu/:/contrib/bin/../lib/gcc/x86_64-linux-gnu/7.4.0/../../../../lib64/:/lib/x86_64-linux-gnu/:/lib/../lib64/:/usr/lib/x86_64-linux-gnu/:/contrib/bin/../lib/gcc/x86_64-linux-gnu/7.4.0/../../../../x86_64-linux-gnu/lib/:/contrib/bin/../lib/gcc/x86_64-linux-gnu/7.4.0/../../../:/lib/:/usr/lib/]
  ignore line: [COLLECT_GCC_OPTIONS='-include' '/home/project/phase3_ia_riscv32i/work/phase3_ia_riscv32i_options.hcodal' '-v' '-o' 'cmTC_7c933' '-shared-libgcc' '-mtune=generic' '-march=x86-64']
  link line: [ /contrib/bin/../libexec/gcc/x86_64-linux-gnu/7.4.0/collect2 -plugin /contrib/bin/../libexec/gcc/x86_64-linux-gnu/7.4.0/liblto_plugin.so -plugin-opt=/contrib/bin/../libexec/gcc/x86_64-linux-gnu/7.4.0/lto-wrapper -plugin-opt=-fresolution=/tmp/cc1J5CXf.res -plugin-opt=-pass-through=-lgcc_s -plugin-opt=-pass-through=-lgcc -plugin-opt=-pass-through=-lc -plugin-opt=-pass-through=-lgcc_s -plugin-opt=-pass-through=-lgcc --eh-frame-hdr -m elf_x86_64 -dynamic-linker /lib64/ld-linux-x86-64.so.2 -o cmTC_7c933 /usr/lib/x86_64-linux-gnu/crt1.o /usr/lib/x86_64-linux-gnu/crti.o /contrib/bin/../lib/gcc/x86_64-linux-gnu/7.4.0/crtbegin.o -L/contrib/bin/../lib/gcc/x86_64-linux-gnu/7.4.0 -L/contrib/bin/../lib/gcc/x86_64-linux-gnu -L/contrib/bin/../lib/gcc -L/contrib/bin/../lib/gcc/x86_64-linux-gnu/7.4.0/../../../x86_64-linux-gnu -L/contrib/bin/../lib/gcc/x86_64-linux-gnu/7.4.0/../../../../lib64 -L/lib/x86_64-linux-gnu -L/lib/../lib64 -L/usr/lib/x86_64-linux-gnu -L/contrib/bin/../lib/gcc/x86_64-linux-gnu/7.4.0/../../../../x86_64-linux-gnu/lib -L/contrib/bin/../lib/gcc/x86_64-linux-gnu/7.4.0/../../.. CMakeFiles/cmTC_7c933.dir/CMakeCXXCompilerABI.cpp.o -lstdc++ -lm -lgcc_s -lgcc -lc -lgcc_s -lgcc /contrib/bin/../lib/gcc/x86_64-linux-gnu/7.4.0/crtend.o /usr/lib/x86_64-linux-gnu/crtn.o]
    arg [/contrib/bin/../libexec/gcc/x86_64-linux-gnu/7.4.0/collect2] ==> ignore
    arg [-plugin] ==> ignore
    arg [/contrib/bin/../libexec/gcc/x86_64-linux-gnu/7.4.0/liblto_plugin.so] ==> ignore
    arg [-plugin-opt=/contrib/bin/../libexec/gcc/x86_64-linux-gnu/7.4.0/lto-wrapper] ==> ignore
    arg [-plugin-opt=-fresolution=/tmp/cc1J5CXf.res] ==> ignore
    arg [-plugin-opt=-pass-through=-lgcc_s] ==> ignore
    arg [-plugin-opt=-pass-through=-lgcc] ==> ignore
    arg [-plugin-opt=-pass-through=-lc] ==> ignore
    arg [-plugin-opt=-pass-through=-lgcc_s] ==> ignore
    arg [-plugin-opt=-pass-through=-lgcc] ==> ignore
    arg [--eh-frame-hdr] ==> ignore
    arg [-m] ==> ignore
    arg [elf_x86_64] ==> ignore
    arg [-dynamic-linker] ==> ignore
    arg [/lib64/ld-linux-x86-64.so.2] ==> ignore
    arg [-o] ==> ignore
    arg [cmTC_7c933] ==> ignore
    arg [/usr/lib/x86_64-linux-gnu/crt1.o] ==> ignore
    arg [/usr/lib/x86_64-linux-gnu/crti.o] ==> ignore
    arg [/contrib/bin/../lib/gcc/x86_64-linux-gnu/7.4.0/crtbegin.o] ==> ignore
    arg [-L/contrib/bin/../lib/gcc/x86_64-linux-gnu/7.4.0] ==> dir [/contrib/bin/../lib/gcc/x86_64-linux-gnu/7.4.0]
    arg [-L/contrib/bin/../lib/gcc/x86_64-linux-gnu] ==> dir [/contrib/bin/../lib/gcc/x86_64-linux-gnu]
    arg [-L/contrib/bin/../lib/gcc] ==> dir [/contrib/bin/../lib/gcc]
    arg [-L/contrib/bin/../lib/gcc/x86_64-linux-gnu/7.4.0/../../../x86_64-linux-gnu] ==> dir [/contrib/bin/../lib/gcc/x86_64-linux-gnu/7.4.0/../../../x86_64-linux-gnu]
    arg [-L/contrib/bin/../lib/gcc/x86_64-linux-gnu/7.4.0/../../../../lib64] ==> dir [/contrib/bin/../lib/gcc/x86_64-linux-gnu/7.4.0/../../../../lib64]
    arg [-L/lib/x86_64-linux-gnu] ==> dir [/lib/x86_64-linux-gnu]
    arg [-L/lib/../lib64] ==> dir [/lib/../lib64]
    arg [-L/usr/lib/x86_64-linux-gnu] ==> dir [/usr/lib/x86_64-linux-gnu]
    arg [-L/contrib/bin/../lib/gcc/x86_64-linux-gnu/7.4.0/../../../../x86_64-linux-gnu/lib] ==> dir [/contrib/bin/../lib/gcc/x86_64-linux-gnu/7.4.0/../../../../x86_64-linux-gnu/lib]
    arg [-L/contrib/bin/../lib/gcc/x86_64-linux-gnu/7.4.0/../../..] ==> dir [/contrib/bin/../lib/gcc/x86_64-linux-gnu/7.4.0/../../..]
    arg [CMakeFiles/cmTC_7c933.dir/CMakeCXXCompilerABI.cpp.o] ==> ignore
    arg [-lstdc++] ==> lib [stdc++]
    arg [-lm] ==> lib [m]
    arg [-lgcc_s] ==> lib [gcc_s]
    arg [-lgcc] ==> lib [gcc]
    arg [-lc] ==> lib [c]
    arg [-lgcc_s] ==> lib [gcc_s]
    arg [-lgcc] ==> lib [gcc]
    arg [/contrib/bin/../lib/gcc/x86_64-linux-gnu/7.4.0/crtend.o] ==> ignore
    arg [/usr/lib/x86_64-linux-gnu/crtn.o] ==> ignore
  collapse library dir [/contrib/bin/../lib/gcc/x86_64-linux-gnu/7.4.0] ==> [/contrib/lib/gcc/x86_64-linux-gnu/7.4.0]
  collapse library dir [/contrib/bin/../lib/gcc/x86_64-linux-gnu] ==> [/contrib/lib/gcc/x86_64-linux-gnu]
  collapse library dir [/contrib/bin/../lib/gcc] ==> [/contrib/lib/gcc]
  collapse library dir [/contrib/bin/../lib/gcc/x86_64-linux-gnu/7.4.0/../../../x86_64-linux-gnu] ==> [/contrib/lib/x86_64-linux-gnu]
  collapse library dir [/contrib/bin/../lib/gcc/x86_64-linux-gnu/7.4.0/../../../../lib64] ==> [/contrib/lib64]
  collapse library dir [/lib/x86_64-linux-gnu] ==> [/lib/x86_64-linux-gnu]
  collapse library dir [/lib/../lib64] ==> [/lib64]
  collapse library dir [/usr/lib/x86_64-linux-gnu] ==> [/usr/lib/x86_64-linux-gnu]
  collapse library dir [/contrib/bin/../lib/gcc/x86_64-linux-gnu/7.4.0/../../../../x86_64-linux-gnu/lib] ==> [/contrib/x86_64-linux-gnu/lib]
  collapse library dir [/contrib/bin/../lib/gcc/x86_64-linux-gnu/7.4.0/../../..] ==> [/contrib/lib]
  implicit libs: [stdc++;m;gcc_s;gcc;c;gcc_s;gcc]
  implicit dirs: [/contrib/lib/gcc/x86_64-linux-gnu/7.4.0;/contrib/lib/gcc/x86_64-linux-gnu;/contrib/lib/gcc;/contrib/lib/x86_64-linux-gnu;/contrib/lib64;/lib/x86_64-linux-gnu;/lib64;/usr/lib/x86_64-linux-gnu;/contrib/x86_64-linux-gnu/lib;/contrib/lib]
  implicit fwks: []


