Compiling the C compiler identification source file "CMakeCCompilerId.c" failed.
Compiler: /home/project/cu_riscv32i_cycle_accurate/work/ia/sdk/bin/cu_riscv32i_cycle_accurate-ia-clang 
Build flags: 
Id flags:  

The output was:
1
cu_riscv32i_cycle_accurate-ia-lld: error: unable to find library -lc
cu_riscv32i_cycle_accurate-ia-lld: error: unable to find library -lcomp
cu_riscv32i_cycle_accurate-ia-clang: error: linker command failed with exit code 1 (use -v to see invocation)


Checking whether the ASM compiler is GNU using "--version" did not match "(GNU assembler)|(GCC)|(Free Software Foundation)":
LLVM (http://llvm.org/):
  LLVM version 9.0.1
  Optimized build with assertions.
  Default target: x86_64-unknown-linux-gnu
  Host CPU: skylake-avx512

  Registered Targets:
    codasip   - Target generated for cu_riscv32i_cycle_accurate.ia.
      Codasip Studio version: 9.1.1-1255
      Licensee: Lockular Limited  (C60_2200_2176)
      Project: cu_riscv32i_cycle_accurate.ia
      Date: 2022-11-15 06:09:20
      Copyright (C) 2022 Codasip s.r.o.
    extractor - Target created for semantics extraction.
clang version 9.0.1 (ssh://git@gitlab.codasip.com/codasip-studio/llvm-project.git d5357f0eec354bae21f33cf62e5504ff6d1cc93d)
Target: codasip-cu_riscv32i_cycle_accurate_ia
Thread model: posix
InstalledDir: /home/project/cu_riscv32i_cycle_accurate/work/ia/sdk/bin
