The system is: Linux - 5.4.209-116.367.amzn2.x86_64 - x86_64
Compiling the C compiler identification source file "CMakeCCompilerId.c" succeeded.
Compiler: /contrib/bin/gcc 
Build flags: 
Id flags:  

The output was:
0


Compilation of the C compiler identification source "CMakeCCompilerId.c" produced "a.out"

The C compiler identification is GNU, found in "/home/project/cu_riscv32i_cycle_accurate/work/ia/llvm/build/CMakeFiles/3.17.3/CompilerIdC/a.out"

Compiling the CXX compiler identification source file "CMakeCXXCompilerId.cpp" succeeded.
Compiler: /contrib/bin/g++ 
Build flags: 
Id flags:  

The output was:
0


Compilation of the CXX compiler identification source "CMakeCXXCompilerId.cpp" produced "a.out"

The CXX compiler identification is GNU, found in "/home/project/cu_riscv32i_cycle_accurate/work/ia/llvm/build/CMakeFiles/3.17.3/CompilerIdCXX/a.out"

Checking whether the ASM compiler is GNU using "--version" matched "(GNU assembler)|(GCC)|(Free Software Foundation)":
gcc (GCC) 7.4.0
Copyright (C) 2017 Free Software Foundation, Inc.
This is free software; see the source for copying conditions.  There is NO
warranty; not even for MERCHANTABILITY or FITNESS FOR A PARTICULAR PURPOSE.

Determining if the C compiler works passed with the following output:
Change Dir: /home/project/cu_riscv32i_cycle_accurate/work/ia/llvm/build/CMakeFiles/CMakeTmp

Run Build Command(s):/contrib/bin/ninja cmTC_f2fcd && [1/2] Building C object CMakeFiles/cmTC_f2fcd.dir/testCCompiler.c.o
[2/2] Linking C executable cmTC_f2fcd



Detecting C compiler ABI info compiled with the following output:
Change Dir: /home/project/cu_riscv32i_cycle_accurate/work/ia/llvm/build/CMakeFiles/CMakeTmp

Run Build Command(s):/contrib/bin/ninja cmTC_7b26a && [1/2] Building C object CMakeFiles/cmTC_7b26a.dir/CMakeCCompilerABI.c.o
Using built-in specs.
COLLECT_GCC=/contrib/bin/gcc
Target: x86_64-linux-gnu
Configured with: ../../extract/gcc-7.4.0.tar.gz/gcc-7.4.0/configure --prefix=/home/jenkins/workspace/mm/maintenance/Bootstrap_contrib/r/Deb10-test-1/codasip-studio/install/contrib --enable-languages=c,c++ --enable-shared --enable-threads=posix --enable-checking=release --disable-libunwind-exceptions --enable-gnu-unique-object --enable-lto --disable-multilib --with-tune=generic --enable-bootstrap --build=x86_64-linux-gnu --host=x86_64-linux-gnu --target=x86_64-linux-gnu
Thread model: posix
gcc version 7.4.0 (GCC) 
COLLECT_GCC_OPTIONS='-v' '-o' 'CMakeFiles/cmTC_7b26a.dir/CMakeCCompilerABI.c.o' '-c' '-mtune=generic' '-march=x86-64'
 /contrib/bin/../libexec/gcc/x86_64-linux-gnu/7.4.0/cc1 -quiet -v -imultiarch x86_64-linux-gnu -iprefix /contrib/bin/../lib/gcc/x86_64-linux-gnu/7.4.0/ /contrib/share/cmake-3.17/Modules/CMakeCCompilerABI.c -quiet -dumpbase CMakeCCompilerABI.c -mtune=generic -march=x86-64 -auxbase-strip CMakeFiles/cmTC_7b26a.dir/CMakeCCompilerABI.c.o -version -o /tmp/ccLL1Eo6.s
GNU C11 (GCC) version 7.4.0 (x86_64-linux-gnu)
	compiled by GNU C version 7.4.0, GMP version 6.1.0, MPFR version 3.1.4, MPC version 1.0.3, isl version isl-0.16.1-GMP

GGC heuristics: --param ggc-min-expand=100 --param ggc-min-heapsize=131072
ignoring nonexistent directory "/contrib/bin/../lib/gcc/x86_64-linux-gnu/7.4.0/../../../../x86_64-linux-gnu/include"
ignoring duplicate directory "/contrib/bin/../lib/gcc/../../lib/gcc/x86_64-linux-gnu/7.4.0/include"
ignoring nonexistent directory "/usr/local/include/x86_64-linux-gnu"
ignoring duplicate directory "/contrib/bin/../lib/gcc/../../lib/gcc/x86_64-linux-gnu/7.4.0/include-fixed"
ignoring nonexistent directory "/contrib/bin/../lib/gcc/../../lib/gcc/x86_64-linux-gnu/7.4.0/../../../../x86_64-linux-gnu/include"
#include "..." search starts here:
#include <...> search starts here:
 /contrib/bin/../lib/gcc/x86_64-linux-gnu/7.4.0/include
 /contrib/bin/../lib/gcc/x86_64-linux-gnu/7.4.0/include-fixed
 /usr/local/include
 /contrib/bin/../lib/gcc/../../include
 /usr/include/x86_64-linux-gnu
 /usr/include
End of search list.
GNU C11 (GCC) version 7.4.0 (x86_64-linux-gnu)
	compiled by GNU C version 7.4.0, GMP version 6.1.0, MPFR version 3.1.4, MPC version 1.0.3, isl version isl-0.16.1-GMP

GGC heuristics: --param ggc-min-expand=100 --param ggc-min-heapsize=131072
Compiler executable checksum: 560f3e63b9c72c16a0752cab23ee3b8f
COLLECT_GCC_OPTIONS='-v' '-o' 'CMakeFiles/cmTC_7b26a.dir/CMakeCCompilerABI.c.o' '-c' '-mtune=generic' '-march=x86-64'
 /contrib/bin/../lib/gcc/x86_64-linux-gnu/7.4.0/../../../../x86_64-linux-gnu/bin/as -v --64 -o CMakeFiles/cmTC_7b26a.dir/CMakeCCompilerABI.c.o /tmp/ccLL1Eo6.s
GNU assembler version 2.30 (x86_64-linux-gnu) using BFD version (GNU Binutils) 2.30
COMPILER_PATH=/contrib/bin/../libexec/gcc/x86_64-linux-gnu/7.4.0/:/contrib/bin/../libexec/gcc/x86_64-linux-gnu/:/contrib/bin/../libexec/gcc/:/contrib/bin/../lib/gcc/x86_64-linux-gnu/7.4.0/../../../../x86_64-linux-gnu/bin/
LIBRARY_PATH=/contrib/bin/../lib/gcc/x86_64-linux-gnu/7.4.0/:/contrib/bin/../lib/gcc/x86_64-linux-gnu/:/contrib/bin/../lib/gcc/:/contrib/bin/../lib/gcc/x86_64-linux-gnu/7.4.0/../../../x86_64-linux-gnu/:/contrib/bin/../lib/gcc/x86_64-linux-gnu/7.4.0/../../../../lib64/:/lib/x86_64-linux-gnu/:/lib/../lib64/:/usr/lib/x86_64-linux-gnu/:/contrib/bin/../lib/gcc/x86_64-linux-gnu/7.4.0/../../../../x86_64-linux-gnu/lib/:/contrib/bin/../lib/gcc/x86_64-linux-gnu/7.4.0/../../../:/lib/:/usr/lib/
COLLECT_GCC_OPTIONS='-v' '-o' 'CMakeFiles/cmTC_7b26a.dir/CMakeCCompilerABI.c.o' '-c' '-mtune=generic' '-march=x86-64'
[2/2] Linking C executable cmTC_7b26a
Using built-in specs.
COLLECT_GCC=/contrib/bin/gcc
COLLECT_LTO_WRAPPER=/contrib/bin/../libexec/gcc/x86_64-linux-gnu/7.4.0/lto-wrapper
Target: x86_64-linux-gnu
Configured with: ../../extract/gcc-7.4.0.tar.gz/gcc-7.4.0/configure --prefix=/home/jenkins/workspace/mm/maintenance/Bootstrap_contrib/r/Deb10-test-1/codasip-studio/install/contrib --enable-languages=c,c++ --enable-shared --enable-threads=posix --enable-checking=release --disable-libunwind-exceptions --enable-gnu-unique-object --enable-lto --disable-multilib --with-tune=generic --enable-bootstrap --build=x86_64-linux-gnu --host=x86_64-linux-gnu --target=x86_64-linux-gnu
Thread model: posix
gcc version 7.4.0 (GCC) 
COMPILER_PATH=/contrib/bin/../libexec/gcc/x86_64-linux-gnu/7.4.0/:/contrib/bin/../libexec/gcc/x86_64-linux-gnu/:/contrib/bin/../libexec/gcc/:/contrib/bin/../lib/gcc/x86_64-linux-gnu/7.4.0/../../../../x86_64-linux-gnu/bin/
LIBRARY_PATH=/contrib/bin/../lib/gcc/x86_64-linux-gnu/7.4.0/:/contrib/bin/../lib/gcc/x86_64-linux-gnu/:/contrib/bin/../lib/gcc/:/contrib/bin/../lib/gcc/x86_64-linux-gnu/7.4.0/../../../x86_64-linux-gnu/:/contrib/bin/../lib/gcc/x86_64-linux-gnu/7.4.0/../../../../lib64/:/lib/x86_64-linux-gnu/:/lib/../lib64/:/usr/lib/x86_64-linux-gnu/:/contrib/bin/../lib/gcc/x86_64-linux-gnu/7.4.0/../../../../x86_64-linux-gnu/lib/:/contrib/bin/../lib/gcc/x86_64-linux-gnu/7.4.0/../../../:/lib/:/usr/lib/
COLLECT_GCC_OPTIONS='-static-libgcc' '-static-libstdc++' '-v' '-o' 'cmTC_7b26a' '-mtune=generic' '-march=x86-64'
 /contrib/bin/../libexec/gcc/x86_64-linux-gnu/7.4.0/collect2 -plugin /contrib/bin/../libexec/gcc/x86_64-linux-gnu/7.4.0/liblto_plugin.so -plugin-opt=/contrib/bin/../libexec/gcc/x86_64-linux-gnu/7.4.0/lto-wrapper -plugin-opt=-fresolution=/tmp/ccNkSmH8.res -plugin-opt=-pass-through=-lgcc -plugin-opt=-pass-through=-lgcc_eh -plugin-opt=-pass-through=-lc -plugin-opt=-pass-through=-lgcc -plugin-opt=-pass-through=-lgcc_eh --eh-frame-hdr -m elf_x86_64 -dynamic-linker /lib64/ld-linux-x86-64.so.2 -o cmTC_7b26a /usr/lib/x86_64-linux-gnu/crt1.o /usr/lib/x86_64-linux-gnu/crti.o /contrib/bin/../lib/gcc/x86_64-linux-gnu/7.4.0/crtbegin.o -L/contrib/bin/../lib/gcc/x86_64-linux-gnu/7.4.0 -L/contrib/bin/../lib/gcc/x86_64-linux-gnu -L/contrib/bin/../lib/gcc -L/contrib/bin/../lib/gcc/x86_64-linux-gnu/7.4.0/../../../x86_64-linux-gnu -L/contrib/bin/../lib/gcc/x86_64-linux-gnu/7.4.0/../../../../lib64 -L/lib/x86_64-linux-gnu -L/lib/../lib64 -L/usr/lib/x86_64-linux-gnu -L/contrib/bin/../lib/gcc/x86_64-linux-gnu/7.4.0/../../../../x86_64-linux-gnu/lib -L/contrib/bin/../lib/gcc/x86_64-linux-gnu/7.4.0/../../.. CMakeFiles/cmTC_7b26a.dir/CMakeCCompilerABI.c.o -lgcc -lgcc_eh -lc -lgcc -lgcc_eh /contrib/bin/../lib/gcc/x86_64-linux-gnu/7.4.0/crtend.o /usr/lib/x86_64-linux-gnu/crtn.o
COLLECT_GCC_OPTIONS='-static-libgcc' '-static-libstdc++' '-v' '-o' 'cmTC_7b26a' '-mtune=generic' '-march=x86-64'



Parsed C implicit include dir info from above output: rv=done
  found start of include info
  found start of implicit include info
    add: [/contrib/bin/../lib/gcc/x86_64-linux-gnu/7.4.0/include]
    add: [/contrib/bin/../lib/gcc/x86_64-linux-gnu/7.4.0/include-fixed]
    add: [/usr/local/include]
    add: [/contrib/bin/../lib/gcc/../../include]
    add: [/usr/include/x86_64-linux-gnu]
    add: [/usr/include]
  end of search list found
  collapse include dir [/contrib/bin/../lib/gcc/x86_64-linux-gnu/7.4.0/include] ==> [/contrib/lib/gcc/x86_64-linux-gnu/7.4.0/include]
  collapse include dir [/contrib/bin/../lib/gcc/x86_64-linux-gnu/7.4.0/include-fixed] ==> [/contrib/lib/gcc/x86_64-linux-gnu/7.4.0/include-fixed]
  collapse include dir [/usr/local/include] ==> [/usr/local/include]
  collapse include dir [/contrib/bin/../lib/gcc/../../include] ==> [/contrib/include]
  collapse include dir [/usr/include/x86_64-linux-gnu] ==> [/usr/include/x86_64-linux-gnu]
  collapse include dir [/usr/include] ==> [/usr/include]
  implicit include dirs: [/contrib/lib/gcc/x86_64-linux-gnu/7.4.0/include;/contrib/lib/gcc/x86_64-linux-gnu/7.4.0/include-fixed;/usr/local/include;/contrib/include;/usr/include/x86_64-linux-gnu;/usr/include]


Parsed C implicit link information from above output:
  link line regex: [^( *|.*[/\])(ld|CMAKE_LINK_STARTFILE-NOTFOUND|([^/\]+-)?ld|collect2)[^/\]*( |$)]
  ignore line: [Change Dir: /home/project/cu_riscv32i_cycle_accurate/work/ia/llvm/build/CMakeFiles/CMakeTmp]
  ignore line: []
  ignore line: [Run Build Command(s):/contrib/bin/ninja cmTC_7b26a && [1/2] Building C object CMakeFiles/cmTC_7b26a.dir/CMakeCCompilerABI.c.o]
  ignore line: [Using built-in specs.]
  ignore line: [COLLECT_GCC=/contrib/bin/gcc]
  ignore line: [Target: x86_64-linux-gnu]
  ignore line: [Configured with: ../../extract/gcc-7.4.0.tar.gz/gcc-7.4.0/configure --prefix=/home/jenkins/workspace/mm/maintenance/Bootstrap_contrib/r/Deb10-test-1/codasip-studio/install/contrib --enable-languages=c c++ --enable-shared --enable-threads=posix --enable-checking=release --disable-libunwind-exceptions --enable-gnu-unique-object --enable-lto --disable-multilib --with-tune=generic --enable-bootstrap --build=x86_64-linux-gnu --host=x86_64-linux-gnu --target=x86_64-linux-gnu]
  ignore line: [Thread model: posix]
  ignore line: [gcc version 7.4.0 (GCC) ]
  ignore line: [COLLECT_GCC_OPTIONS='-v' '-o' 'CMakeFiles/cmTC_7b26a.dir/CMakeCCompilerABI.c.o' '-c' '-mtune=generic' '-march=x86-64']
  ignore line: [ /contrib/bin/../libexec/gcc/x86_64-linux-gnu/7.4.0/cc1 -quiet -v -imultiarch x86_64-linux-gnu -iprefix /contrib/bin/../lib/gcc/x86_64-linux-gnu/7.4.0/ /contrib/share/cmake-3.17/Modules/CMakeCCompilerABI.c -quiet -dumpbase CMakeCCompilerABI.c -mtune=generic -march=x86-64 -auxbase-strip CMakeFiles/cmTC_7b26a.dir/CMakeCCompilerABI.c.o -version -o /tmp/ccLL1Eo6.s]
  ignore line: [GNU C11 (GCC) version 7.4.0 (x86_64-linux-gnu)]
  ignore line: [	compiled by GNU C version 7.4.0  GMP version 6.1.0  MPFR version 3.1.4  MPC version 1.0.3  isl version isl-0.16.1-GMP]
  ignore line: []
  ignore line: [GGC heuristics: --param ggc-min-expand=100 --param ggc-min-heapsize=131072]
  ignore line: [ignoring nonexistent directory "/contrib/bin/../lib/gcc/x86_64-linux-gnu/7.4.0/../../../../x86_64-linux-gnu/include"]
  ignore line: [ignoring duplicate directory "/contrib/bin/../lib/gcc/../../lib/gcc/x86_64-linux-gnu/7.4.0/include"]
  ignore line: [ignoring nonexistent directory "/usr/local/include/x86_64-linux-gnu"]
  ignore line: [ignoring duplicate directory "/contrib/bin/../lib/gcc/../../lib/gcc/x86_64-linux-gnu/7.4.0/include-fixed"]
  ignore line: [ignoring nonexistent directory "/contrib/bin/../lib/gcc/../../lib/gcc/x86_64-linux-gnu/7.4.0/../../../../x86_64-linux-gnu/include"]
  ignore line: [#include "..." search starts here:]
  ignore line: [#include <...> search starts here:]
  ignore line: [ /contrib/bin/../lib/gcc/x86_64-linux-gnu/7.4.0/include]
  ignore line: [ /contrib/bin/../lib/gcc/x86_64-linux-gnu/7.4.0/include-fixed]
  ignore line: [ /usr/local/include]
  ignore line: [ /contrib/bin/../lib/gcc/../../include]
  ignore line: [ /usr/include/x86_64-linux-gnu]
  ignore line: [ /usr/include]
  ignore line: [End of search list.]
  ignore line: [GNU C11 (GCC) version 7.4.0 (x86_64-linux-gnu)]
  ignore line: [	compiled by GNU C version 7.4.0  GMP version 6.1.0  MPFR version 3.1.4  MPC version 1.0.3  isl version isl-0.16.1-GMP]
  ignore line: []
  ignore line: [GGC heuristics: --param ggc-min-expand=100 --param ggc-min-heapsize=131072]
  ignore line: [Compiler executable checksum: 560f3e63b9c72c16a0752cab23ee3b8f]
  ignore line: [COLLECT_GCC_OPTIONS='-v' '-o' 'CMakeFiles/cmTC_7b26a.dir/CMakeCCompilerABI.c.o' '-c' '-mtune=generic' '-march=x86-64']
  ignore line: [ /contrib/bin/../lib/gcc/x86_64-linux-gnu/7.4.0/../../../../x86_64-linux-gnu/bin/as -v --64 -o CMakeFiles/cmTC_7b26a.dir/CMakeCCompilerABI.c.o /tmp/ccLL1Eo6.s]
  ignore line: [GNU assembler version 2.30 (x86_64-linux-gnu) using BFD version (GNU Binutils) 2.30]
  ignore line: [COMPILER_PATH=/contrib/bin/../libexec/gcc/x86_64-linux-gnu/7.4.0/:/contrib/bin/../libexec/gcc/x86_64-linux-gnu/:/contrib/bin/../libexec/gcc/:/contrib/bin/../lib/gcc/x86_64-linux-gnu/7.4.0/../../../../x86_64-linux-gnu/bin/]
  ignore line: [LIBRARY_PATH=/contrib/bin/../lib/gcc/x86_64-linux-gnu/7.4.0/:/contrib/bin/../lib/gcc/x86_64-linux-gnu/:/contrib/bin/../lib/gcc/:/contrib/bin/../lib/gcc/x86_64-linux-gnu/7.4.0/../../../x86_64-linux-gnu/:/contrib/bin/../lib/gcc/x86_64-linux-gnu/7.4.0/../../../../lib64/:/lib/x86_64-linux-gnu/:/lib/../lib64/:/usr/lib/x86_64-linux-gnu/:/contrib/bin/../lib/gcc/x86_64-linux-gnu/7.4.0/../../../../x86_64-linux-gnu/lib/:/contrib/bin/../lib/gcc/x86_64-linux-gnu/7.4.0/../../../:/lib/:/usr/lib/]
  ignore line: [COLLECT_GCC_OPTIONS='-v' '-o' 'CMakeFiles/cmTC_7b26a.dir/CMakeCCompilerABI.c.o' '-c' '-mtune=generic' '-march=x86-64']
  ignore line: [[2/2] Linking C executable cmTC_7b26a]
  ignore line: [Using built-in specs.]
  ignore line: [COLLECT_GCC=/contrib/bin/gcc]
  ignore line: [COLLECT_LTO_WRAPPER=/contrib/bin/../libexec/gcc/x86_64-linux-gnu/7.4.0/lto-wrapper]
  ignore line: [Target: x86_64-linux-gnu]
  ignore line: [Configured with: ../../extract/gcc-7.4.0.tar.gz/gcc-7.4.0/configure --prefix=/home/jenkins/workspace/mm/maintenance/Bootstrap_contrib/r/Deb10-test-1/codasip-studio/install/contrib --enable-languages=c c++ --enable-shared --enable-threads=posix --enable-checking=release --disable-libunwind-exceptions --enable-gnu-unique-object --enable-lto --disable-multilib --with-tune=generic --enable-bootstrap --build=x86_64-linux-gnu --host=x86_64-linux-gnu --target=x86_64-linux-gnu]
  ignore line: [Thread model: posix]
  ignore line: [gcc version 7.4.0 (GCC) ]
  ignore line: [COMPILER_PATH=/contrib/bin/../libexec/gcc/x86_64-linux-gnu/7.4.0/:/contrib/bin/../libexec/gcc/x86_64-linux-gnu/:/contrib/bin/../libexec/gcc/:/contrib/bin/../lib/gcc/x86_64-linux-gnu/7.4.0/../../../../x86_64-linux-gnu/bin/]
  ignore line: [LIBRARY_PATH=/contrib/bin/../lib/gcc/x86_64-linux-gnu/7.4.0/:/contrib/bin/../lib/gcc/x86_64-linux-gnu/:/contrib/bin/../lib/gcc/:/contrib/bin/../lib/gcc/x86_64-linux-gnu/7.4.0/../../../x86_64-linux-gnu/:/contrib/bin/../lib/gcc/x86_64-linux-gnu/7.4.0/../../../../lib64/:/lib/x86_64-linux-gnu/:/lib/../lib64/:/usr/lib/x86_64-linux-gnu/:/contrib/bin/../lib/gcc/x86_64-linux-gnu/7.4.0/../../../../x86_64-linux-gnu/lib/:/contrib/bin/../lib/gcc/x86_64-linux-gnu/7.4.0/../../../:/lib/:/usr/lib/]
  ignore line: [COLLECT_GCC_OPTIONS='-static-libgcc' '-static-libstdc++' '-v' '-o' 'cmTC_7b26a' '-mtune=generic' '-march=x86-64']
  link line: [ /contrib/bin/../libexec/gcc/x86_64-linux-gnu/7.4.0/collect2 -plugin /contrib/bin/../libexec/gcc/x86_64-linux-gnu/7.4.0/liblto_plugin.so -plugin-opt=/contrib/bin/../libexec/gcc/x86_64-linux-gnu/7.4.0/lto-wrapper -plugin-opt=-fresolution=/tmp/ccNkSmH8.res -plugin-opt=-pass-through=-lgcc -plugin-opt=-pass-through=-lgcc_eh -plugin-opt=-pass-through=-lc -plugin-opt=-pass-through=-lgcc -plugin-opt=-pass-through=-lgcc_eh --eh-frame-hdr -m elf_x86_64 -dynamic-linker /lib64/ld-linux-x86-64.so.2 -o cmTC_7b26a /usr/lib/x86_64-linux-gnu/crt1.o /usr/lib/x86_64-linux-gnu/crti.o /contrib/bin/../lib/gcc/x86_64-linux-gnu/7.4.0/crtbegin.o -L/contrib/bin/../lib/gcc/x86_64-linux-gnu/7.4.0 -L/contrib/bin/../lib/gcc/x86_64-linux-gnu -L/contrib/bin/../lib/gcc -L/contrib/bin/../lib/gcc/x86_64-linux-gnu/7.4.0/../../../x86_64-linux-gnu -L/contrib/bin/../lib/gcc/x86_64-linux-gnu/7.4.0/../../../../lib64 -L/lib/x86_64-linux-gnu -L/lib/../lib64 -L/usr/lib/x86_64-linux-gnu -L/contrib/bin/../lib/gcc/x86_64-linux-gnu/7.4.0/../../../../x86_64-linux-gnu/lib -L/contrib/bin/../lib/gcc/x86_64-linux-gnu/7.4.0/../../.. CMakeFiles/cmTC_7b26a.dir/CMakeCCompilerABI.c.o -lgcc -lgcc_eh -lc -lgcc -lgcc_eh /contrib/bin/../lib/gcc/x86_64-linux-gnu/7.4.0/crtend.o /usr/lib/x86_64-linux-gnu/crtn.o]
    arg [/contrib/bin/../libexec/gcc/x86_64-linux-gnu/7.4.0/collect2] ==> ignore
    arg [-plugin] ==> ignore
    arg [/contrib/bin/../libexec/gcc/x86_64-linux-gnu/7.4.0/liblto_plugin.so] ==> ignore
    arg [-plugin-opt=/contrib/bin/../libexec/gcc/x86_64-linux-gnu/7.4.0/lto-wrapper] ==> ignore
    arg [-plugin-opt=-fresolution=/tmp/ccNkSmH8.res] ==> ignore
    arg [-plugin-opt=-pass-through=-lgcc] ==> ignore
    arg [-plugin-opt=-pass-through=-lgcc_eh] ==> ignore
    arg [-plugin-opt=-pass-through=-lc] ==> ignore
    arg [-plugin-opt=-pass-through=-lgcc] ==> ignore
    arg [-plugin-opt=-pass-through=-lgcc_eh] ==> ignore
    arg [--eh-frame-hdr] ==> ignore
    arg [-m] ==> ignore
    arg [elf_x86_64] ==> ignore
    arg [-dynamic-linker] ==> ignore
    arg [/lib64/ld-linux-x86-64.so.2] ==> ignore
    arg [-o] ==> ignore
    arg [cmTC_7b26a] ==> ignore
    arg [/usr/lib/x86_64-linux-gnu/crt1.o] ==> ignore
    arg [/usr/lib/x86_64-linux-gnu/crti.o] ==> ignore
    arg [/contrib/bin/../lib/gcc/x86_64-linux-gnu/7.4.0/crtbegin.o] ==> ignore
    arg [-L/contrib/bin/../lib/gcc/x86_64-linux-gnu/7.4.0] ==> dir [/contrib/bin/../lib/gcc/x86_64-linux-gnu/7.4.0]
    arg [-L/contrib/bin/../lib/gcc/x86_64-linux-gnu] ==> dir [/contrib/bin/../lib/gcc/x86_64-linux-gnu]
    arg [-L/contrib/bin/../lib/gcc] ==> dir [/contrib/bin/../lib/gcc]
    arg [-L/contrib/bin/../lib/gcc/x86_64-linux-gnu/7.4.0/../../../x86_64-linux-gnu] ==> dir [/contrib/bin/../lib/gcc/x86_64-linux-gnu/7.4.0/../../../x86_64-linux-gnu]
    arg [-L/contrib/bin/../lib/gcc/x86_64-linux-gnu/7.4.0/../../../../lib64] ==> dir [/contrib/bin/../lib/gcc/x86_64-linux-gnu/7.4.0/../../../../lib64]
    arg [-L/lib/x86_64-linux-gnu] ==> dir [/lib/x86_64-linux-gnu]
    arg [-L/lib/../lib64] ==> dir [/lib/../lib64]
    arg [-L/usr/lib/x86_64-linux-gnu] ==> dir [/usr/lib/x86_64-linux-gnu]
    arg [-L/contrib/bin/../lib/gcc/x86_64-linux-gnu/7.4.0/../../../../x86_64-linux-gnu/lib] ==> dir [/contrib/bin/../lib/gcc/x86_64-linux-gnu/7.4.0/../../../../x86_64-linux-gnu/lib]
    arg [-L/contrib/bin/../lib/gcc/x86_64-linux-gnu/7.4.0/../../..] ==> dir [/contrib/bin/../lib/gcc/x86_64-linux-gnu/7.4.0/../../..]
    arg [CMakeFiles/cmTC_7b26a.dir/CMakeCCompilerABI.c.o] ==> ignore
    arg [-lgcc] ==> lib [gcc]
    arg [-lgcc_eh] ==> lib [gcc_eh]
    arg [-lc] ==> lib [c]
    arg [-lgcc] ==> lib [gcc]
    arg [-lgcc_eh] ==> lib [gcc_eh]
    arg [/contrib/bin/../lib/gcc/x86_64-linux-gnu/7.4.0/crtend.o] ==> ignore
    arg [/usr/lib/x86_64-linux-gnu/crtn.o] ==> ignore
  remove lib [gcc_eh]
  remove lib [gcc_eh]
  collapse library dir [/contrib/bin/../lib/gcc/x86_64-linux-gnu/7.4.0] ==> [/contrib/lib/gcc/x86_64-linux-gnu/7.4.0]
  collapse library dir [/contrib/bin/../lib/gcc/x86_64-linux-gnu] ==> [/contrib/lib/gcc/x86_64-linux-gnu]
  collapse library dir [/contrib/bin/../lib/gcc] ==> [/contrib/lib/gcc]
  collapse library dir [/contrib/bin/../lib/gcc/x86_64-linux-gnu/7.4.0/../../../x86_64-linux-gnu] ==> [/contrib/lib/x86_64-linux-gnu]
  collapse library dir [/contrib/bin/../lib/gcc/x86_64-linux-gnu/7.4.0/../../../../lib64] ==> [/contrib/lib64]
  collapse library dir [/lib/x86_64-linux-gnu] ==> [/lib/x86_64-linux-gnu]
  collapse library dir [/lib/../lib64] ==> [/lib64]
  collapse library dir [/usr/lib/x86_64-linux-gnu] ==> [/usr/lib/x86_64-linux-gnu]
  collapse library dir [/contrib/bin/../lib/gcc/x86_64-linux-gnu/7.4.0/../../../../x86_64-linux-gnu/lib] ==> [/contrib/x86_64-linux-gnu/lib]
  collapse library dir [/contrib/bin/../lib/gcc/x86_64-linux-gnu/7.4.0/../../..] ==> [/contrib/lib]
  implicit libs: [gcc;c;gcc]
  implicit dirs: [/contrib/lib/gcc/x86_64-linux-gnu/7.4.0;/contrib/lib/gcc/x86_64-linux-gnu;/contrib/lib/gcc;/contrib/lib/x86_64-linux-gnu;/contrib/lib64;/lib/x86_64-linux-gnu;/lib64;/usr/lib/x86_64-linux-gnu;/contrib/x86_64-linux-gnu/lib;/contrib/lib]
  implicit fwks: []


Determining if the CXX compiler works passed with the following output:
Change Dir: /home/project/cu_riscv32i_cycle_accurate/work/ia/llvm/build/CMakeFiles/CMakeTmp

Run Build Command(s):/contrib/bin/ninja cmTC_98998 && [1/2] Building CXX object CMakeFiles/cmTC_98998.dir/testCXXCompiler.cxx.o
[2/2] Linking CXX executable cmTC_98998



Detecting CXX compiler ABI info compiled with the following output:
Change Dir: /home/project/cu_riscv32i_cycle_accurate/work/ia/llvm/build/CMakeFiles/CMakeTmp

Run Build Command(s):/contrib/bin/ninja cmTC_74697 && [1/2] Building CXX object CMakeFiles/cmTC_74697.dir/CMakeCXXCompilerABI.cpp.o
Using built-in specs.
COLLECT_GCC=/contrib/bin/g++
Target: x86_64-linux-gnu
Configured with: ../../extract/gcc-7.4.0.tar.gz/gcc-7.4.0/configure --prefix=/home/jenkins/workspace/mm/maintenance/Bootstrap_contrib/r/Deb10-test-1/codasip-studio/install/contrib --enable-languages=c,c++ --enable-shared --enable-threads=posix --enable-checking=release --disable-libunwind-exceptions --enable-gnu-unique-object --enable-lto --disable-multilib --with-tune=generic --enable-bootstrap --build=x86_64-linux-gnu --host=x86_64-linux-gnu --target=x86_64-linux-gnu
Thread model: posix
gcc version 7.4.0 (GCC) 
COLLECT_GCC_OPTIONS='-include' '/home/project/cu_riscv32i_cycle_accurate/work/cu_riscv32i_cycle_accurate_options.hcodal' '-v' '-o' 'CMakeFiles/cmTC_74697.dir/CMakeCXXCompilerABI.cpp.o' '-c' '-shared-libgcc' '-mtune=generic' '-march=x86-64'
 /contrib/bin/../libexec/gcc/x86_64-linux-gnu/7.4.0/cc1plus -quiet -v -imultiarch x86_64-linux-gnu -iprefix /contrib/bin/../lib/gcc/x86_64-linux-gnu/7.4.0/ -D_GNU_SOURCE -include /home/project/cu_riscv32i_cycle_accurate/work/cu_riscv32i_cycle_accurate_options.hcodal /contrib/share/cmake-3.17/Modules/CMakeCXXCompilerABI.cpp -quiet -dumpbase CMakeCXXCompilerABI.cpp -mtune=generic -march=x86-64 -auxbase-strip CMakeFiles/cmTC_74697.dir/CMakeCXXCompilerABI.cpp.o -version -o /tmp/ccJIEZlo.s
GNU C++14 (GCC) version 7.4.0 (x86_64-linux-gnu)
	compiled by GNU C version 7.4.0, GMP version 6.1.0, MPFR version 3.1.4, MPC version 1.0.3, isl version isl-0.16.1-GMP

GGC heuristics: --param ggc-min-expand=100 --param ggc-min-heapsize=131072
ignoring nonexistent directory "/contrib/bin/../lib/gcc/x86_64-linux-gnu/7.4.0/../../../../x86_64-linux-gnu/include"
ignoring duplicate directory "/contrib/bin/../lib/gcc/../../lib/gcc/x86_64-linux-gnu/7.4.0/../../../../include/c++/7.4.0"
ignoring duplicate directory "/contrib/bin/../lib/gcc/../../lib/gcc/x86_64-linux-gnu/7.4.0/../../../../include/c++/7.4.0/x86_64-linux-gnu"
ignoring duplicate directory "/contrib/bin/../lib/gcc/../../lib/gcc/x86_64-linux-gnu/7.4.0/../../../../include/c++/7.4.0/backward"
ignoring duplicate directory "/contrib/bin/../lib/gcc/../../lib/gcc/x86_64-linux-gnu/7.4.0/include"
ignoring nonexistent directory "/usr/local/include/x86_64-linux-gnu"
ignoring duplicate directory "/contrib/bin/../lib/gcc/../../lib/gcc/x86_64-linux-gnu/7.4.0/include-fixed"
ignoring nonexistent directory "/contrib/bin/../lib/gcc/../../lib/gcc/x86_64-linux-gnu/7.4.0/../../../../x86_64-linux-gnu/include"
#include "..." search starts here:
#include <...> search starts here:
 /contrib/bin/../lib/gcc/x86_64-linux-gnu/7.4.0/../../../../include/c++/7.4.0
 /contrib/bin/../lib/gcc/x86_64-linux-gnu/7.4.0/../../../../include/c++/7.4.0/x86_64-linux-gnu
 /contrib/bin/../lib/gcc/x86_64-linux-gnu/7.4.0/../../../../include/c++/7.4.0/backward
 /contrib/bin/../lib/gcc/x86_64-linux-gnu/7.4.0/include
 /contrib/bin/../lib/gcc/x86_64-linux-gnu/7.4.0/include-fixed
 /usr/local/include
 /contrib/bin/../lib/gcc/../../include
 /usr/include/x86_64-linux-gnu
 /usr/include
End of search list.
GNU C++14 (GCC) version 7.4.0 (x86_64-linux-gnu)
	compiled by GNU C version 7.4.0, GMP version 6.1.0, MPFR version 3.1.4, MPC version 1.0.3, isl version isl-0.16.1-GMP

GGC heuristics: --param ggc-min-expand=100 --param ggc-min-heapsize=131072
Compiler executable checksum: de05f298072810735c1bf4023281b961
COLLECT_GCC_OPTIONS='-include' '/home/project/cu_riscv32i_cycle_accurate/work/cu_riscv32i_cycle_accurate_options.hcodal' '-v' '-o' 'CMakeFiles/cmTC_74697.dir/CMakeCXXCompilerABI.cpp.o' '-c' '-shared-libgcc' '-mtune=generic' '-march=x86-64'
 /contrib/bin/../lib/gcc/x86_64-linux-gnu/7.4.0/../../../../x86_64-linux-gnu/bin/as -v --64 -o CMakeFiles/cmTC_74697.dir/CMakeCXXCompilerABI.cpp.o /tmp/ccJIEZlo.s
GNU assembler version 2.30 (x86_64-linux-gnu) using BFD version (GNU Binutils) 2.30
COMPILER_PATH=/contrib/bin/../libexec/gcc/x86_64-linux-gnu/7.4.0/:/contrib/bin/../libexec/gcc/x86_64-linux-gnu/:/contrib/bin/../libexec/gcc/:/contrib/bin/../lib/gcc/x86_64-linux-gnu/7.4.0/../../../../x86_64-linux-gnu/bin/
LIBRARY_PATH=/contrib/bin/../lib/gcc/x86_64-linux-gnu/7.4.0/:/contrib/bin/../lib/gcc/x86_64-linux-gnu/:/contrib/bin/../lib/gcc/:/contrib/bin/../lib/gcc/x86_64-linux-gnu/7.4.0/../../../x86_64-linux-gnu/:/contrib/bin/../lib/gcc/x86_64-linux-gnu/7.4.0/../../../../lib64/:/lib/x86_64-linux-gnu/:/lib/../lib64/:/usr/lib/x86_64-linux-gnu/:/contrib/bin/../lib/gcc/x86_64-linux-gnu/7.4.0/../../../../x86_64-linux-gnu/lib/:/contrib/bin/../lib/gcc/x86_64-linux-gnu/7.4.0/../../../:/lib/:/usr/lib/
COLLECT_GCC_OPTIONS='-include' '/home/project/cu_riscv32i_cycle_accurate/work/cu_riscv32i_cycle_accurate_options.hcodal' '-v' '-o' 'CMakeFiles/cmTC_74697.dir/CMakeCXXCompilerABI.cpp.o' '-c' '-shared-libgcc' '-mtune=generic' '-march=x86-64'
[2/2] Linking CXX executable cmTC_74697
Using built-in specs.
COLLECT_GCC=/contrib/bin/g++
COLLECT_LTO_WRAPPER=/contrib/bin/../libexec/gcc/x86_64-linux-gnu/7.4.0/lto-wrapper
Target: x86_64-linux-gnu
Configured with: ../../extract/gcc-7.4.0.tar.gz/gcc-7.4.0/configure --prefix=/home/jenkins/workspace/mm/maintenance/Bootstrap_contrib/r/Deb10-test-1/codasip-studio/install/contrib --enable-languages=c,c++ --enable-shared --enable-threads=posix --enable-checking=release --disable-libunwind-exceptions --enable-gnu-unique-object --enable-lto --disable-multilib --with-tune=generic --enable-bootstrap --build=x86_64-linux-gnu --host=x86_64-linux-gnu --target=x86_64-linux-gnu
Thread model: posix
gcc version 7.4.0 (GCC) 
COMPILER_PATH=/contrib/bin/../libexec/gcc/x86_64-linux-gnu/7.4.0/:/contrib/bin/../libexec/gcc/x86_64-linux-gnu/:/contrib/bin/../libexec/gcc/:/contrib/bin/../lib/gcc/x86_64-linux-gnu/7.4.0/../../../../x86_64-linux-gnu/bin/
LIBRARY_PATH=/contrib/bin/../lib/gcc/x86_64-linux-gnu/7.4.0/:/contrib/bin/../lib/gcc/x86_64-linux-gnu/:/contrib/bin/../lib/gcc/:/contrib/bin/../lib/gcc/x86_64-linux-gnu/7.4.0/../../../x86_64-linux-gnu/:/contrib/bin/../lib/gcc/x86_64-linux-gnu/7.4.0/../../../../lib64/:/lib/x86_64-linux-gnu/:/lib/../lib64/:/usr/lib/x86_64-linux-gnu/:/contrib/bin/../lib/gcc/x86_64-linux-gnu/7.4.0/../../../../x86_64-linux-gnu/lib/:/contrib/bin/../lib/gcc/x86_64-linux-gnu/7.4.0/../../../:/lib/:/usr/lib/
COLLECT_GCC_OPTIONS='-include' '/home/project/cu_riscv32i_cycle_accurate/work/cu_riscv32i_cycle_accurate_options.hcodal' '-static-libgcc' '-v' '-o' 'cmTC_74697' '-mtune=generic' '-march=x86-64'
 /contrib/bin/../libexec/gcc/x86_64-linux-gnu/7.4.0/collect2 -plugin /contrib/bin/../libexec/gcc/x86_64-linux-gnu/7.4.0/liblto_plugin.so -plugin-opt=/contrib/bin/../libexec/gcc/x86_64-linux-gnu/7.4.0/lto-wrapper -plugin-opt=-fresolution=/tmp/ccPeYQGq.res -plugin-opt=-pass-through=-lgcc -plugin-opt=-pass-through=-lgcc_eh -plugin-opt=-pass-through=-lc -plugin-opt=-pass-through=-lgcc -plugin-opt=-pass-through=-lgcc_eh --eh-frame-hdr -m elf_x86_64 -dynamic-linker /lib64/ld-linux-x86-64.so.2 -o cmTC_74697 /usr/lib/x86_64-linux-gnu/crt1.o /usr/lib/x86_64-linux-gnu/crti.o /contrib/bin/../lib/gcc/x86_64-linux-gnu/7.4.0/crtbegin.o -L/contrib/bin/../lib/gcc/x86_64-linux-gnu/7.4.0 -L/contrib/bin/../lib/gcc/x86_64-linux-gnu -L/contrib/bin/../lib/gcc -L/contrib/bin/../lib/gcc/x86_64-linux-gnu/7.4.0/../../../x86_64-linux-gnu -L/contrib/bin/../lib/gcc/x86_64-linux-gnu/7.4.0/../../../../lib64 -L/lib/x86_64-linux-gnu -L/lib/../lib64 -L/usr/lib/x86_64-linux-gnu -L/contrib/bin/../lib/gcc/x86_64-linux-gnu/7.4.0/../../../../x86_64-linux-gnu/lib -L/contrib/bin/../lib/gcc/x86_64-linux-gnu/7.4.0/../../.. CMakeFiles/cmTC_74697.dir/CMakeCXXCompilerABI.cpp.o -Bstatic -lstdc++ -Bdynamic -lm -lgcc -lgcc_eh -lc -lgcc -lgcc_eh /contrib/bin/../lib/gcc/x86_64-linux-gnu/7.4.0/crtend.o /usr/lib/x86_64-linux-gnu/crtn.o
COLLECT_GCC_OPTIONS='-include' '/home/project/cu_riscv32i_cycle_accurate/work/cu_riscv32i_cycle_accurate_options.hcodal' '-static-libgcc' '-v' '-o' 'cmTC_74697' '-mtune=generic' '-march=x86-64'



Parsed CXX implicit include dir info from above output: rv=done
  found start of include info
  found start of implicit include info
    add: [/contrib/bin/../lib/gcc/x86_64-linux-gnu/7.4.0/../../../../include/c++/7.4.0]
    add: [/contrib/bin/../lib/gcc/x86_64-linux-gnu/7.4.0/../../../../include/c++/7.4.0/x86_64-linux-gnu]
    add: [/contrib/bin/../lib/gcc/x86_64-linux-gnu/7.4.0/../../../../include/c++/7.4.0/backward]
    add: [/contrib/bin/../lib/gcc/x86_64-linux-gnu/7.4.0/include]
    add: [/contrib/bin/../lib/gcc/x86_64-linux-gnu/7.4.0/include-fixed]
    add: [/usr/local/include]
    add: [/contrib/bin/../lib/gcc/../../include]
    add: [/usr/include/x86_64-linux-gnu]
    add: [/usr/include]
  end of search list found
  collapse include dir [/contrib/bin/../lib/gcc/x86_64-linux-gnu/7.4.0/../../../../include/c++/7.4.0] ==> [/contrib/include/c++/7.4.0]
  collapse include dir [/contrib/bin/../lib/gcc/x86_64-linux-gnu/7.4.0/../../../../include/c++/7.4.0/x86_64-linux-gnu] ==> [/contrib/include/c++/7.4.0/x86_64-linux-gnu]
  collapse include dir [/contrib/bin/../lib/gcc/x86_64-linux-gnu/7.4.0/../../../../include/c++/7.4.0/backward] ==> [/contrib/include/c++/7.4.0/backward]
  collapse include dir [/contrib/bin/../lib/gcc/x86_64-linux-gnu/7.4.0/include] ==> [/contrib/lib/gcc/x86_64-linux-gnu/7.4.0/include]
  collapse include dir [/contrib/bin/../lib/gcc/x86_64-linux-gnu/7.4.0/include-fixed] ==> [/contrib/lib/gcc/x86_64-linux-gnu/7.4.0/include-fixed]
  collapse include dir [/usr/local/include] ==> [/usr/local/include]
  collapse include dir [/contrib/bin/../lib/gcc/../../include] ==> [/contrib/include]
  collapse include dir [/usr/include/x86_64-linux-gnu] ==> [/usr/include/x86_64-linux-gnu]
  collapse include dir [/usr/include] ==> [/usr/include]
  implicit include dirs: [/contrib/include/c++/7.4.0;/contrib/include/c++/7.4.0/x86_64-linux-gnu;/contrib/include/c++/7.4.0/backward;/contrib/lib/gcc/x86_64-linux-gnu/7.4.0/include;/contrib/lib/gcc/x86_64-linux-gnu/7.4.0/include-fixed;/usr/local/include;/contrib/include;/usr/include/x86_64-linux-gnu;/usr/include]


Parsed CXX implicit link information from above output:
  link line regex: [^( *|.*[/\])(ld|CMAKE_LINK_STARTFILE-NOTFOUND|([^/\]+-)?ld|collect2)[^/\]*( |$)]
  ignore line: [Change Dir: /home/project/cu_riscv32i_cycle_accurate/work/ia/llvm/build/CMakeFiles/CMakeTmp]
  ignore line: []
  ignore line: [Run Build Command(s):/contrib/bin/ninja cmTC_74697 && [1/2] Building CXX object CMakeFiles/cmTC_74697.dir/CMakeCXXCompilerABI.cpp.o]
  ignore line: [Using built-in specs.]
  ignore line: [COLLECT_GCC=/contrib/bin/g++]
  ignore line: [Target: x86_64-linux-gnu]
  ignore line: [Configured with: ../../extract/gcc-7.4.0.tar.gz/gcc-7.4.0/configure --prefix=/home/jenkins/workspace/mm/maintenance/Bootstrap_contrib/r/Deb10-test-1/codasip-studio/install/contrib --enable-languages=c c++ --enable-shared --enable-threads=posix --enable-checking=release --disable-libunwind-exceptions --enable-gnu-unique-object --enable-lto --disable-multilib --with-tune=generic --enable-bootstrap --build=x86_64-linux-gnu --host=x86_64-linux-gnu --target=x86_64-linux-gnu]
  ignore line: [Thread model: posix]
  ignore line: [gcc version 7.4.0 (GCC) ]
  ignore line: [COLLECT_GCC_OPTIONS='-include' '/home/project/cu_riscv32i_cycle_accurate/work/cu_riscv32i_cycle_accurate_options.hcodal' '-v' '-o' 'CMakeFiles/cmTC_74697.dir/CMakeCXXCompilerABI.cpp.o' '-c' '-shared-libgcc' '-mtune=generic' '-march=x86-64']
  ignore line: [ /contrib/bin/../libexec/gcc/x86_64-linux-gnu/7.4.0/cc1plus -quiet -v -imultiarch x86_64-linux-gnu -iprefix /contrib/bin/../lib/gcc/x86_64-linux-gnu/7.4.0/ -D_GNU_SOURCE -include /home/project/cu_riscv32i_cycle_accurate/work/cu_riscv32i_cycle_accurate_options.hcodal /contrib/share/cmake-3.17/Modules/CMakeCXXCompilerABI.cpp -quiet -dumpbase CMakeCXXCompilerABI.cpp -mtune=generic -march=x86-64 -auxbase-strip CMakeFiles/cmTC_74697.dir/CMakeCXXCompilerABI.cpp.o -version -o /tmp/ccJIEZlo.s]
  ignore line: [GNU C++14 (GCC) version 7.4.0 (x86_64-linux-gnu)]
  ignore line: [	compiled by GNU C version 7.4.0  GMP version 6.1.0  MPFR version 3.1.4  MPC version 1.0.3  isl version isl-0.16.1-GMP]
  ignore line: []
  ignore line: [GGC heuristics: --param ggc-min-expand=100 --param ggc-min-heapsize=131072]
  ignore line: [ignoring nonexistent directory "/contrib/bin/../lib/gcc/x86_64-linux-gnu/7.4.0/../../../../x86_64-linux-gnu/include"]
  ignore line: [ignoring duplicate directory "/contrib/bin/../lib/gcc/../../lib/gcc/x86_64-linux-gnu/7.4.0/../../../../include/c++/7.4.0"]
  ignore line: [ignoring duplicate directory "/contrib/bin/../lib/gcc/../../lib/gcc/x86_64-linux-gnu/7.4.0/../../../../include/c++/7.4.0/x86_64-linux-gnu"]
  ignore line: [ignoring duplicate directory "/contrib/bin/../lib/gcc/../../lib/gcc/x86_64-linux-gnu/7.4.0/../../../../include/c++/7.4.0/backward"]
  ignore line: [ignoring duplicate directory "/contrib/bin/../lib/gcc/../../lib/gcc/x86_64-linux-gnu/7.4.0/include"]
  ignore line: [ignoring nonexistent directory "/usr/local/include/x86_64-linux-gnu"]
  ignore line: [ignoring duplicate directory "/contrib/bin/../lib/gcc/../../lib/gcc/x86_64-linux-gnu/7.4.0/include-fixed"]
  ignore line: [ignoring nonexistent directory "/contrib/bin/../lib/gcc/../../lib/gcc/x86_64-linux-gnu/7.4.0/../../../../x86_64-linux-gnu/include"]
  ignore line: [#include "..." search starts here:]
  ignore line: [#include <...> search starts here:]
  ignore line: [ /contrib/bin/../lib/gcc/x86_64-linux-gnu/7.4.0/../../../../include/c++/7.4.0]
  ignore line: [ /contrib/bin/../lib/gcc/x86_64-linux-gnu/7.4.0/../../../../include/c++/7.4.0/x86_64-linux-gnu]
  ignore line: [ /contrib/bin/../lib/gcc/x86_64-linux-gnu/7.4.0/../../../../include/c++/7.4.0/backward]
  ignore line: [ /contrib/bin/../lib/gcc/x86_64-linux-gnu/7.4.0/include]
  ignore line: [ /contrib/bin/../lib/gcc/x86_64-linux-gnu/7.4.0/include-fixed]
  ignore line: [ /usr/local/include]
  ignore line: [ /contrib/bin/../lib/gcc/../../include]
  ignore line: [ /usr/include/x86_64-linux-gnu]
  ignore line: [ /usr/include]
  ignore line: [End of search list.]
  ignore line: [GNU C++14 (GCC) version 7.4.0 (x86_64-linux-gnu)]
  ignore line: [	compiled by GNU C version 7.4.0  GMP version 6.1.0  MPFR version 3.1.4  MPC version 1.0.3  isl version isl-0.16.1-GMP]
  ignore line: []
  ignore line: [GGC heuristics: --param ggc-min-expand=100 --param ggc-min-heapsize=131072]
  ignore line: [Compiler executable checksum: de05f298072810735c1bf4023281b961]
  ignore line: [COLLECT_GCC_OPTIONS='-include' '/home/project/cu_riscv32i_cycle_accurate/work/cu_riscv32i_cycle_accurate_options.hcodal' '-v' '-o' 'CMakeFiles/cmTC_74697.dir/CMakeCXXCompilerABI.cpp.o' '-c' '-shared-libgcc' '-mtune=generic' '-march=x86-64']
  ignore line: [ /contrib/bin/../lib/gcc/x86_64-linux-gnu/7.4.0/../../../../x86_64-linux-gnu/bin/as -v --64 -o CMakeFiles/cmTC_74697.dir/CMakeCXXCompilerABI.cpp.o /tmp/ccJIEZlo.s]
  ignore line: [GNU assembler version 2.30 (x86_64-linux-gnu) using BFD version (GNU Binutils) 2.30]
  ignore line: [COMPILER_PATH=/contrib/bin/../libexec/gcc/x86_64-linux-gnu/7.4.0/:/contrib/bin/../libexec/gcc/x86_64-linux-gnu/:/contrib/bin/../libexec/gcc/:/contrib/bin/../lib/gcc/x86_64-linux-gnu/7.4.0/../../../../x86_64-linux-gnu/bin/]
  ignore line: [LIBRARY_PATH=/contrib/bin/../lib/gcc/x86_64-linux-gnu/7.4.0/:/contrib/bin/../lib/gcc/x86_64-linux-gnu/:/contrib/bin/../lib/gcc/:/contrib/bin/../lib/gcc/x86_64-linux-gnu/7.4.0/../../../x86_64-linux-gnu/:/contrib/bin/../lib/gcc/x86_64-linux-gnu/7.4.0/../../../../lib64/:/lib/x86_64-linux-gnu/:/lib/../lib64/:/usr/lib/x86_64-linux-gnu/:/contrib/bin/../lib/gcc/x86_64-linux-gnu/7.4.0/../../../../x86_64-linux-gnu/lib/:/contrib/bin/../lib/gcc/x86_64-linux-gnu/7.4.0/../../../:/lib/:/usr/lib/]
  ignore line: [COLLECT_GCC_OPTIONS='-include' '/home/project/cu_riscv32i_cycle_accurate/work/cu_riscv32i_cycle_accurate_options.hcodal' '-v' '-o' 'CMakeFiles/cmTC_74697.dir/CMakeCXXCompilerABI.cpp.o' '-c' '-shared-libgcc' '-mtune=generic' '-march=x86-64']
  ignore line: [[2/2] Linking CXX executable cmTC_74697]
  ignore line: [Using built-in specs.]
  ignore line: [COLLECT_GCC=/contrib/bin/g++]
  ignore line: [COLLECT_LTO_WRAPPER=/contrib/bin/../libexec/gcc/x86_64-linux-gnu/7.4.0/lto-wrapper]
  ignore line: [Target: x86_64-linux-gnu]
  ignore line: [Configured with: ../../extract/gcc-7.4.0.tar.gz/gcc-7.4.0/configure --prefix=/home/jenkins/workspace/mm/maintenance/Bootstrap_contrib/r/Deb10-test-1/codasip-studio/install/contrib --enable-languages=c c++ --enable-shared --enable-threads=posix --enable-checking=release --disable-libunwind-exceptions --enable-gnu-unique-object --enable-lto --disable-multilib --with-tune=generic --enable-bootstrap --build=x86_64-linux-gnu --host=x86_64-linux-gnu --target=x86_64-linux-gnu]
  ignore line: [Thread model: posix]
  ignore line: [gcc version 7.4.0 (GCC) ]
  ignore line: [COMPILER_PATH=/contrib/bin/../libexec/gcc/x86_64-linux-gnu/7.4.0/:/contrib/bin/../libexec/gcc/x86_64-linux-gnu/:/contrib/bin/../libexec/gcc/:/contrib/bin/../lib/gcc/x86_64-linux-gnu/7.4.0/../../../../x86_64-linux-gnu/bin/]
  ignore line: [LIBRARY_PATH=/contrib/bin/../lib/gcc/x86_64-linux-gnu/7.4.0/:/contrib/bin/../lib/gcc/x86_64-linux-gnu/:/contrib/bin/../lib/gcc/:/contrib/bin/../lib/gcc/x86_64-linux-gnu/7.4.0/../../../x86_64-linux-gnu/:/contrib/bin/../lib/gcc/x86_64-linux-gnu/7.4.0/../../../../lib64/:/lib/x86_64-linux-gnu/:/lib/../lib64/:/usr/lib/x86_64-linux-gnu/:/contrib/bin/../lib/gcc/x86_64-linux-gnu/7.4.0/../../../../x86_64-linux-gnu/lib/:/contrib/bin/../lib/gcc/x86_64-linux-gnu/7.4.0/../../../:/lib/:/usr/lib/]
  ignore line: [COLLECT_GCC_OPTIONS='-include' '/home/project/cu_riscv32i_cycle_accurate/work/cu_riscv32i_cycle_accurate_options.hcodal' '-static-libgcc' '-v' '-o' 'cmTC_74697' '-mtune=generic' '-march=x86-64']
  link line: [ /contrib/bin/../libexec/gcc/x86_64-linux-gnu/7.4.0/collect2 -plugin /contrib/bin/../libexec/gcc/x86_64-linux-gnu/7.4.0/liblto_plugin.so -plugin-opt=/contrib/bin/../libexec/gcc/x86_64-linux-gnu/7.4.0/lto-wrapper -plugin-opt=-fresolution=/tmp/ccPeYQGq.res -plugin-opt=-pass-through=-lgcc -plugin-opt=-pass-through=-lgcc_eh -plugin-opt=-pass-through=-lc -plugin-opt=-pass-through=-lgcc -plugin-opt=-pass-through=-lgcc_eh --eh-frame-hdr -m elf_x86_64 -dynamic-linker /lib64/ld-linux-x86-64.so.2 -o cmTC_74697 /usr/lib/x86_64-linux-gnu/crt1.o /usr/lib/x86_64-linux-gnu/crti.o /contrib/bin/../lib/gcc/x86_64-linux-gnu/7.4.0/crtbegin.o -L/contrib/bin/../lib/gcc/x86_64-linux-gnu/7.4.0 -L/contrib/bin/../lib/gcc/x86_64-linux-gnu -L/contrib/bin/../lib/gcc -L/contrib/bin/../lib/gcc/x86_64-linux-gnu/7.4.0/../../../x86_64-linux-gnu -L/contrib/bin/../lib/gcc/x86_64-linux-gnu/7.4.0/../../../../lib64 -L/lib/x86_64-linux-gnu -L/lib/../lib64 -L/usr/lib/x86_64-linux-gnu -L/contrib/bin/../lib/gcc/x86_64-linux-gnu/7.4.0/../../../../x86_64-linux-gnu/lib -L/contrib/bin/../lib/gcc/x86_64-linux-gnu/7.4.0/../../.. CMakeFiles/cmTC_74697.dir/CMakeCXXCompilerABI.cpp.o -Bstatic -lstdc++ -Bdynamic -lm -lgcc -lgcc_eh -lc -lgcc -lgcc_eh /contrib/bin/../lib/gcc/x86_64-linux-gnu/7.4.0/crtend.o /usr/lib/x86_64-linux-gnu/crtn.o]
    arg [/contrib/bin/../libexec/gcc/x86_64-linux-gnu/7.4.0/collect2] ==> ignore
    arg [-plugin] ==> ignore
    arg [/contrib/bin/../libexec/gcc/x86_64-linux-gnu/7.4.0/liblto_plugin.so] ==> ignore
    arg [-plugin-opt=/contrib/bin/../libexec/gcc/x86_64-linux-gnu/7.4.0/lto-wrapper] ==> ignore
    arg [-plugin-opt=-fresolution=/tmp/ccPeYQGq.res] ==> ignore
    arg [-plugin-opt=-pass-through=-lgcc] ==> ignore
    arg [-plugin-opt=-pass-through=-lgcc_eh] ==> ignore
    arg [-plugin-opt=-pass-through=-lc] ==> ignore
    arg [-plugin-opt=-pass-through=-lgcc] ==> ignore
    arg [-plugin-opt=-pass-through=-lgcc_eh] ==> ignore
    arg [--eh-frame-hdr] ==> ignore
    arg [-m] ==> ignore
    arg [elf_x86_64] ==> ignore
    arg [-dynamic-linker] ==> ignore
    arg [/lib64/ld-linux-x86-64.so.2] ==> ignore
    arg [-o] ==> ignore
    arg [cmTC_74697] ==> ignore
    arg [/usr/lib/x86_64-linux-gnu/crt1.o] ==> ignore
    arg [/usr/lib/x86_64-linux-gnu/crti.o] ==> ignore
    arg [/contrib/bin/../lib/gcc/x86_64-linux-gnu/7.4.0/crtbegin.o] ==> ignore
    arg [-L/contrib/bin/../lib/gcc/x86_64-linux-gnu/7.4.0] ==> dir [/contrib/bin/../lib/gcc/x86_64-linux-gnu/7.4.0]
    arg [-L/contrib/bin/../lib/gcc/x86_64-linux-gnu] ==> dir [/contrib/bin/../lib/gcc/x86_64-linux-gnu]
    arg [-L/contrib/bin/../lib/gcc] ==> dir [/contrib/bin/../lib/gcc]
    arg [-L/contrib/bin/../lib/gcc/x86_64-linux-gnu/7.4.0/../../../x86_64-linux-gnu] ==> dir [/contrib/bin/../lib/gcc/x86_64-linux-gnu/7.4.0/../../../x86_64-linux-gnu]
    arg [-L/contrib/bin/../lib/gcc/x86_64-linux-gnu/7.4.0/../../../../lib64] ==> dir [/contrib/bin/../lib/gcc/x86_64-linux-gnu/7.4.0/../../../../lib64]
    arg [-L/lib/x86_64-linux-gnu] ==> dir [/lib/x86_64-linux-gnu]
    arg [-L/lib/../lib64] ==> dir [/lib/../lib64]
    arg [-L/usr/lib/x86_64-linux-gnu] ==> dir [/usr/lib/x86_64-linux-gnu]
    arg [-L/contrib/bin/../lib/gcc/x86_64-linux-gnu/7.4.0/../../../../x86_64-linux-gnu/lib] ==> dir [/contrib/bin/../lib/gcc/x86_64-linux-gnu/7.4.0/../../../../x86_64-linux-gnu/lib]
    arg [-L/contrib/bin/../lib/gcc/x86_64-linux-gnu/7.4.0/../../..] ==> dir [/contrib/bin/../lib/gcc/x86_64-linux-gnu/7.4.0/../../..]
    arg [CMakeFiles/cmTC_74697.dir/CMakeCXXCompilerABI.cpp.o] ==> ignore
    arg [-Bstatic] ==> ignore
    arg [-lstdc++] ==> lib [stdc++]
    arg [-Bdynamic] ==> ignore
    arg [-lm] ==> lib [m]
    arg [-lgcc] ==> lib [gcc]
    arg [-lgcc_eh] ==> lib [gcc_eh]
    arg [-lc] ==> lib [c]
    arg [-lgcc] ==> lib [gcc]
    arg [-lgcc_eh] ==> lib [gcc_eh]
    arg [/contrib/bin/../lib/gcc/x86_64-linux-gnu/7.4.0/crtend.o] ==> ignore
    arg [/usr/lib/x86_64-linux-gnu/crtn.o] ==> ignore
  remove lib [gcc_eh]
  remove lib [gcc_eh]
  collapse library dir [/contrib/bin/../lib/gcc/x86_64-linux-gnu/7.4.0] ==> [/contrib/lib/gcc/x86_64-linux-gnu/7.4.0]
  collapse library dir [/contrib/bin/../lib/gcc/x86_64-linux-gnu] ==> [/contrib/lib/gcc/x86_64-linux-gnu]
  collapse library dir [/contrib/bin/../lib/gcc] ==> [/contrib/lib/gcc]
  collapse library dir [/contrib/bin/../lib/gcc/x86_64-linux-gnu/7.4.0/../../../x86_64-linux-gnu] ==> [/contrib/lib/x86_64-linux-gnu]
  collapse library dir [/contrib/bin/../lib/gcc/x86_64-linux-gnu/7.4.0/../../../../lib64] ==> [/contrib/lib64]
  collapse library dir [/lib/x86_64-linux-gnu] ==> [/lib/x86_64-linux-gnu]
  collapse library dir [/lib/../lib64] ==> [/lib64]
  collapse library dir [/usr/lib/x86_64-linux-gnu] ==> [/usr/lib/x86_64-linux-gnu]
  collapse library dir [/contrib/bin/../lib/gcc/x86_64-linux-gnu/7.4.0/../../../../x86_64-linux-gnu/lib] ==> [/contrib/x86_64-linux-gnu/lib]
  collapse library dir [/contrib/bin/../lib/gcc/x86_64-linux-gnu/7.4.0/../../..] ==> [/contrib/lib]
  implicit libs: [stdc++;m;gcc;c;gcc]
  implicit dirs: [/contrib/lib/gcc/x86_64-linux-gnu/7.4.0;/contrib/lib/gcc/x86_64-linux-gnu;/contrib/lib/gcc;/contrib/lib/x86_64-linux-gnu;/contrib/lib64;/lib/x86_64-linux-gnu;/lib64;/usr/lib/x86_64-linux-gnu;/contrib/x86_64-linux-gnu/lib;/contrib/lib]
  implicit fwks: []


Determining if the include file dlfcn.h exists passed with the following output:
Change Dir: /home/project/cu_riscv32i_cycle_accurate/work/ia/llvm/build/CMakeFiles/CMakeTmp

Run Build Command(s):/contrib/bin/ninja cmTC_a34ce && [1/2] Building C object CMakeFiles/cmTC_a34ce.dir/CheckIncludeFile.c.o
[2/2] Linking C executable cmTC_a34ce



Determining if the include file errno.h exists passed with the following output:
Change Dir: /home/project/cu_riscv32i_cycle_accurate/work/ia/llvm/build/CMakeFiles/CMakeTmp

Run Build Command(s):/contrib/bin/ninja cmTC_ef7ee && [1/2] Building C object CMakeFiles/cmTC_ef7ee.dir/CheckIncludeFile.c.o
[2/2] Linking C executable cmTC_ef7ee



Determining if the include file fcntl.h exists passed with the following output:
Change Dir: /home/project/cu_riscv32i_cycle_accurate/work/ia/llvm/build/CMakeFiles/CMakeTmp

Run Build Command(s):/contrib/bin/ninja cmTC_e870b && [1/2] Building C object CMakeFiles/cmTC_e870b.dir/CheckIncludeFile.c.o
[2/2] Linking C executable cmTC_e870b



Determining if the include file link.h exists passed with the following output:
Change Dir: /home/project/cu_riscv32i_cycle_accurate/work/ia/llvm/build/CMakeFiles/CMakeTmp

Run Build Command(s):/contrib/bin/ninja cmTC_3516e && [1/2] Building C object CMakeFiles/cmTC_3516e.dir/CheckIncludeFile.c.o
[2/2] Linking C executable cmTC_3516e



Determining if the include file pthread.h exists passed with the following output:
Change Dir: /home/project/cu_riscv32i_cycle_accurate/work/ia/llvm/build/CMakeFiles/CMakeTmp

Run Build Command(s):/contrib/bin/ninja cmTC_c6d3d && [1/2] Building C object CMakeFiles/cmTC_c6d3d.dir/CheckIncludeFile.c.o
[2/2] Linking C executable cmTC_c6d3d



Determining if the include file signal.h exists passed with the following output:
Change Dir: /home/project/cu_riscv32i_cycle_accurate/work/ia/llvm/build/CMakeFiles/CMakeTmp

Run Build Command(s):/contrib/bin/ninja cmTC_0d74d && [1/2] Building C object CMakeFiles/cmTC_0d74d.dir/CheckIncludeFile.c.o
[2/2] Linking C executable cmTC_0d74d



Determining if the include file sys/ioctl.h exists passed with the following output:
Change Dir: /home/project/cu_riscv32i_cycle_accurate/work/ia/llvm/build/CMakeFiles/CMakeTmp

Run Build Command(s):/contrib/bin/ninja cmTC_fb55d && [1/2] Building C object CMakeFiles/cmTC_fb55d.dir/CheckIncludeFile.c.o
[2/2] Linking C executable cmTC_fb55d



Determining if the include file sys/mman.h exists passed with the following output:
Change Dir: /home/project/cu_riscv32i_cycle_accurate/work/ia/llvm/build/CMakeFiles/CMakeTmp

Run Build Command(s):/contrib/bin/ninja cmTC_22057 && [1/2] Building C object CMakeFiles/cmTC_22057.dir/CheckIncludeFile.c.o
[2/2] Linking C executable cmTC_22057



Determining if the include file sys/param.h exists passed with the following output:
Change Dir: /home/project/cu_riscv32i_cycle_accurate/work/ia/llvm/build/CMakeFiles/CMakeTmp

Run Build Command(s):/contrib/bin/ninja cmTC_2bb98 && [1/2] Building C object CMakeFiles/cmTC_2bb98.dir/CheckIncludeFile.c.o
[2/2] Linking C executable cmTC_2bb98



Determining if the include file sys/resource.h exists passed with the following output:
Change Dir: /home/project/cu_riscv32i_cycle_accurate/work/ia/llvm/build/CMakeFiles/CMakeTmp

Run Build Command(s):/contrib/bin/ninja cmTC_25cba && [1/2] Building C object CMakeFiles/cmTC_25cba.dir/CheckIncludeFile.c.o
[2/2] Linking C executable cmTC_25cba



Determining if the include file sys/stat.h exists passed with the following output:
Change Dir: /home/project/cu_riscv32i_cycle_accurate/work/ia/llvm/build/CMakeFiles/CMakeTmp

Run Build Command(s):/contrib/bin/ninja cmTC_527ac && [1/2] Building C object CMakeFiles/cmTC_527ac.dir/CheckIncludeFile.c.o
[2/2] Linking C executable cmTC_527ac



Determining if the include file sys/time.h exists passed with the following output:
Change Dir: /home/project/cu_riscv32i_cycle_accurate/work/ia/llvm/build/CMakeFiles/CMakeTmp

Run Build Command(s):/contrib/bin/ninja cmTC_17bdb && [1/2] Building C object CMakeFiles/cmTC_17bdb.dir/CheckIncludeFile.c.o
[2/2] Linking C executable cmTC_17bdb



Determining if the include file sys/types.h exists passed with the following output:
Change Dir: /home/project/cu_riscv32i_cycle_accurate/work/ia/llvm/build/CMakeFiles/CMakeTmp

Run Build Command(s):/contrib/bin/ninja cmTC_dc11d && [1/2] Building C object CMakeFiles/cmTC_dc11d.dir/CheckIncludeFile.c.o
[2/2] Linking C executable cmTC_dc11d



Determining if the include file termios.h exists passed with the following output:
Change Dir: /home/project/cu_riscv32i_cycle_accurate/work/ia/llvm/build/CMakeFiles/CMakeTmp

Run Build Command(s):/contrib/bin/ninja cmTC_13652 && [1/2] Building C object CMakeFiles/cmTC_13652.dir/CheckIncludeFile.c.o
[2/2] Linking C executable cmTC_13652



Determining if the include file unistd.h exists passed with the following output:
Change Dir: /home/project/cu_riscv32i_cycle_accurate/work/ia/llvm/build/CMakeFiles/CMakeTmp

Run Build Command(s):/contrib/bin/ninja cmTC_f382f && [1/2] Building C object CMakeFiles/cmTC_f382f.dir/CheckIncludeFile.c.o
[2/2] Linking C executable cmTC_f382f



Determining if the include file zlib.h exists passed with the following output:
Change Dir: /home/project/cu_riscv32i_cycle_accurate/work/ia/llvm/build/CMakeFiles/CMakeTmp

Run Build Command(s):/contrib/bin/ninja cmTC_172e0 && [1/2] Building C object CMakeFiles/cmTC_172e0.dir/CheckIncludeFile.c.o
[2/2] Linking C executable cmTC_172e0



Determining if the include file fenv.h exists passed with the following output:
Change Dir: /home/project/cu_riscv32i_cycle_accurate/work/ia/llvm/build/CMakeFiles/CMakeTmp

Run Build Command(s):/contrib/bin/ninja cmTC_2c47f && [1/2] Building C object CMakeFiles/cmTC_2c47f.dir/CheckIncludeFile.c.o
[2/2] Linking C executable cmTC_2c47f



Determining if the FE_ALL_EXCEPT exist passed with the following output:
Change Dir: /home/project/cu_riscv32i_cycle_accurate/work/ia/llvm/build/CMakeFiles/CMakeTmp

Run Build Command(s):/contrib/bin/ninja cmTC_98f78 && [1/2] Building C object CMakeFiles/cmTC_98f78.dir/CheckSymbolExists.c.o
[2/2] Linking C executable cmTC_98f78


File /home/project/cu_riscv32i_cycle_accurate/work/ia/llvm/build/CMakeFiles/CMakeTmp/CheckSymbolExists.c:
/* */
#include <fenv.h>

int main(int argc, char** argv)
{
  (void)argv;
#ifndef FE_ALL_EXCEPT
  return ((int*)(&FE_ALL_EXCEPT))[argc];
#else
  (void)argc;
  return 0;
#endif
}
Determining if the FE_INEXACT exist passed with the following output:
Change Dir: /home/project/cu_riscv32i_cycle_accurate/work/ia/llvm/build/CMakeFiles/CMakeTmp

Run Build Command(s):/contrib/bin/ninja cmTC_7af87 && [1/2] Building C object CMakeFiles/cmTC_7af87.dir/CheckSymbolExists.c.o
[2/2] Linking C executable cmTC_7af87


File /home/project/cu_riscv32i_cycle_accurate/work/ia/llvm/build/CMakeFiles/CMakeTmp/CheckSymbolExists.c:
/* */
#include <fenv.h>

int main(int argc, char** argv)
{
  (void)argv;
#ifndef FE_INEXACT
  return ((int*)(&FE_INEXACT))[argc];
#else
  (void)argc;
  return 0;
#endif
}
Determining if the include file histedit.h exists passed with the following output:
Change Dir: /home/project/cu_riscv32i_cycle_accurate/work/ia/llvm/build/CMakeFiles/CMakeTmp

Run Build Command(s):/contrib/bin/ninja cmTC_649a9 && [1/2] Building C object CMakeFiles/cmTC_649a9.dir/CheckIncludeFile.c.o
[2/2] Linking C executable cmTC_649a9



Determining if the include file linux/magic.h exists passed with the following output:
Change Dir: /home/project/cu_riscv32i_cycle_accurate/work/ia/llvm/build/CMakeFiles/CMakeTmp

Run Build Command(s):/contrib/bin/ninja cmTC_96499 && [1/2] Building C object CMakeFiles/cmTC_96499.dir/CheckIncludeFile.c.o
[2/2] Linking C executable cmTC_96499



Determining if the function pthread_create exists in the pthread passed with the following output:
Change Dir: /home/project/cu_riscv32i_cycle_accurate/work/ia/llvm/build/CMakeFiles/CMakeTmp

Run Build Command(s):/contrib/bin/ninja cmTC_94a6e && [1/2] Building C object CMakeFiles/cmTC_94a6e.dir/CheckFunctionExists.c.o
[2/2] Linking C executable cmTC_94a6e



Determining if the function pthread_getspecific exists in the pthread passed with the following output:
Change Dir: /home/project/cu_riscv32i_cycle_accurate/work/ia/llvm/build/CMakeFiles/CMakeTmp

Run Build Command(s):/contrib/bin/ninja cmTC_2cb8e && [1/2] Building C object CMakeFiles/cmTC_2cb8e.dir/CheckFunctionExists.c.o
[2/2] Linking C executable cmTC_2cb8e



Determining if the function pthread_rwlock_init exists in the pthread passed with the following output:
Change Dir: /home/project/cu_riscv32i_cycle_accurate/work/ia/llvm/build/CMakeFiles/CMakeTmp

Run Build Command(s):/contrib/bin/ninja cmTC_b308f && [1/2] Building C object CMakeFiles/cmTC_b308f.dir/CheckFunctionExists.c.o
[2/2] Linking C executable cmTC_b308f



Determining if the function pthread_mutex_lock exists in the pthread passed with the following output:
Change Dir: /home/project/cu_riscv32i_cycle_accurate/work/ia/llvm/build/CMakeFiles/CMakeTmp

Run Build Command(s):/contrib/bin/ninja cmTC_b05b8 && [1/2] Building C object CMakeFiles/cmTC_b05b8.dir/CheckFunctionExists.c.o
[2/2] Linking C executable cmTC_b05b8



Determining if the function dlopen exists in the dl passed with the following output:
Change Dir: /home/project/cu_riscv32i_cycle_accurate/work/ia/llvm/build/CMakeFiles/CMakeTmp

Run Build Command(s):/contrib/bin/ninja cmTC_64f30 && [1/2] Building C object CMakeFiles/cmTC_64f30.dir/CheckFunctionExists.c.o
[2/2] Linking C executable cmTC_64f30



Determining if the function clock_gettime exists in the rt passed with the following output:
Change Dir: /home/project/cu_riscv32i_cycle_accurate/work/ia/llvm/build/CMakeFiles/CMakeTmp

Run Build Command(s):/contrib/bin/ninja cmTC_869c3 && [1/2] Building C object CMakeFiles/cmTC_869c3.dir/CheckFunctionExists.c.o
[2/2] Linking C executable cmTC_869c3



Determining if the include file pthread.h exists passed with the following output:
Change Dir: /home/project/cu_riscv32i_cycle_accurate/work/ia/llvm/build/CMakeFiles/CMakeTmp

Run Build Command(s):/contrib/bin/ninja cmTC_bf548 && [1/2] Building C object CMakeFiles/cmTC_bf548.dir/CheckIncludeFile.c.o
[2/2] Linking C executable cmTC_bf548



Determining if the function pthread_create exists in the pthread passed with the following output:
Change Dir: /home/project/cu_riscv32i_cycle_accurate/work/ia/llvm/build/CMakeFiles/CMakeTmp

Run Build Command(s):/contrib/bin/ninja cmTC_789ef && [1/2] Building C object CMakeFiles/cmTC_789ef.dir/CheckFunctionExists.c.o
[2/2] Linking C executable cmTC_789ef



Determining if the function compress2 exists in the z passed with the following output:
Change Dir: /home/project/cu_riscv32i_cycle_accurate/work/ia/llvm/build/CMakeFiles/CMakeTmp

Run Build Command(s):/contrib/bin/ninja cmTC_db5d4 && [1/2] Building C object CMakeFiles/cmTC_db5d4.dir/CheckFunctionExists.c.o
[2/2] Linking C executable cmTC_db5d4



Determining if the function el_init exists in the edit passed with the following output:
Change Dir: /home/project/cu_riscv32i_cycle_accurate/work/ia/llvm/build/CMakeFiles/CMakeTmp

Run Build Command(s):/contrib/bin/ninja cmTC_9cafe && [1/2] Building C object CMakeFiles/cmTC_9cafe.dir/CheckFunctionExists.c.o
[2/2] Linking C executable cmTC_9cafe



Determining if the function setupterm exists in the tinfo passed with the following output:
Change Dir: /home/project/cu_riscv32i_cycle_accurate/work/ia/llvm/build/CMakeFiles/CMakeTmp

Run Build Command(s):/contrib/bin/ninja cmTC_bd026 && [1/2] Building C object CMakeFiles/cmTC_bd026.dir/CheckFunctionExists.c.o
[2/2] Linking C executable cmTC_bd026



Determining if the backtrace exist passed with the following output:
Change Dir: /home/project/cu_riscv32i_cycle_accurate/work/ia/llvm/build/CMakeFiles/CMakeTmp

Run Build Command(s):/contrib/bin/ninja cmTC_24337 && [1/2] Building C object CMakeFiles/cmTC_24337.dir/CheckSymbolExists.c.o
[2/2] Linking C executable cmTC_24337


File /home/project/cu_riscv32i_cycle_accurate/work/ia/llvm/build/CMakeFiles/CMakeTmp/CheckSymbolExists.c:
/* */
#include <execinfo.h>

int main(int argc, char** argv)
{
  (void)argv;
#ifndef backtrace
  return ((int*)(&backtrace))[argc];
#else
  (void)argc;
  return 0;
#endif
}
Determining if the _Unwind_Backtrace exist passed with the following output:
Change Dir: /home/project/cu_riscv32i_cycle_accurate/work/ia/llvm/build/CMakeFiles/CMakeTmp

Run Build Command(s):/contrib/bin/ninja cmTC_86b65 && [1/2] Building C object CMakeFiles/cmTC_86b65.dir/CheckSymbolExists.c.o
[2/2] Linking C executable cmTC_86b65


File /home/project/cu_riscv32i_cycle_accurate/work/ia/llvm/build/CMakeFiles/CMakeTmp/CheckSymbolExists.c:
/* */
#include <unwind.h>

int main(int argc, char** argv)
{
  (void)argv;
#ifndef _Unwind_Backtrace
  return ((int*)(&_Unwind_Backtrace))[argc];
#else
  (void)argc;
  return 0;
#endif
}
Determining if the getpagesize exist passed with the following output:
Change Dir: /home/project/cu_riscv32i_cycle_accurate/work/ia/llvm/build/CMakeFiles/CMakeTmp

Run Build Command(s):/contrib/bin/ninja cmTC_0cbcf && [1/2] Building C object CMakeFiles/cmTC_0cbcf.dir/CheckSymbolExists.c.o
[2/2] Linking C executable cmTC_0cbcf


File /home/project/cu_riscv32i_cycle_accurate/work/ia/llvm/build/CMakeFiles/CMakeTmp/CheckSymbolExists.c:
/* */
#include <unistd.h>

int main(int argc, char** argv)
{
  (void)argv;
#ifndef getpagesize
  return ((int*)(&getpagesize))[argc];
#else
  (void)argc;
  return 0;
#endif
}
Determining if the sysconf exist passed with the following output:
Change Dir: /home/project/cu_riscv32i_cycle_accurate/work/ia/llvm/build/CMakeFiles/CMakeTmp

Run Build Command(s):/contrib/bin/ninja cmTC_7a274 && [1/2] Building C object CMakeFiles/cmTC_7a274.dir/CheckSymbolExists.c.o
[2/2] Linking C executable cmTC_7a274


File /home/project/cu_riscv32i_cycle_accurate/work/ia/llvm/build/CMakeFiles/CMakeTmp/CheckSymbolExists.c:
/* */
#include <unistd.h>

int main(int argc, char** argv)
{
  (void)argv;
#ifndef sysconf
  return ((int*)(&sysconf))[argc];
#else
  (void)argc;
  return 0;
#endif
}
Determining if the getrusage exist passed with the following output:
Change Dir: /home/project/cu_riscv32i_cycle_accurate/work/ia/llvm/build/CMakeFiles/CMakeTmp

Run Build Command(s):/contrib/bin/ninja cmTC_db120 && [1/2] Building C object CMakeFiles/cmTC_db120.dir/CheckSymbolExists.c.o
[2/2] Linking C executable cmTC_db120


File /home/project/cu_riscv32i_cycle_accurate/work/ia/llvm/build/CMakeFiles/CMakeTmp/CheckSymbolExists.c:
/* */
#include <sys/resource.h>

int main(int argc, char** argv)
{
  (void)argv;
#ifndef getrusage
  return ((int*)(&getrusage))[argc];
#else
  (void)argc;
  return 0;
#endif
}
Determining if the setrlimit exist passed with the following output:
Change Dir: /home/project/cu_riscv32i_cycle_accurate/work/ia/llvm/build/CMakeFiles/CMakeTmp

Run Build Command(s):/contrib/bin/ninja cmTC_a6493 && [1/2] Building C object CMakeFiles/cmTC_a6493.dir/CheckSymbolExists.c.o
[2/2] Linking C executable cmTC_a6493


File /home/project/cu_riscv32i_cycle_accurate/work/ia/llvm/build/CMakeFiles/CMakeTmp/CheckSymbolExists.c:
/* */
#include <sys/resource.h>

int main(int argc, char** argv)
{
  (void)argv;
#ifndef setrlimit
  return ((int*)(&setrlimit))[argc];
#else
  (void)argc;
  return 0;
#endif
}
Determining if the isatty exist passed with the following output:
Change Dir: /home/project/cu_riscv32i_cycle_accurate/work/ia/llvm/build/CMakeFiles/CMakeTmp

Run Build Command(s):/contrib/bin/ninja cmTC_b0553 && [1/2] Building C object CMakeFiles/cmTC_b0553.dir/CheckSymbolExists.c.o
[2/2] Linking C executable cmTC_b0553


File /home/project/cu_riscv32i_cycle_accurate/work/ia/llvm/build/CMakeFiles/CMakeTmp/CheckSymbolExists.c:
/* */
#include <unistd.h>

int main(int argc, char** argv)
{
  (void)argv;
#ifndef isatty
  return ((int*)(&isatty))[argc];
#else
  (void)argc;
  return 0;
#endif
}
Determining if the futimens exist passed with the following output:
Change Dir: /home/project/cu_riscv32i_cycle_accurate/work/ia/llvm/build/CMakeFiles/CMakeTmp

Run Build Command(s):/contrib/bin/ninja cmTC_045ff && [1/2] Building C object CMakeFiles/cmTC_045ff.dir/CheckSymbolExists.c.o
[2/2] Linking C executable cmTC_045ff


File /home/project/cu_riscv32i_cycle_accurate/work/ia/llvm/build/CMakeFiles/CMakeTmp/CheckSymbolExists.c:
/* */
#include <sys/stat.h>

int main(int argc, char** argv)
{
  (void)argv;
#ifndef futimens
  return ((int*)(&futimens))[argc];
#else
  (void)argc;
  return 0;
#endif
}
Determining if the futimes exist passed with the following output:
Change Dir: /home/project/cu_riscv32i_cycle_accurate/work/ia/llvm/build/CMakeFiles/CMakeTmp

Run Build Command(s):/contrib/bin/ninja cmTC_de7d9 && [1/2] Building C object CMakeFiles/cmTC_de7d9.dir/CheckSymbolExists.c.o
[2/2] Linking C executable cmTC_de7d9


File /home/project/cu_riscv32i_cycle_accurate/work/ia/llvm/build/CMakeFiles/CMakeTmp/CheckSymbolExists.c:
/* */
#include <sys/time.h>

int main(int argc, char** argv)
{
  (void)argv;
#ifndef futimes
  return ((int*)(&futimes))[argc];
#else
  (void)argc;
  return 0;
#endif
}
Determining if the posix_fallocate exist passed with the following output:
Change Dir: /home/project/cu_riscv32i_cycle_accurate/work/ia/llvm/build/CMakeFiles/CMakeTmp

Run Build Command(s):/contrib/bin/ninja cmTC_46c4d && [1/2] Building C object CMakeFiles/cmTC_46c4d.dir/CheckSymbolExists.c.o
[2/2] Linking C executable cmTC_46c4d


File /home/project/cu_riscv32i_cycle_accurate/work/ia/llvm/build/CMakeFiles/CMakeTmp/CheckSymbolExists.c:
/* */
#include <fcntl.h>

int main(int argc, char** argv)
{
  (void)argv;
#ifndef posix_fallocate
  return ((int*)(&posix_fallocate))[argc];
#else
  (void)argc;
  return 0;
#endif
}
Determining if the sigaltstack exist passed with the following output:
Change Dir: /home/project/cu_riscv32i_cycle_accurate/work/ia/llvm/build/CMakeFiles/CMakeTmp

Run Build Command(s):/contrib/bin/ninja cmTC_252ca && [1/2] Building C object CMakeFiles/cmTC_252ca.dir/CheckSymbolExists.c.o
[2/2] Linking C executable cmTC_252ca


File /home/project/cu_riscv32i_cycle_accurate/work/ia/llvm/build/CMakeFiles/CMakeTmp/CheckSymbolExists.c:
/* */
#include <signal.h>

int main(int argc, char** argv)
{
  (void)argv;
#ifndef sigaltstack
  return ((int*)(&sigaltstack))[argc];
#else
  (void)argc;
  return 0;
#endif
}
Determining if the lseek64 exist passed with the following output:
Change Dir: /home/project/cu_riscv32i_cycle_accurate/work/ia/llvm/build/CMakeFiles/CMakeTmp

Run Build Command(s):/contrib/bin/ninja cmTC_c171f && [1/2] Building C object CMakeFiles/cmTC_c171f.dir/CheckSymbolExists.c.o
[2/2] Linking C executable cmTC_c171f


File /home/project/cu_riscv32i_cycle_accurate/work/ia/llvm/build/CMakeFiles/CMakeTmp/CheckSymbolExists.c:
/* */
#include <sys/types.h>
#include <unistd.h>

int main(int argc, char** argv)
{
  (void)argv;
#ifndef lseek64
  return ((int*)(&lseek64))[argc];
#else
  (void)argc;
  return 0;
#endif
}
Determining if the mallinfo exist passed with the following output:
Change Dir: /home/project/cu_riscv32i_cycle_accurate/work/ia/llvm/build/CMakeFiles/CMakeTmp

Run Build Command(s):/contrib/bin/ninja cmTC_887e5 && [1/2] Building C object CMakeFiles/cmTC_887e5.dir/CheckSymbolExists.c.o
[2/2] Linking C executable cmTC_887e5


File /home/project/cu_riscv32i_cycle_accurate/work/ia/llvm/build/CMakeFiles/CMakeTmp/CheckSymbolExists.c:
/* */
#include <malloc.h>

int main(int argc, char** argv)
{
  (void)argv;
#ifndef mallinfo
  return ((int*)(&mallinfo))[argc];
#else
  (void)argc;
  return 0;
#endif
}
Determining if the getrlimit exist passed with the following output:
Change Dir: /home/project/cu_riscv32i_cycle_accurate/work/ia/llvm/build/CMakeFiles/CMakeTmp

Run Build Command(s):/contrib/bin/ninja cmTC_63629 && [1/2] Building C object CMakeFiles/cmTC_63629.dir/CheckSymbolExists.c.o
[2/2] Linking C executable cmTC_63629


File /home/project/cu_riscv32i_cycle_accurate/work/ia/llvm/build/CMakeFiles/CMakeTmp/CheckSymbolExists.c:
/* */
#include <sys/types.h>
#include <sys/time.h>
#include <sys/resource.h>

int main(int argc, char** argv)
{
  (void)argv;
#ifndef getrlimit
  return ((int*)(&getrlimit))[argc];
#else
  (void)argc;
  return 0;
#endif
}
Determining if the posix_spawn exist passed with the following output:
Change Dir: /home/project/cu_riscv32i_cycle_accurate/work/ia/llvm/build/CMakeFiles/CMakeTmp

Run Build Command(s):/contrib/bin/ninja cmTC_f60ea && [1/2] Building C object CMakeFiles/cmTC_f60ea.dir/CheckSymbolExists.c.o
[2/2] Linking C executable cmTC_f60ea


File /home/project/cu_riscv32i_cycle_accurate/work/ia/llvm/build/CMakeFiles/CMakeTmp/CheckSymbolExists.c:
/* */
#include <spawn.h>

int main(int argc, char** argv)
{
  (void)argv;
#ifndef posix_spawn
  return ((int*)(&posix_spawn))[argc];
#else
  (void)argc;
  return 0;
#endif
}
Determining if the pread exist passed with the following output:
Change Dir: /home/project/cu_riscv32i_cycle_accurate/work/ia/llvm/build/CMakeFiles/CMakeTmp

Run Build Command(s):/contrib/bin/ninja cmTC_d02c3 && [1/2] Building C object CMakeFiles/cmTC_d02c3.dir/CheckSymbolExists.c.o
[2/2] Linking C executable cmTC_d02c3


File /home/project/cu_riscv32i_cycle_accurate/work/ia/llvm/build/CMakeFiles/CMakeTmp/CheckSymbolExists.c:
/* */
#include <unistd.h>

int main(int argc, char** argv)
{
  (void)argv;
#ifndef pread
  return ((int*)(&pread))[argc];
#else
  (void)argc;
  return 0;
#endif
}
Determining if the sbrk exist passed with the following output:
Change Dir: /home/project/cu_riscv32i_cycle_accurate/work/ia/llvm/build/CMakeFiles/CMakeTmp

Run Build Command(s):/contrib/bin/ninja cmTC_4ef65 && [1/2] Building C object CMakeFiles/cmTC_4ef65.dir/CheckSymbolExists.c.o
[2/2] Linking C executable cmTC_4ef65


File /home/project/cu_riscv32i_cycle_accurate/work/ia/llvm/build/CMakeFiles/CMakeTmp/CheckSymbolExists.c:
/* */
#include <unistd.h>

int main(int argc, char** argv)
{
  (void)argv;
#ifndef sbrk
  return ((int*)(&sbrk))[argc];
#else
  (void)argc;
  return 0;
#endif
}
Determining if the strerror exist passed with the following output:
Change Dir: /home/project/cu_riscv32i_cycle_accurate/work/ia/llvm/build/CMakeFiles/CMakeTmp

Run Build Command(s):/contrib/bin/ninja cmTC_3e289 && [1/2] Building C object CMakeFiles/cmTC_3e289.dir/CheckSymbolExists.c.o
[2/2] Linking C executable cmTC_3e289


File /home/project/cu_riscv32i_cycle_accurate/work/ia/llvm/build/CMakeFiles/CMakeTmp/CheckSymbolExists.c:
/* */
#include <string.h>

int main(int argc, char** argv)
{
  (void)argv;
#ifndef strerror
  return ((int*)(&strerror))[argc];
#else
  (void)argc;
  return 0;
#endif
}
Determining if the strerror_r exist passed with the following output:
Change Dir: /home/project/cu_riscv32i_cycle_accurate/work/ia/llvm/build/CMakeFiles/CMakeTmp

Run Build Command(s):/contrib/bin/ninja cmTC_0ab0b && [1/2] Building C object CMakeFiles/cmTC_0ab0b.dir/CheckSymbolExists.c.o
[2/2] Linking C executable cmTC_0ab0b


File /home/project/cu_riscv32i_cycle_accurate/work/ia/llvm/build/CMakeFiles/CMakeTmp/CheckSymbolExists.c:
/* */
#include <string.h>

int main(int argc, char** argv)
{
  (void)argv;
#ifndef strerror_r
  return ((int*)(&strerror_r))[argc];
#else
  (void)argc;
  return 0;
#endif
}
Determining if the setenv exist passed with the following output:
Change Dir: /home/project/cu_riscv32i_cycle_accurate/work/ia/llvm/build/CMakeFiles/CMakeTmp

Run Build Command(s):/contrib/bin/ninja cmTC_d4da0 && [1/2] Building C object CMakeFiles/cmTC_d4da0.dir/CheckSymbolExists.c.o
[2/2] Linking C executable cmTC_d4da0


File /home/project/cu_riscv32i_cycle_accurate/work/ia/llvm/build/CMakeFiles/CMakeTmp/CheckSymbolExists.c:
/* */
#include <stdlib.h>

int main(int argc, char** argv)
{
  (void)argv;
#ifndef setenv
  return ((int*)(&setenv))[argc];
#else
  (void)argc;
  return 0;
#endif
}
Determining if the dlopen exist passed with the following output:
Change Dir: /home/project/cu_riscv32i_cycle_accurate/work/ia/llvm/build/CMakeFiles/CMakeTmp

Run Build Command(s):/contrib/bin/ninja cmTC_34fc0 && [1/2] Building C object CMakeFiles/cmTC_34fc0.dir/CheckSymbolExists.c.o
[2/2] Linking C executable cmTC_34fc0


File /home/project/cu_riscv32i_cycle_accurate/work/ia/llvm/build/CMakeFiles/CMakeTmp/CheckSymbolExists.c:
/* */
#include <dlfcn.h>

int main(int argc, char** argv)
{
  (void)argv;
#ifndef dlopen
  return ((int*)(&dlopen))[argc];
#else
  (void)argc;
  return 0;
#endif
}
Performing C SOURCE FILE Test HAVE_STRUCT_STAT_ST_MTIM_TV_NSEC succeeded with the following output:
Change Dir: /home/project/cu_riscv32i_cycle_accurate/work/ia/llvm/build/CMakeFiles/CMakeTmp

Run Build Command(s):/contrib/bin/ninja cmTC_0c792 && [1/2] Building C object CMakeFiles/cmTC_0c792.dir/src.c.o
[2/2] Linking C executable cmTC_0c792


Source file was:

#include <sys/types.h>
#include <sys/stat.h>

int main()
{
  (void)sizeof(((struct stat *)0)->st_mtim.tv_nsec);
  return 0;
}

Determining if the __GLIBC__ exist passed with the following output:
Change Dir: /home/project/cu_riscv32i_cycle_accurate/work/ia/llvm/build/CMakeFiles/CMakeTmp

Run Build Command(s):/contrib/bin/ninja cmTC_138f4 && [1/2] Building C object CMakeFiles/cmTC_138f4.dir/CheckSymbolExists.c.o
[2/2] Linking C executable cmTC_138f4


File /home/project/cu_riscv32i_cycle_accurate/work/ia/llvm/build/CMakeFiles/CMakeTmp/CheckSymbolExists.c:
/* */
#include <stdio.h>

int main(int argc, char** argv)
{
  (void)argv;
#ifndef __GLIBC__
  return ((int*)(&__GLIBC__))[argc];
#else
  (void)argc;
  return 0;
#endif
}
Determining if the sched_getaffinity exist passed with the following output:
Change Dir: /home/project/cu_riscv32i_cycle_accurate/work/ia/llvm/build/CMakeFiles/CMakeTmp

Run Build Command(s):/contrib/bin/ninja cmTC_413eb && [1/2] Building C object CMakeFiles/cmTC_413eb.dir/CheckSymbolExists.c.o
[2/2] Linking C executable cmTC_413eb


File /home/project/cu_riscv32i_cycle_accurate/work/ia/llvm/build/CMakeFiles/CMakeTmp/CheckSymbolExists.c:
/* */
#include <sched.h>

int main(int argc, char** argv)
{
  (void)argv;
#ifndef sched_getaffinity
  return ((int*)(&sched_getaffinity))[argc];
#else
  (void)argc;
  return 0;
#endif
}
Determining if the CPU_COUNT exist passed with the following output:
Change Dir: /home/project/cu_riscv32i_cycle_accurate/work/ia/llvm/build/CMakeFiles/CMakeTmp

Run Build Command(s):/contrib/bin/ninja cmTC_2808e && [1/2] Building C object CMakeFiles/cmTC_2808e.dir/CheckSymbolExists.c.o
[2/2] Linking C executable cmTC_2808e


File /home/project/cu_riscv32i_cycle_accurate/work/ia/llvm/build/CMakeFiles/CMakeTmp/CheckSymbolExists.c:
/* */
#include <sched.h>

int main(int argc, char** argv)
{
  (void)argv;
#ifndef CPU_COUNT
  return ((int*)(&CPU_COUNT))[argc];
#else
  (void)argc;
  return 0;
#endif
}
Determining if the pthread_getname_np exist passed with the following output:
Change Dir: /home/project/cu_riscv32i_cycle_accurate/work/ia/llvm/build/CMakeFiles/CMakeTmp

Run Build Command(s):/contrib/bin/ninja cmTC_c2037 && [1/2] Building C object CMakeFiles/cmTC_c2037.dir/CheckSymbolExists.c.o
[2/2] Linking C executable cmTC_c2037


File /home/project/cu_riscv32i_cycle_accurate/work/ia/llvm/build/CMakeFiles/CMakeTmp/CheckSymbolExists.c:
/* */
#include <pthread.h>

int main(int argc, char** argv)
{
  (void)argv;
#ifndef pthread_getname_np
  return ((int*)(&pthread_getname_np))[argc];
#else
  (void)argc;
  return 0;
#endif
}
Determining if the pthread_setname_np exist passed with the following output:
Change Dir: /home/project/cu_riscv32i_cycle_accurate/work/ia/llvm/build/CMakeFiles/CMakeTmp

Run Build Command(s):/contrib/bin/ninja cmTC_b7a0e && [1/2] Building C object CMakeFiles/cmTC_b7a0e.dir/CheckSymbolExists.c.o
[2/2] Linking C executable cmTC_b7a0e


File /home/project/cu_riscv32i_cycle_accurate/work/ia/llvm/build/CMakeFiles/CMakeTmp/CheckSymbolExists.c:
/* */
#include <pthread.h>

int main(int argc, char** argv)
{
  (void)argv;
#ifndef pthread_setname_np
  return ((int*)(&pthread_setname_np))[argc];
#else
  (void)argc;
  return 0;
#endif
}
Performing C++ SOURCE FILE Test HAVE_STD_IS_TRIVIALLY_COPYABLE succeeded with the following output:
Change Dir: /home/project/cu_riscv32i_cycle_accurate/work/ia/llvm/build/CMakeFiles/CMakeTmp

Run Build Command(s):/contrib/bin/ninja cmTC_29198 && [1/2] Building CXX object CMakeFiles/cmTC_29198.dir/src.cxx.o
[2/2] Linking CXX executable cmTC_29198


Source file was:

#include <type_traits>
struct T { int val; };
static_assert(std::is_trivially_copyable<T>::value, "ok");
int main() { return 0;}

Performing C++ SOURCE FILE Test HAVE_CXX_ATOMICS_WITHOUT_LIB succeeded with the following output:
Change Dir: /home/project/cu_riscv32i_cycle_accurate/work/ia/llvm/build/CMakeFiles/CMakeTmp

Run Build Command(s):/contrib/bin/ninja cmTC_43da9 && [1/2] Building CXX object CMakeFiles/cmTC_43da9.dir/src.cxx.o
[2/2] Linking CXX executable cmTC_43da9


Source file was:

#include <atomic>
std::atomic<int> x;
int main() {
  return x;
}

Performing C++ SOURCE FILE Test HAVE_CXX_ATOMICS64_WITHOUT_LIB succeeded with the following output:
Change Dir: /home/project/cu_riscv32i_cycle_accurate/work/ia/llvm/build/CMakeFiles/CMakeTmp

Run Build Command(s):/contrib/bin/ninja cmTC_08276 && [1/2] Building CXX object CMakeFiles/cmTC_08276.dir/src.cxx.o
[2/2] Linking CXX executable cmTC_08276


Source file was:

#include <atomic>
#include <cstdint>
std::atomic<uint64_t> x (0);
int main() {
  uint64_t i = x.load(std::memory_order_relaxed);
  return 0;
}

Performing C++ SOURCE FILE Test LLVM_HAS_ATOMICS succeeded with the following output:
Change Dir: /home/project/cu_riscv32i_cycle_accurate/work/ia/llvm/build/CMakeFiles/CMakeTmp

Run Build Command(s):/contrib/bin/ninja cmTC_6e49b && [1/2] Building CXX object CMakeFiles/cmTC_6e49b.dir/src.cxx.o
[2/2] Linking CXX executable cmTC_6e49b


Source file was:

#ifdef _MSC_VER
#include <windows.h>
#endif
int main() {
#ifdef _MSC_VER
        volatile LONG val = 1;
        MemoryBarrier();
        InterlockedCompareExchange(&val, 0, 1);
        InterlockedIncrement(&val);
        InterlockedDecrement(&val);
#else
        volatile unsigned long val = 1;
        __sync_synchronize();
        __sync_val_compare_and_swap(&val, 1, 0);
        __sync_add_and_fetch(&val, 1);
        __sync_sub_and_fetch(&val, 1);
#endif
        return 0;
      }

Performing C++ SOURCE FILE Test SUPPORTS_VARIADIC_MACROS_FLAG succeeded with the following output:
Change Dir: /home/project/cu_riscv32i_cycle_accurate/work/ia/llvm/build/CMakeFiles/CMakeTmp

Run Build Command(s):/contrib/bin/ninja cmTC_da261 && [1/2] Building CXX object CMakeFiles/cmTC_da261.dir/src.cxx.o
[2/2] Linking CXX executable cmTC_da261


Source file was:
int main() { return 0; }
Performing C++ SOURCE FILE Test HAS_MAYBE_UNINITIALIZED succeeded with the following output:
Change Dir: /home/project/cu_riscv32i_cycle_accurate/work/ia/llvm/build/CMakeFiles/CMakeTmp

Run Build Command(s):/contrib/bin/ninja cmTC_d3b95 && [1/2] Building CXX object CMakeFiles/cmTC_d3b95.dir/src.cxx.o
[2/2] Linking CXX executable cmTC_d3b95


Source file was:
int main() { return 0; }
Performing C SOURCE FILE Test C_SUPPORTS_FPIC succeeded with the following output:
Change Dir: /home/project/cu_riscv32i_cycle_accurate/work/ia/llvm/build/CMakeFiles/CMakeTmp

Run Build Command(s):/contrib/bin/ninja cmTC_c03a3 && [1/2] Building C object CMakeFiles/cmTC_c03a3.dir/src.c.o
[2/2] Linking C executable cmTC_c03a3


Source file was:
int main(void) { return 0; }
Performing C++ SOURCE FILE Test CXX_SUPPORTS_FPIC succeeded with the following output:
Change Dir: /home/project/cu_riscv32i_cycle_accurate/work/ia/llvm/build/CMakeFiles/CMakeTmp

Run Build Command(s):/contrib/bin/ninja cmTC_c33b1 && [1/2] Building CXX object CMakeFiles/cmTC_c33b1.dir/src.cxx.o
[2/2] Linking CXX executable cmTC_c33b1


Source file was:
int main() { return 0; }
Performing C++ SOURCE FILE Test SUPPORTS_FVISIBILITY_INLINES_HIDDEN_FLAG succeeded with the following output:
Change Dir: /home/project/cu_riscv32i_cycle_accurate/work/ia/llvm/build/CMakeFiles/CMakeTmp

Run Build Command(s):/contrib/bin/ninja cmTC_76439 && [1/2] Building CXX object CMakeFiles/cmTC_76439.dir/src.cxx.o
[2/2] Linking CXX executable cmTC_76439


Source file was:
int main() { return 0; }
Performing C SOURCE FILE Test C_SUPPORTS_WERROR_DATE_TIME succeeded with the following output:
Change Dir: /home/project/cu_riscv32i_cycle_accurate/work/ia/llvm/build/CMakeFiles/CMakeTmp

Run Build Command(s):/contrib/bin/ninja cmTC_ac870 && [1/2] Building C object CMakeFiles/cmTC_ac870.dir/src.c.o
[2/2] Linking C executable cmTC_ac870


Source file was:
int main(void) { return 0; }
Performing C++ SOURCE FILE Test CXX_SUPPORTS_WERROR_DATE_TIME succeeded with the following output:
Change Dir: /home/project/cu_riscv32i_cycle_accurate/work/ia/llvm/build/CMakeFiles/CMakeTmp

Run Build Command(s):/contrib/bin/ninja cmTC_afe32 && [1/2] Building CXX object CMakeFiles/cmTC_afe32.dir/src.cxx.o
[2/2] Linking CXX executable cmTC_afe32


Source file was:
int main() { return 0; }
Performing C++ SOURCE FILE Test CXX_SUPPORTS_CXX_STD succeeded with the following output:
Change Dir: /home/project/cu_riscv32i_cycle_accurate/work/ia/llvm/build/CMakeFiles/CMakeTmp

Run Build Command(s):/contrib/bin/ninja cmTC_06843 && [1/2] Building CXX object CMakeFiles/cmTC_06843.dir/src.cxx.o
[2/2] Linking CXX executable cmTC_06843


Source file was:
int main() { return 0; }
Performing C++ SOURCE FILE Test CXX_SUPPORTS_MISSING_FIELD_INITIALIZERS_FLAG succeeded with the following output:
Change Dir: /home/project/cu_riscv32i_cycle_accurate/work/ia/llvm/build/CMakeFiles/CMakeTmp

Run Build Command(s):/contrib/bin/ninja cmTC_9d22e && [1/2] Building CXX object CMakeFiles/cmTC_9d22e.dir/src.cxx.o
[2/2] Linking CXX executable cmTC_9d22e


Source file was:
int main() { return 0; }
Performing C SOURCE FILE Test C_SUPPORTS_IMPLICIT_FALLTHROUGH_FLAG succeeded with the following output:
Change Dir: /home/project/cu_riscv32i_cycle_accurate/work/ia/llvm/build/CMakeFiles/CMakeTmp

Run Build Command(s):/contrib/bin/ninja cmTC_955c9 && [1/2] Building C object CMakeFiles/cmTC_955c9.dir/src.c.o
[2/2] Linking C executable cmTC_955c9


Source file was:
int main(void) { return 0; }
Performing C++ SOURCE FILE Test CXX_SUPPORTS_IMPLICIT_FALLTHROUGH_FLAG succeeded with the following output:
Change Dir: /home/project/cu_riscv32i_cycle_accurate/work/ia/llvm/build/CMakeFiles/CMakeTmp

Run Build Command(s):/contrib/bin/ninja cmTC_b1cd1 && [1/2] Building CXX object CMakeFiles/cmTC_b1cd1.dir/src.cxx.o
[2/2] Linking CXX executable cmTC_b1cd1


Source file was:
int main() { return 0; }
Performing C++ SOURCE FILE Test CXX_SUPPORTS_NOEXCEPT_TYPE_FLAG succeeded with the following output:
Change Dir: /home/project/cu_riscv32i_cycle_accurate/work/ia/llvm/build/CMakeFiles/CMakeTmp

Run Build Command(s):/contrib/bin/ninja cmTC_efb73 && [1/2] Building CXX object CMakeFiles/cmTC_efb73.dir/src.cxx.o
[2/2] Linking CXX executable cmTC_efb73


Source file was:
int main() { return 0; }
Performing C++ SOURCE FILE Test CXX_SUPPORTS_DELETE_NON_VIRTUAL_DTOR_FLAG succeeded with the following output:
Change Dir: /home/project/cu_riscv32i_cycle_accurate/work/ia/llvm/build/CMakeFiles/CMakeTmp

Run Build Command(s):/contrib/bin/ninja cmTC_8490e && [1/2] Building CXX object CMakeFiles/cmTC_8490e.dir/src.cxx.o
[2/2] Linking CXX executable cmTC_8490e


Source file was:
int main() { return 0; }
Performing C SOURCE FILE Test C_SUPPORTS_FNO_FUNCTION_SECTIONS succeeded with the following output:
Change Dir: /home/project/cu_riscv32i_cycle_accurate/work/ia/llvm/build/CMakeFiles/CMakeTmp

Run Build Command(s):/contrib/bin/ninja cmTC_24f39 && [1/2] Building C object CMakeFiles/cmTC_24f39.dir/src.c.o
[2/2] Linking C executable cmTC_24f39


Source file was:
int main(void) { return 0; }
Performing C SOURCE FILE Test C_SUPPORTS_FFUNCTION_SECTIONS succeeded with the following output:
Change Dir: /home/project/cu_riscv32i_cycle_accurate/work/ia/llvm/build/CMakeFiles/CMakeTmp

Run Build Command(s):/contrib/bin/ninja cmTC_6b1dc && [1/2] Building C object CMakeFiles/cmTC_6b1dc.dir/src.c.o
[2/2] Linking C executable cmTC_6b1dc


Source file was:
int main(void) { return 0; }
Performing C++ SOURCE FILE Test CXX_SUPPORTS_FFUNCTION_SECTIONS succeeded with the following output:
Change Dir: /home/project/cu_riscv32i_cycle_accurate/work/ia/llvm/build/CMakeFiles/CMakeTmp

Run Build Command(s):/contrib/bin/ninja cmTC_2987c && [1/2] Building CXX object CMakeFiles/cmTC_2987c.dir/src.cxx.o
[2/2] Linking CXX executable cmTC_2987c


Source file was:
int main() { return 0; }
Performing C SOURCE FILE Test C_SUPPORTS_FDATA_SECTIONS succeeded with the following output:
Change Dir: /home/project/cu_riscv32i_cycle_accurate/work/ia/llvm/build/CMakeFiles/CMakeTmp

Run Build Command(s):/contrib/bin/ninja cmTC_1f2d4 && [1/2] Building C object CMakeFiles/cmTC_1f2d4.dir/src.c.o
[2/2] Linking C executable cmTC_1f2d4


Source file was:
int main(void) { return 0; }
Performing C++ SOURCE FILE Test CXX_SUPPORTS_FDATA_SECTIONS succeeded with the following output:
Change Dir: /home/project/cu_riscv32i_cycle_accurate/work/ia/llvm/build/CMakeFiles/CMakeTmp

Run Build Command(s):/contrib/bin/ninja cmTC_67d63 && [1/2] Building CXX object CMakeFiles/cmTC_67d63.dir/src.cxx.o
[2/2] Linking CXX executable cmTC_67d63


Source file was:
int main() { return 0; }
