The system is: Linux - 5.4.209-116.367.amzn2.x86_64 - x86_64
Compiling the C compiler identification source file "CMakeCCompilerId.c" succeeded.
Compiler: /contrib/bin/gcc 
Build flags: 
Id flags:  

The output was:
0


Compilation of the C compiler identification source "CMakeCCompilerId.c" produced "a.out"

The C compiler identification is GNU, found in "/home/project/cu_riscv32i_cycle_accurate/work/ia/llvm/build/CMakeFiles/3.17.3/CompilerIdC/a.out"

Compiling the CXX compiler identification source file "CMakeCXXCompilerId.cpp" succeeded.
Compiler: /contrib/bin/g++ 
Build flags: 
Id flags:  

The output was:
0


Compilation of the CXX compiler identification source "CMakeCXXCompilerId.cpp" produced "a.out"

The CXX compiler identification is GNU, found in "/home/project/cu_riscv32i_cycle_accurate/work/ia/llvm/build/CMakeFiles/3.17.3/CompilerIdCXX/a.out"

Checking whether the ASM compiler is GNU using "--version" matched "(GNU assembler)|(GCC)|(Free Software Foundation)":
gcc (GCC) 7.4.0
Copyright (C) 2017 Free Software Foundation, Inc.
This is free software; see the source for copying conditions.  There is NO
warranty; not even for MERCHANTABILITY or FITNESS FOR A PARTICULAR PURPOSE.

Determining if the C compiler works passed with the following output:
Change Dir: /home/project/cu_riscv32i_cycle_accurate/work/ia/llvm/build/CMakeFiles/CMakeTmp

Run Build Command(s):/contrib/bin/ninja cmTC_6a168 && [1/2] Building C object CMakeFiles/cmTC_6a168.dir/testCCompiler.c.o
[2/2] Linking C executable cmTC_6a168



Detecting C compiler ABI info compiled with the following output:
Change Dir: /home/project/cu_riscv32i_cycle_accurate/work/ia/llvm/build/CMakeFiles/CMakeTmp

Run Build Command(s):/contrib/bin/ninja cmTC_343e9 && [1/2] Building C object CMakeFiles/cmTC_343e9.dir/CMakeCCompilerABI.c.o
Using built-in specs.
COLLECT_GCC=/contrib/bin/gcc
Target: x86_64-linux-gnu
Configured with: ../../extract/gcc-7.4.0.tar.gz/gcc-7.4.0/configure --prefix=/home/jenkins/workspace/mm/maintenance/Bootstrap_contrib/r/Deb10-test-1/codasip-studio/install/contrib --enable-languages=c,c++ --enable-shared --enable-threads=posix --enable-checking=release --disable-libunwind-exceptions --enable-gnu-unique-object --enable-lto --disable-multilib --with-tune=generic --enable-bootstrap --build=x86_64-linux-gnu --host=x86_64-linux-gnu --target=x86_64-linux-gnu
Thread model: posix
gcc version 7.4.0 (GCC) 
COLLECT_GCC_OPTIONS='-v' '-o' 'CMakeFiles/cmTC_343e9.dir/CMakeCCompilerABI.c.o' '-c' '-mtune=generic' '-march=x86-64'
 /contrib/bin/../libexec/gcc/x86_64-linux-gnu/7.4.0/cc1 -quiet -v -imultiarch x86_64-linux-gnu -iprefix /contrib/bin/../lib/gcc/x86_64-linux-gnu/7.4.0/ /contrib/share/cmake-3.17/Modules/CMakeCCompilerABI.c -quiet -dumpbase CMakeCCompilerABI.c -mtune=generic -march=x86-64 -auxbase-strip CMakeFiles/cmTC_343e9.dir/CMakeCCompilerABI.c.o -version -o /tmp/ccMlAZL6.s
GNU C11 (GCC) version 7.4.0 (x86_64-linux-gnu)
	compiled by GNU C version 7.4.0, GMP version 6.1.0, MPFR version 3.1.4, MPC version 1.0.3, isl version isl-0.16.1-GMP

GGC heuristics: --param ggc-min-expand=100 --param ggc-min-heapsize=131072
ignoring nonexistent directory "/contrib/bin/../lib/gcc/x86_64-linux-gnu/7.4.0/../../../../x86_64-linux-gnu/include"
ignoring duplicate directory "/contrib/bin/../lib/gcc/../../lib/gcc/x86_64-linux-gnu/7.4.0/include"
ignoring nonexistent directory "/usr/local/include/x86_64-linux-gnu"
ignoring duplicate directory "/contrib/bin/../lib/gcc/../../lib/gcc/x86_64-linux-gnu/7.4.0/include-fixed"
ignoring nonexistent directory "/contrib/bin/../lib/gcc/../../lib/gcc/x86_64-linux-gnu/7.4.0/../../../../x86_64-linux-gnu/include"
#include "..." search starts here:
#include <...> search starts here:
 /contrib/bin/../lib/gcc/x86_64-linux-gnu/7.4.0/include
 /contrib/bin/../lib/gcc/x86_64-linux-gnu/7.4.0/include-fixed
 /usr/local/include
 /contrib/bin/../lib/gcc/../../include
 /usr/include/x86_64-linux-gnu
 /usr/include
End of search list.
GNU C11 (GCC) version 7.4.0 (x86_64-linux-gnu)
	compiled by GNU C version 7.4.0, GMP version 6.1.0, MPFR version 3.1.4, MPC version 1.0.3, isl version isl-0.16.1-GMP

GGC heuristics: --param ggc-min-expand=100 --param ggc-min-heapsize=131072
Compiler executable checksum: 560f3e63b9c72c16a0752cab23ee3b8f
COLLECT_GCC_OPTIONS='-v' '-o' 'CMakeFiles/cmTC_343e9.dir/CMakeCCompilerABI.c.o' '-c' '-mtune=generic' '-march=x86-64'
 /contrib/bin/../lib/gcc/x86_64-linux-gnu/7.4.0/../../../../x86_64-linux-gnu/bin/as -v --64 -o CMakeFiles/cmTC_343e9.dir/CMakeCCompilerABI.c.o /tmp/ccMlAZL6.s
GNU assembler version 2.30 (x86_64-linux-gnu) using BFD version (GNU Binutils) 2.30
COMPILER_PATH=/contrib/bin/../libexec/gcc/x86_64-linux-gnu/7.4.0/:/contrib/bin/../libexec/gcc/x86_64-linux-gnu/:/contrib/bin/../libexec/gcc/:/contrib/bin/../lib/gcc/x86_64-linux-gnu/7.4.0/../../../../x86_64-linux-gnu/bin/
LIBRARY_PATH=/contrib/bin/../lib/gcc/x86_64-linux-gnu/7.4.0/:/contrib/bin/../lib/gcc/x86_64-linux-gnu/:/contrib/bin/../lib/gcc/:/contrib/bin/../lib/gcc/x86_64-linux-gnu/7.4.0/../../../x86_64-linux-gnu/:/contrib/bin/../lib/gcc/x86_64-linux-gnu/7.4.0/../../../../lib64/:/lib/x86_64-linux-gnu/:/lib/../lib64/:/usr/lib/x86_64-linux-gnu/:/contrib/bin/../lib/gcc/x86_64-linux-gnu/7.4.0/../../../../x86_64-linux-gnu/lib/:/contrib/bin/../lib/gcc/x86_64-linux-gnu/7.4.0/../../../:/lib/:/usr/lib/
COLLECT_GCC_OPTIONS='-v' '-o' 'CMakeFiles/cmTC_343e9.dir/CMakeCCompilerABI.c.o' '-c' '-mtune=generic' '-march=x86-64'
[2/2] Linking C executable cmTC_343e9
Using built-in specs.
COLLECT_GCC=/contrib/bin/gcc
COLLECT_LTO_WRAPPER=/contrib/bin/../libexec/gcc/x86_64-linux-gnu/7.4.0/lto-wrapper
Target: x86_64-linux-gnu
Configured with: ../../extract/gcc-7.4.0.tar.gz/gcc-7.4.0/configure --prefix=/home/jenkins/workspace/mm/maintenance/Bootstrap_contrib/r/Deb10-test-1/codasip-studio/install/contrib --enable-languages=c,c++ --enable-shared --enable-threads=posix --enable-checking=release --disable-libunwind-exceptions --enable-gnu-unique-object --enable-lto --disable-multilib --with-tune=generic --enable-bootstrap --build=x86_64-linux-gnu --host=x86_64-linux-gnu --target=x86_64-linux-gnu
Thread model: posix
gcc version 7.4.0 (GCC) 
COMPILER_PATH=/contrib/bin/../libexec/gcc/x86_64-linux-gnu/7.4.0/:/contrib/bin/../libexec/gcc/x86_64-linux-gnu/:/contrib/bin/../libexec/gcc/:/contrib/bin/../lib/gcc/x86_64-linux-gnu/7.4.0/../../../../x86_64-linux-gnu/bin/
LIBRARY_PATH=/contrib/bin/../lib/gcc/x86_64-linux-gnu/7.4.0/:/contrib/bin/../lib/gcc/x86_64-linux-gnu/:/contrib/bin/../lib/gcc/:/contrib/bin/../lib/gcc/x86_64-linux-gnu/7.4.0/../../../x86_64-linux-gnu/:/contrib/bin/../lib/gcc/x86_64-linux-gnu/7.4.0/../../../../lib64/:/lib/x86_64-linux-gnu/:/lib/../lib64/:/usr/lib/x86_64-linux-gnu/:/contrib/bin/../lib/gcc/x86_64-linux-gnu/7.4.0/../../../../x86_64-linux-gnu/lib/:/contrib/bin/../lib/gcc/x86_64-linux-gnu/7.4.0/../../../:/lib/:/usr/lib/
COLLECT_GCC_OPTIONS='-static-libgcc' '-static-libstdc++' '-v' '-o' 'cmTC_343e9' '-mtune=generic' '-march=x86-64'
 /contrib/bin/../libexec/gcc/x86_64-linux-gnu/7.4.0/collect2 -plugin /contrib/bin/../libexec/gcc/x86_64-linux-gnu/7.4.0/liblto_plugin.so -plugin-opt=/contrib/bin/../libexec/gcc/x86_64-linux-gnu/7.4.0/lto-wrapper -plugin-opt=-fresolution=/tmp/ccUm1ZIa.res -plugin-opt=-pass-through=-lgcc -plugin-opt=-pass-through=-lgcc_eh -plugin-opt=-pass-through=-lc -plugin-opt=-pass-through=-lgcc -plugin-opt=-pass-through=-lgcc_eh --eh-frame-hdr -m elf_x86_64 -dynamic-linker /lib64/ld-linux-x86-64.so.2 -o cmTC_343e9 /usr/lib/x86_64-linux-gnu/crt1.o /usr/lib/x86_64-linux-gnu/crti.o /contrib/bin/../lib/gcc/x86_64-linux-gnu/7.4.0/crtbegin.o -L/contrib/bin/../lib/gcc/x86_64-linux-gnu/7.4.0 -L/contrib/bin/../lib/gcc/x86_64-linux-gnu -L/contrib/bin/../lib/gcc -L/contrib/bin/../lib/gcc/x86_64-linux-gnu/7.4.0/../../../x86_64-linux-gnu -L/contrib/bin/../lib/gcc/x86_64-linux-gnu/7.4.0/../../../../lib64 -L/lib/x86_64-linux-gnu -L/lib/../lib64 -L/usr/lib/x86_64-linux-gnu -L/contrib/bin/../lib/gcc/x86_64-linux-gnu/7.4.0/../../../../x86_64-linux-gnu/lib -L/contrib/bin/../lib/gcc/x86_64-linux-gnu/7.4.0/../../.. CMakeFiles/cmTC_343e9.dir/CMakeCCompilerABI.c.o -lgcc -lgcc_eh -lc -lgcc -lgcc_eh /contrib/bin/../lib/gcc/x86_64-linux-gnu/7.4.0/crtend.o /usr/lib/x86_64-linux-gnu/crtn.o
COLLECT_GCC_OPTIONS='-static-libgcc' '-static-libstdc++' '-v' '-o' 'cmTC_343e9' '-mtune=generic' '-march=x86-64'



Parsed C implicit include dir info from above output: rv=done
  found start of include info
  found start of implicit include info
    add: [/contrib/bin/../lib/gcc/x86_64-linux-gnu/7.4.0/include]
    add: [/contrib/bin/../lib/gcc/x86_64-linux-gnu/7.4.0/include-fixed]
    add: [/usr/local/include]
    add: [/contrib/bin/../lib/gcc/../../include]
    add: [/usr/include/x86_64-linux-gnu]
    add: [/usr/include]
  end of search list found
  collapse include dir [/contrib/bin/../lib/gcc/x86_64-linux-gnu/7.4.0/include] ==> [/contrib/lib/gcc/x86_64-linux-gnu/7.4.0/include]
  collapse include dir [/contrib/bin/../lib/gcc/x86_64-linux-gnu/7.4.0/include-fixed] ==> [/contrib/lib/gcc/x86_64-linux-gnu/7.4.0/include-fixed]
  collapse include dir [/usr/local/include] ==> [/usr/local/include]
  collapse include dir [/contrib/bin/../lib/gcc/../../include] ==> [/contrib/include]
  collapse include dir [/usr/include/x86_64-linux-gnu] ==> [/usr/include/x86_64-linux-gnu]
  collapse include dir [/usr/include] ==> [/usr/include]
  implicit include dirs: [/contrib/lib/gcc/x86_64-linux-gnu/7.4.0/include;/contrib/lib/gcc/x86_64-linux-gnu/7.4.0/include-fixed;/usr/local/include;/contrib/include;/usr/include/x86_64-linux-gnu;/usr/include]


Parsed C implicit link information from above output:
  link line regex: [^( *|.*[/\])(ld|CMAKE_LINK_STARTFILE-NOTFOUND|([^/\]+-)?ld|collect2)[^/\]*( |$)]
  ignore line: [Change Dir: /home/project/cu_riscv32i_cycle_accurate/work/ia/llvm/build/CMakeFiles/CMakeTmp]
  ignore line: []
  ignore line: [Run Build Command(s):/contrib/bin/ninja cmTC_343e9 && [1/2] Building C object CMakeFiles/cmTC_343e9.dir/CMakeCCompilerABI.c.o]
  ignore line: [Using built-in specs.]
  ignore line: [COLLECT_GCC=/contrib/bin/gcc]
  ignore line: [Target: x86_64-linux-gnu]
  ignore line: [Configured with: ../../extract/gcc-7.4.0.tar.gz/gcc-7.4.0/configure --prefix=/home/jenkins/workspace/mm/maintenance/Bootstrap_contrib/r/Deb10-test-1/codasip-studio/install/contrib --enable-languages=c c++ --enable-shared --enable-threads=posix --enable-checking=release --disable-libunwind-exceptions --enable-gnu-unique-object --enable-lto --disable-multilib --with-tune=generic --enable-bootstrap --build=x86_64-linux-gnu --host=x86_64-linux-gnu --target=x86_64-linux-gnu]
  ignore line: [Thread model: posix]
  ignore line: [gcc version 7.4.0 (GCC) ]
  ignore line: [COLLECT_GCC_OPTIONS='-v' '-o' 'CMakeFiles/cmTC_343e9.dir/CMakeCCompilerABI.c.o' '-c' '-mtune=generic' '-march=x86-64']
  ignore line: [ /contrib/bin/../libexec/gcc/x86_64-linux-gnu/7.4.0/cc1 -quiet -v -imultiarch x86_64-linux-gnu -iprefix /contrib/bin/../lib/gcc/x86_64-linux-gnu/7.4.0/ /contrib/share/cmake-3.17/Modules/CMakeCCompilerABI.c -quiet -dumpbase CMakeCCompilerABI.c -mtune=generic -march=x86-64 -auxbase-strip CMakeFiles/cmTC_343e9.dir/CMakeCCompilerABI.c.o -version -o /tmp/ccMlAZL6.s]
  ignore line: [GNU C11 (GCC) version 7.4.0 (x86_64-linux-gnu)]
  ignore line: [	compiled by GNU C version 7.4.0  GMP version 6.1.0  MPFR version 3.1.4  MPC version 1.0.3  isl version isl-0.16.1-GMP]
  ignore line: []
  ignore line: [GGC heuristics: --param ggc-min-expand=100 --param ggc-min-heapsize=131072]
  ignore line: [ignoring nonexistent directory "/contrib/bin/../lib/gcc/x86_64-linux-gnu/7.4.0/../../../../x86_64-linux-gnu/include"]
  ignore line: [ignoring duplicate directory "/contrib/bin/../lib/gcc/../../lib/gcc/x86_64-linux-gnu/7.4.0/include"]
  ignore line: [ignoring nonexistent directory "/usr/local/include/x86_64-linux-gnu"]
  ignore line: [ignoring duplicate directory "/contrib/bin/../lib/gcc/../../lib/gcc/x86_64-linux-gnu/7.4.0/include-fixed"]
  ignore line: [ignoring nonexistent directory "/contrib/bin/../lib/gcc/../../lib/gcc/x86_64-linux-gnu/7.4.0/../../../../x86_64-linux-gnu/include"]
  ignore line: [#include "..." search starts here:]
  ignore line: [#include <...> search starts here:]
  ignore line: [ /contrib/bin/../lib/gcc/x86_64-linux-gnu/7.4.0/include]
  ignore line: [ /contrib/bin/../lib/gcc/x86_64-linux-gnu/7.4.0/include-fixed]
  ignore line: [ /usr/local/include]
  ignore line: [ /contrib/bin/../lib/gcc/../../include]
  ignore line: [ /usr/include/x86_64-linux-gnu]
  ignore line: [ /usr/include]
  ignore line: [End of search list.]
  ignore line: [GNU C11 (GCC) version 7.4.0 (x86_64-linux-gnu)]
  ignore line: [	compiled by GNU C version 7.4.0  GMP version 6.1.0  MPFR version 3.1.4  MPC version 1.0.3  isl version isl-0.16.1-GMP]
  ignore line: []
  ignore line: [GGC heuristics: --param ggc-min-expand=100 --param ggc-min-heapsize=131072]
  ignore line: [Compiler executable checksum: 560f3e63b9c72c16a0752cab23ee3b8f]
  ignore line: [COLLECT_GCC_OPTIONS='-v' '-o' 'CMakeFiles/cmTC_343e9.dir/CMakeCCompilerABI.c.o' '-c' '-mtune=generic' '-march=x86-64']
  ignore line: [ /contrib/bin/../lib/gcc/x86_64-linux-gnu/7.4.0/../../../../x86_64-linux-gnu/bin/as -v --64 -o CMakeFiles/cmTC_343e9.dir/CMakeCCompilerABI.c.o /tmp/ccMlAZL6.s]
  ignore line: [GNU assembler version 2.30 (x86_64-linux-gnu) using BFD version (GNU Binutils) 2.30]
  ignore line: [COMPILER_PATH=/contrib/bin/../libexec/gcc/x86_64-linux-gnu/7.4.0/:/contrib/bin/../libexec/gcc/x86_64-linux-gnu/:/contrib/bin/../libexec/gcc/:/contrib/bin/../lib/gcc/x86_64-linux-gnu/7.4.0/../../../../x86_64-linux-gnu/bin/]
  ignore line: [LIBRARY_PATH=/contrib/bin/../lib/gcc/x86_64-linux-gnu/7.4.0/:/contrib/bin/../lib/gcc/x86_64-linux-gnu/:/contrib/bin/../lib/gcc/:/contrib/bin/../lib/gcc/x86_64-linux-gnu/7.4.0/../../../x86_64-linux-gnu/:/contrib/bin/../lib/gcc/x86_64-linux-gnu/7.4.0/../../../../lib64/:/lib/x86_64-linux-gnu/:/lib/../lib64/:/usr/lib/x86_64-linux-gnu/:/contrib/bin/../lib/gcc/x86_64-linux-gnu/7.4.0/../../../../x86_64-linux-gnu/lib/:/contrib/bin/../lib/gcc/x86_64-linux-gnu/7.4.0/../../../:/lib/:/usr/lib/]
  ignore line: [COLLECT_GCC_OPTIONS='-v' '-o' 'CMakeFiles/cmTC_343e9.dir/CMakeCCompilerABI.c.o' '-c' '-mtune=generic' '-march=x86-64']
  ignore line: [[2/2] Linking C executable cmTC_343e9]
  ignore line: [Using built-in specs.]
  ignore line: [COLLECT_GCC=/contrib/bin/gcc]
  ignore line: [COLLECT_LTO_WRAPPER=/contrib/bin/../libexec/gcc/x86_64-linux-gnu/7.4.0/lto-wrapper]
  ignore line: [Target: x86_64-linux-gnu]
  ignore line: [Configured with: ../../extract/gcc-7.4.0.tar.gz/gcc-7.4.0/configure --prefix=/home/jenkins/workspace/mm/maintenance/Bootstrap_contrib/r/Deb10-test-1/codasip-studio/install/contrib --enable-languages=c c++ --enable-shared --enable-threads=posix --enable-checking=release --disable-libunwind-exceptions --enable-gnu-unique-object --enable-lto --disable-multilib --with-tune=generic --enable-bootstrap --build=x86_64-linux-gnu --host=x86_64-linux-gnu --target=x86_64-linux-gnu]
  ignore line: [Thread model: posix]
  ignore line: [gcc version 7.4.0 (GCC) ]
  ignore line: [COMPILER_PATH=/contrib/bin/../libexec/gcc/x86_64-linux-gnu/7.4.0/:/contrib/bin/../libexec/gcc/x86_64-linux-gnu/:/contrib/bin/../libexec/gcc/:/contrib/bin/../lib/gcc/x86_64-linux-gnu/7.4.0/../../../../x86_64-linux-gnu/bin/]
  ignore line: [LIBRARY_PATH=/contrib/bin/../lib/gcc/x86_64-linux-gnu/7.4.0/:/contrib/bin/../lib/gcc/x86_64-linux-gnu/:/contrib/bin/../lib/gcc/:/contrib/bin/../lib/gcc/x86_64-linux-gnu/7.4.0/../../../x86_64-linux-gnu/:/contrib/bin/../lib/gcc/x86_64-linux-gnu/7.4.0/../../../../lib64/:/lib/x86_64-linux-gnu/:/lib/../lib64/:/usr/lib/x86_64-linux-gnu/:/contrib/bin/../lib/gcc/x86_64-linux-gnu/7.4.0/../../../../x86_64-linux-gnu/lib/:/contrib/bin/../lib/gcc/x86_64-linux-gnu/7.4.0/../../../:/lib/:/usr/lib/]
  ignore line: [COLLECT_GCC_OPTIONS='-static-libgcc' '-static-libstdc++' '-v' '-o' 'cmTC_343e9' '-mtune=generic' '-march=x86-64']
  link line: [ /contrib/bin/../libexec/gcc/x86_64-linux-gnu/7.4.0/collect2 -plugin /contrib/bin/../libexec/gcc/x86_64-linux-gnu/7.4.0/liblto_plugin.so -plugin-opt=/contrib/bin/../libexec/gcc/x86_64-linux-gnu/7.4.0/lto-wrapper -plugin-opt=-fresolution=/tmp/ccUm1ZIa.res -plugin-opt=-pass-through=-lgcc -plugin-opt=-pass-through=-lgcc_eh -plugin-opt=-pass-through=-lc -plugin-opt=-pass-through=-lgcc -plugin-opt=-pass-through=-lgcc_eh --eh-frame-hdr -m elf_x86_64 -dynamic-linker /lib64/ld-linux-x86-64.so.2 -o cmTC_343e9 /usr/lib/x86_64-linux-gnu/crt1.o /usr/lib/x86_64-linux-gnu/crti.o /contrib/bin/../lib/gcc/x86_64-linux-gnu/7.4.0/crtbegin.o -L/contrib/bin/../lib/gcc/x86_64-linux-gnu/7.4.0 -L/contrib/bin/../lib/gcc/x86_64-linux-gnu -L/contrib/bin/../lib/gcc -L/contrib/bin/../lib/gcc/x86_64-linux-gnu/7.4.0/../../../x86_64-linux-gnu -L/contrib/bin/../lib/gcc/x86_64-linux-gnu/7.4.0/../../../../lib64 -L/lib/x86_64-linux-gnu -L/lib/../lib64 -L/usr/lib/x86_64-linux-gnu -L/contrib/bin/../lib/gcc/x86_64-linux-gnu/7.4.0/../../../../x86_64-linux-gnu/lib -L/contrib/bin/../lib/gcc/x86_64-linux-gnu/7.4.0/../../.. CMakeFiles/cmTC_343e9.dir/CMakeCCompilerABI.c.o -lgcc -lgcc_eh -lc -lgcc -lgcc_eh /contrib/bin/../lib/gcc/x86_64-linux-gnu/7.4.0/crtend.o /usr/lib/x86_64-linux-gnu/crtn.o]
    arg [/contrib/bin/../libexec/gcc/x86_64-linux-gnu/7.4.0/collect2] ==> ignore
    arg [-plugin] ==> ignore
    arg [/contrib/bin/../libexec/gcc/x86_64-linux-gnu/7.4.0/liblto_plugin.so] ==> ignore
    arg [-plugin-opt=/contrib/bin/../libexec/gcc/x86_64-linux-gnu/7.4.0/lto-wrapper] ==> ignore
    arg [-plugin-opt=-fresolution=/tmp/ccUm1ZIa.res] ==> ignore
    arg [-plugin-opt=-pass-through=-lgcc] ==> ignore
    arg [-plugin-opt=-pass-through=-lgcc_eh] ==> ignore
    arg [-plugin-opt=-pass-through=-lc] ==> ignore
    arg [-plugin-opt=-pass-through=-lgcc] ==> ignore
    arg [-plugin-opt=-pass-through=-lgcc_eh] ==> ignore
    arg [--eh-frame-hdr] ==> ignore
    arg [-m] ==> ignore
    arg [elf_x86_64] ==> ignore
    arg [-dynamic-linker] ==> ignore
    arg [/lib64/ld-linux-x86-64.so.2] ==> ignore
    arg [-o] ==> ignore
    arg [cmTC_343e9] ==> ignore
    arg [/usr/lib/x86_64-linux-gnu/crt1.o] ==> ignore
    arg [/usr/lib/x86_64-linux-gnu/crti.o] ==> ignore
    arg [/contrib/bin/../lib/gcc/x86_64-linux-gnu/7.4.0/crtbegin.o] ==> ignore
    arg [-L/contrib/bin/../lib/gcc/x86_64-linux-gnu/7.4.0] ==> dir [/contrib/bin/../lib/gcc/x86_64-linux-gnu/7.4.0]
    arg [-L/contrib/bin/../lib/gcc/x86_64-linux-gnu] ==> dir [/contrib/bin/../lib/gcc/x86_64-linux-gnu]
    arg [-L/contrib/bin/../lib/gcc] ==> dir [/contrib/bin/../lib/gcc]
    arg [-L/contrib/bin/../lib/gcc/x86_64-linux-gnu/7.4.0/../../../x86_64-linux-gnu] ==> dir [/contrib/bin/../lib/gcc/x86_64-linux-gnu/7.4.0/../../../x86_64-linux-gnu]
    arg [-L/contrib/bin/../lib/gcc/x86_64-linux-gnu/7.4.0/../../../../lib64] ==> dir [/contrib/bin/../lib/gcc/x86_64-linux-gnu/7.4.0/../../../../lib64]
    arg [-L/lib/x86_64-linux-gnu] ==> dir [/lib/x86_64-linux-gnu]
    arg [-L/lib/../lib64] ==> dir [/lib/../lib64]
    arg [-L/usr/lib/x86_64-linux-gnu] ==> dir [/usr/lib/x86_64-linux-gnu]
    arg [-L/contrib/bin/../lib/gcc/x86_64-linux-gnu/7.4.0/../../../../x86_64-linux-gnu/lib] ==> dir [/contrib/bin/../lib/gcc/x86_64-linux-gnu/7.4.0/../../../../x86_64-linux-gnu/lib]
    arg [-L/contrib/bin/../lib/gcc/x86_64-linux-gnu/7.4.0/../../..] ==> dir [/contrib/bin/../lib/gcc/x86_64-linux-gnu/7.4.0/../../..]
    arg [CMakeFiles/cmTC_343e9.dir/CMakeCCompilerABI.c.o] ==> ignore
    arg [-lgcc] ==> lib [gcc]
    arg [-lgcc_eh] ==> lib [gcc_eh]
    arg [-lc] ==> lib [c]
    arg [-lgcc] ==> lib [gcc]
    arg [-lgcc_eh] ==> lib [gcc_eh]
    arg [/contrib/bin/../lib/gcc/x86_64-linux-gnu/7.4.0/crtend.o] ==> ignore
    arg [/usr/lib/x86_64-linux-gnu/crtn.o] ==> ignore
  remove lib [gcc_eh]
  remove lib [gcc_eh]
  collapse library dir [/contrib/bin/../lib/gcc/x86_64-linux-gnu/7.4.0] ==> [/contrib/lib/gcc/x86_64-linux-gnu/7.4.0]
  collapse library dir [/contrib/bin/../lib/gcc/x86_64-linux-gnu] ==> [/contrib/lib/gcc/x86_64-linux-gnu]
  collapse library dir [/contrib/bin/../lib/gcc] ==> [/contrib/lib/gcc]
  collapse library dir [/contrib/bin/../lib/gcc/x86_64-linux-gnu/7.4.0/../../../x86_64-linux-gnu] ==> [/contrib/lib/x86_64-linux-gnu]
  collapse library dir [/contrib/bin/../lib/gcc/x86_64-linux-gnu/7.4.0/../../../../lib64] ==> [/contrib/lib64]
  collapse library dir [/lib/x86_64-linux-gnu] ==> [/lib/x86_64-linux-gnu]
  collapse library dir [/lib/../lib64] ==> [/lib64]
  collapse library dir [/usr/lib/x86_64-linux-gnu] ==> [/usr/lib/x86_64-linux-gnu]
  collapse library dir [/contrib/bin/../lib/gcc/x86_64-linux-gnu/7.4.0/../../../../x86_64-linux-gnu/lib] ==> [/contrib/x86_64-linux-gnu/lib]
  collapse library dir [/contrib/bin/../lib/gcc/x86_64-linux-gnu/7.4.0/../../..] ==> [/contrib/lib]
  implicit libs: [gcc;c;gcc]
  implicit dirs: [/contrib/lib/gcc/x86_64-linux-gnu/7.4.0;/contrib/lib/gcc/x86_64-linux-gnu;/contrib/lib/gcc;/contrib/lib/x86_64-linux-gnu;/contrib/lib64;/lib/x86_64-linux-gnu;/lib64;/usr/lib/x86_64-linux-gnu;/contrib/x86_64-linux-gnu/lib;/contrib/lib]
  implicit fwks: []


Determining if the CXX compiler works passed with the following output:
Change Dir: /home/project/cu_riscv32i_cycle_accurate/work/ia/llvm/build/CMakeFiles/CMakeTmp

Run Build Command(s):/contrib/bin/ninja cmTC_c4987 && [1/2] Building CXX object CMakeFiles/cmTC_c4987.dir/testCXXCompiler.cxx.o
[2/2] Linking CXX executable cmTC_c4987



Detecting CXX compiler ABI info compiled with the following output:
Change Dir: /home/project/cu_riscv32i_cycle_accurate/work/ia/llvm/build/CMakeFiles/CMakeTmp

Run Build Command(s):/contrib/bin/ninja cmTC_fee7b && [1/2] Building CXX object CMakeFiles/cmTC_fee7b.dir/CMakeCXXCompilerABI.cpp.o
Using built-in specs.
COLLECT_GCC=/contrib/bin/g++
Target: x86_64-linux-gnu
Configured with: ../../extract/gcc-7.4.0.tar.gz/gcc-7.4.0/configure --prefix=/home/jenkins/workspace/mm/maintenance/Bootstrap_contrib/r/Deb10-test-1/codasip-studio/install/contrib --enable-languages=c,c++ --enable-shared --enable-threads=posix --enable-checking=release --disable-libunwind-exceptions --enable-gnu-unique-object --enable-lto --disable-multilib --with-tune=generic --enable-bootstrap --build=x86_64-linux-gnu --host=x86_64-linux-gnu --target=x86_64-linux-gnu
Thread model: posix
gcc version 7.4.0 (GCC) 
COLLECT_GCC_OPTIONS='-include' '/home/project/cu_riscv32i_cycle_accurate/work/cu_riscv32i_cycle_accurate_options.hcodal' '-v' '-o' 'CMakeFiles/cmTC_fee7b.dir/CMakeCXXCompilerABI.cpp.o' '-c' '-shared-libgcc' '-mtune=generic' '-march=x86-64'
 /contrib/bin/../libexec/gcc/x86_64-linux-gnu/7.4.0/cc1plus -quiet -v -imultiarch x86_64-linux-gnu -iprefix /contrib/bin/../lib/gcc/x86_64-linux-gnu/7.4.0/ -D_GNU_SOURCE -include /home/project/cu_riscv32i_cycle_accurate/work/cu_riscv32i_cycle_accurate_options.hcodal /contrib/share/cmake-3.17/Modules/CMakeCXXCompilerABI.cpp -quiet -dumpbase CMakeCXXCompilerABI.cpp -mtune=generic -march=x86-64 -auxbase-strip CMakeFiles/cmTC_fee7b.dir/CMakeCXXCompilerABI.cpp.o -version -o /tmp/ccrfnSG8.s
GNU C++14 (GCC) version 7.4.0 (x86_64-linux-gnu)
	compiled by GNU C version 7.4.0, GMP version 6.1.0, MPFR version 3.1.4, MPC version 1.0.3, isl version isl-0.16.1-GMP

GGC heuristics: --param ggc-min-expand=100 --param ggc-min-heapsize=131072
ignoring nonexistent directory "/contrib/bin/../lib/gcc/x86_64-linux-gnu/7.4.0/../../../../x86_64-linux-gnu/include"
ignoring duplicate directory "/contrib/bin/../lib/gcc/../../lib/gcc/x86_64-linux-gnu/7.4.0/../../../../include/c++/7.4.0"
ignoring duplicate directory "/contrib/bin/../lib/gcc/../../lib/gcc/x86_64-linux-gnu/7.4.0/../../../../include/c++/7.4.0/x86_64-linux-gnu"
ignoring duplicate directory "/contrib/bin/../lib/gcc/../../lib/gcc/x86_64-linux-gnu/7.4.0/../../../../include/c++/7.4.0/backward"
ignoring duplicate directory "/contrib/bin/../lib/gcc/../../lib/gcc/x86_64-linux-gnu/7.4.0/include"
ignoring nonexistent directory "/usr/local/include/x86_64-linux-gnu"
ignoring duplicate directory "/contrib/bin/../lib/gcc/../../lib/gcc/x86_64-linux-gnu/7.4.0/include-fixed"
ignoring nonexistent directory "/contrib/bin/../lib/gcc/../../lib/gcc/x86_64-linux-gnu/7.4.0/../../../../x86_64-linux-gnu/include"
#include "..." search starts here:
#include <...> search starts here:
 /contrib/bin/../lib/gcc/x86_64-linux-gnu/7.4.0/../../../../include/c++/7.4.0
 /contrib/bin/../lib/gcc/x86_64-linux-gnu/7.4.0/../../../../include/c++/7.4.0/x86_64-linux-gnu
 /contrib/bin/../lib/gcc/x86_64-linux-gnu/7.4.0/../../../../include/c++/7.4.0/backward
 /contrib/bin/../lib/gcc/x86_64-linux-gnu/7.4.0/include
 /contrib/bin/../lib/gcc/x86_64-linux-gnu/7.4.0/include-fixed
 /usr/local/include
 /contrib/bin/../lib/gcc/../../include
 /usr/include/x86_64-linux-gnu
 /usr/include
End of search list.
GNU C++14 (GCC) version 7.4.0 (x86_64-linux-gnu)
	compiled by GNU C version 7.4.0, GMP version 6.1.0, MPFR version 3.1.4, MPC version 1.0.3, isl version isl-0.16.1-GMP

GGC heuristics: --param ggc-min-expand=100 --param ggc-min-heapsize=131072
Compiler executable checksum: de05f298072810735c1bf4023281b961
COLLECT_GCC_OPTIONS='-include' '/home/project/cu_riscv32i_cycle_accurate/work/cu_riscv32i_cycle_accurate_options.hcodal' '-v' '-o' 'CMakeFiles/cmTC_fee7b.dir/CMakeCXXCompilerABI.cpp.o' '-c' '-shared-libgcc' '-mtune=generic' '-march=x86-64'
 /contrib/bin/../lib/gcc/x86_64-linux-gnu/7.4.0/../../../../x86_64-linux-gnu/bin/as -v --64 -o CMakeFiles/cmTC_fee7b.dir/CMakeCXXCompilerABI.cpp.o /tmp/ccrfnSG8.s
GNU assembler version 2.30 (x86_64-linux-gnu) using BFD version (GNU Binutils) 2.30
COMPILER_PATH=/contrib/bin/../libexec/gcc/x86_64-linux-gnu/7.4.0/:/contrib/bin/../libexec/gcc/x86_64-linux-gnu/:/contrib/bin/../libexec/gcc/:/contrib/bin/../lib/gcc/x86_64-linux-gnu/7.4.0/../../../../x86_64-linux-gnu/bin/
LIBRARY_PATH=/contrib/bin/../lib/gcc/x86_64-linux-gnu/7.4.0/:/contrib/bin/../lib/gcc/x86_64-linux-gnu/:/contrib/bin/../lib/gcc/:/contrib/bin/../lib/gcc/x86_64-linux-gnu/7.4.0/../../../x86_64-linux-gnu/:/contrib/bin/../lib/gcc/x86_64-linux-gnu/7.4.0/../../../../lib64/:/lib/x86_64-linux-gnu/:/lib/../lib64/:/usr/lib/x86_64-linux-gnu/:/contrib/bin/../lib/gcc/x86_64-linux-gnu/7.4.0/../../../../x86_64-linux-gnu/lib/:/contrib/bin/../lib/gcc/x86_64-linux-gnu/7.4.0/../../../:/lib/:/usr/lib/
COLLECT_GCC_OPTIONS='-include' '/home/project/cu_riscv32i_cycle_accurate/work/cu_riscv32i_cycle_accurate_options.hcodal' '-v' '-o' 'CMakeFiles/cmTC_fee7b.dir/CMakeCXXCompilerABI.cpp.o' '-c' '-shared-libgcc' '-mtune=generic' '-march=x86-64'
[2/2] Linking CXX executable cmTC_fee7b
Using built-in specs.
COLLECT_GCC=/contrib/bin/g++
COLLECT_LTO_WRAPPER=/contrib/bin/../libexec/gcc/x86_64-linux-gnu/7.4.0/lto-wrapper
Target: x86_64-linux-gnu
Configured with: ../../extract/gcc-7.4.0.tar.gz/gcc-7.4.0/configure --prefix=/home/jenkins/workspace/mm/maintenance/Bootstrap_contrib/r/Deb10-test-1/codasip-studio/install/contrib --enable-languages=c,c++ --enable-shared --enable-threads=posix --enable-checking=release --disable-libunwind-exceptions --enable-gnu-unique-object --enable-lto --disable-multilib --with-tune=generic --enable-bootstrap --build=x86_64-linux-gnu --host=x86_64-linux-gnu --target=x86_64-linux-gnu
Thread model: posix
gcc version 7.4.0 (GCC) 
COMPILER_PATH=/contrib/bin/../libexec/gcc/x86_64-linux-gnu/7.4.0/:/contrib/bin/../libexec/gcc/x86_64-linux-gnu/:/contrib/bin/../libexec/gcc/:/contrib/bin/../lib/gcc/x86_64-linux-gnu/7.4.0/../../../../x86_64-linux-gnu/bin/
LIBRARY_PATH=/contrib/bin/../lib/gcc/x86_64-linux-gnu/7.4.0/:/contrib/bin/../lib/gcc/x86_64-linux-gnu/:/contrib/bin/../lib/gcc/:/contrib/bin/../lib/gcc/x86_64-linux-gnu/7.4.0/../../../x86_64-linux-gnu/:/contrib/bin/../lib/gcc/x86_64-linux-gnu/7.4.0/../../../../lib64/:/lib/x86_64-linux-gnu/:/lib/../lib64/:/usr/lib/x86_64-linux-gnu/:/contrib/bin/../lib/gcc/x86_64-linux-gnu/7.4.0/../../../../x86_64-linux-gnu/lib/:/contrib/bin/../lib/gcc/x86_64-linux-gnu/7.4.0/../../../:/lib/:/usr/lib/
COLLECT_GCC_OPTIONS='-include' '/home/project/cu_riscv32i_cycle_accurate/work/cu_riscv32i_cycle_accurate_options.hcodal' '-static-libgcc' '-v' '-o' 'cmTC_fee7b' '-mtune=generic' '-march=x86-64'
 /contrib/bin/../libexec/gcc/x86_64-linux-gnu/7.4.0/collect2 -plugin /contrib/bin/../libexec/gcc/x86_64-linux-gnu/7.4.0/liblto_plugin.so -plugin-opt=/contrib/bin/../libexec/gcc/x86_64-linux-gnu/7.4.0/lto-wrapper -plugin-opt=-fresolution=/tmp/cc1waKCb.res -plugin-opt=-pass-through=-lgcc -plugin-opt=-pass-through=-lgcc_eh -plugin-opt=-pass-through=-lc -plugin-opt=-pass-through=-lgcc -plugin-opt=-pass-through=-lgcc_eh --eh-frame-hdr -m elf_x86_64 -dynamic-linker /lib64/ld-linux-x86-64.so.2 -o cmTC_fee7b /usr/lib/x86_64-linux-gnu/crt1.o /usr/lib/x86_64-linux-gnu/crti.o /contrib/bin/../lib/gcc/x86_64-linux-gnu/7.4.0/crtbegin.o -L/contrib/bin/../lib/gcc/x86_64-linux-gnu/7.4.0 -L/contrib/bin/../lib/gcc/x86_64-linux-gnu -L/contrib/bin/../lib/gcc -L/contrib/bin/../lib/gcc/x86_64-linux-gnu/7.4.0/../../../x86_64-linux-gnu -L/contrib/bin/../lib/gcc/x86_64-linux-gnu/7.4.0/../../../../lib64 -L/lib/x86_64-linux-gnu -L/lib/../lib64 -L/usr/lib/x86_64-linux-gnu -L/contrib/bin/../lib/gcc/x86_64-linux-gnu/7.4.0/../../../../x86_64-linux-gnu/lib -L/contrib/bin/../lib/gcc/x86_64-linux-gnu/7.4.0/../../.. CMakeFiles/cmTC_fee7b.dir/CMakeCXXCompilerABI.cpp.o -Bstatic -lstdc++ -Bdynamic -lm -lgcc -lgcc_eh -lc -lgcc -lgcc_eh /contrib/bin/../lib/gcc/x86_64-linux-gnu/7.4.0/crtend.o /usr/lib/x86_64-linux-gnu/crtn.o
COLLECT_GCC_OPTIONS='-include' '/home/project/cu_riscv32i_cycle_accurate/work/cu_riscv32i_cycle_accurate_options.hcodal' '-static-libgcc' '-v' '-o' 'cmTC_fee7b' '-mtune=generic' '-march=x86-64'



Parsed CXX implicit include dir info from above output: rv=done
  found start of include info
  found start of implicit include info
    add: [/contrib/bin/../lib/gcc/x86_64-linux-gnu/7.4.0/../../../../include/c++/7.4.0]
    add: [/contrib/bin/../lib/gcc/x86_64-linux-gnu/7.4.0/../../../../include/c++/7.4.0/x86_64-linux-gnu]
    add: [/contrib/bin/../lib/gcc/x86_64-linux-gnu/7.4.0/../../../../include/c++/7.4.0/backward]
    add: [/contrib/bin/../lib/gcc/x86_64-linux-gnu/7.4.0/include]
    add: [/contrib/bin/../lib/gcc/x86_64-linux-gnu/7.4.0/include-fixed]
    add: [/usr/local/include]
    add: [/contrib/bin/../lib/gcc/../../include]
    add: [/usr/include/x86_64-linux-gnu]
    add: [/usr/include]
  end of search list found
  collapse include dir [/contrib/bin/../lib/gcc/x86_64-linux-gnu/7.4.0/../../../../include/c++/7.4.0] ==> [/contrib/include/c++/7.4.0]
  collapse include dir [/contrib/bin/../lib/gcc/x86_64-linux-gnu/7.4.0/../../../../include/c++/7.4.0/x86_64-linux-gnu] ==> [/contrib/include/c++/7.4.0/x86_64-linux-gnu]
  collapse include dir [/contrib/bin/../lib/gcc/x86_64-linux-gnu/7.4.0/../../../../include/c++/7.4.0/backward] ==> [/contrib/include/c++/7.4.0/backward]
  collapse include dir [/contrib/bin/../lib/gcc/x86_64-linux-gnu/7.4.0/include] ==> [/contrib/lib/gcc/x86_64-linux-gnu/7.4.0/include]
  collapse include dir [/contrib/bin/../lib/gcc/x86_64-linux-gnu/7.4.0/include-fixed] ==> [/contrib/lib/gcc/x86_64-linux-gnu/7.4.0/include-fixed]
  collapse include dir [/usr/local/include] ==> [/usr/local/include]
  collapse include dir [/contrib/bin/../lib/gcc/../../include] ==> [/contrib/include]
  collapse include dir [/usr/include/x86_64-linux-gnu] ==> [/usr/include/x86_64-linux-gnu]
  collapse include dir [/usr/include] ==> [/usr/include]
  implicit include dirs: [/contrib/include/c++/7.4.0;/contrib/include/c++/7.4.0/x86_64-linux-gnu;/contrib/include/c++/7.4.0/backward;/contrib/lib/gcc/x86_64-linux-gnu/7.4.0/include;/contrib/lib/gcc/x86_64-linux-gnu/7.4.0/include-fixed;/usr/local/include;/contrib/include;/usr/include/x86_64-linux-gnu;/usr/include]


Parsed CXX implicit link information from above output:
  link line regex: [^( *|.*[/\])(ld|CMAKE_LINK_STARTFILE-NOTFOUND|([^/\]+-)?ld|collect2)[^/\]*( |$)]
  ignore line: [Change Dir: /home/project/cu_riscv32i_cycle_accurate/work/ia/llvm/build/CMakeFiles/CMakeTmp]
  ignore line: []
  ignore line: [Run Build Command(s):/contrib/bin/ninja cmTC_fee7b && [1/2] Building CXX object CMakeFiles/cmTC_fee7b.dir/CMakeCXXCompilerABI.cpp.o]
  ignore line: [Using built-in specs.]
  ignore line: [COLLECT_GCC=/contrib/bin/g++]
  ignore line: [Target: x86_64-linux-gnu]
  ignore line: [Configured with: ../../extract/gcc-7.4.0.tar.gz/gcc-7.4.0/configure --prefix=/home/jenkins/workspace/mm/maintenance/Bootstrap_contrib/r/Deb10-test-1/codasip-studio/install/contrib --enable-languages=c c++ --enable-shared --enable-threads=posix --enable-checking=release --disable-libunwind-exceptions --enable-gnu-unique-object --enable-lto --disable-multilib --with-tune=generic --enable-bootstrap --build=x86_64-linux-gnu --host=x86_64-linux-gnu --target=x86_64-linux-gnu]
  ignore line: [Thread model: posix]
  ignore line: [gcc version 7.4.0 (GCC) ]
  ignore line: [COLLECT_GCC_OPTIONS='-include' '/home/project/cu_riscv32i_cycle_accurate/work/cu_riscv32i_cycle_accurate_options.hcodal' '-v' '-o' 'CMakeFiles/cmTC_fee7b.dir/CMakeCXXCompilerABI.cpp.o' '-c' '-shared-libgcc' '-mtune=generic' '-march=x86-64']
  ignore line: [ /contrib/bin/../libexec/gcc/x86_64-linux-gnu/7.4.0/cc1plus -quiet -v -imultiarch x86_64-linux-gnu -iprefix /contrib/bin/../lib/gcc/x86_64-linux-gnu/7.4.0/ -D_GNU_SOURCE -include /home/project/cu_riscv32i_cycle_accurate/work/cu_riscv32i_cycle_accurate_options.hcodal /contrib/share/cmake-3.17/Modules/CMakeCXXCompilerABI.cpp -quiet -dumpbase CMakeCXXCompilerABI.cpp -mtune=generic -march=x86-64 -auxbase-strip CMakeFiles/cmTC_fee7b.dir/CMakeCXXCompilerABI.cpp.o -version -o /tmp/ccrfnSG8.s]
  ignore line: [GNU C++14 (GCC) version 7.4.0 (x86_64-linux-gnu)]
  ignore line: [	compiled by GNU C version 7.4.0  GMP version 6.1.0  MPFR version 3.1.4  MPC version 1.0.3  isl version isl-0.16.1-GMP]
  ignore line: []
  ignore line: [GGC heuristics: --param ggc-min-expand=100 --param ggc-min-heapsize=131072]
  ignore line: [ignoring nonexistent directory "/contrib/bin/../lib/gcc/x86_64-linux-gnu/7.4.0/../../../../x86_64-linux-gnu/include"]
  ignore line: [ignoring duplicate directory "/contrib/bin/../lib/gcc/../../lib/gcc/x86_64-linux-gnu/7.4.0/../../../../include/c++/7.4.0"]
  ignore line: [ignoring duplicate directory "/contrib/bin/../lib/gcc/../../lib/gcc/x86_64-linux-gnu/7.4.0/../../../../include/c++/7.4.0/x86_64-linux-gnu"]
  ignore line: [ignoring duplicate directory "/contrib/bin/../lib/gcc/../../lib/gcc/x86_64-linux-gnu/7.4.0/../../../../include/c++/7.4.0/backward"]
  ignore line: [ignoring duplicate directory "/contrib/bin/../lib/gcc/../../lib/gcc/x86_64-linux-gnu/7.4.0/include"]
  ignore line: [ignoring nonexistent directory "/usr/local/include/x86_64-linux-gnu"]
  ignore line: [ignoring duplicate directory "/contrib/bin/../lib/gcc/../../lib/gcc/x86_64-linux-gnu/7.4.0/include-fixed"]
  ignore line: [ignoring nonexistent directory "/contrib/bin/../lib/gcc/../../lib/gcc/x86_64-linux-gnu/7.4.0/../../../../x86_64-linux-gnu/include"]
  ignore line: [#include "..." search starts here:]
  ignore line: [#include <...> search starts here:]
  ignore line: [ /contrib/bin/../lib/gcc/x86_64-linux-gnu/7.4.0/../../../../include/c++/7.4.0]
  ignore line: [ /contrib/bin/../lib/gcc/x86_64-linux-gnu/7.4.0/../../../../include/c++/7.4.0/x86_64-linux-gnu]
  ignore line: [ /contrib/bin/../lib/gcc/x86_64-linux-gnu/7.4.0/../../../../include/c++/7.4.0/backward]
  ignore line: [ /contrib/bin/../lib/gcc/x86_64-linux-gnu/7.4.0/include]
  ignore line: [ /contrib/bin/../lib/gcc/x86_64-linux-gnu/7.4.0/include-fixed]
  ignore line: [ /usr/local/include]
  ignore line: [ /contrib/bin/../lib/gcc/../../include]
  ignore line: [ /usr/include/x86_64-linux-gnu]
  ignore line: [ /usr/include]
  ignore line: [End of search list.]
  ignore line: [GNU C++14 (GCC) version 7.4.0 (x86_64-linux-gnu)]
  ignore line: [	compiled by GNU C version 7.4.0  GMP version 6.1.0  MPFR version 3.1.4  MPC version 1.0.3  isl version isl-0.16.1-GMP]
  ignore line: []
  ignore line: [GGC heuristics: --param ggc-min-expand=100 --param ggc-min-heapsize=131072]
  ignore line: [Compiler executable checksum: de05f298072810735c1bf4023281b961]
  ignore line: [COLLECT_GCC_OPTIONS='-include' '/home/project/cu_riscv32i_cycle_accurate/work/cu_riscv32i_cycle_accurate_options.hcodal' '-v' '-o' 'CMakeFiles/cmTC_fee7b.dir/CMakeCXXCompilerABI.cpp.o' '-c' '-shared-libgcc' '-mtune=generic' '-march=x86-64']
  ignore line: [ /contrib/bin/../lib/gcc/x86_64-linux-gnu/7.4.0/../../../../x86_64-linux-gnu/bin/as -v --64 -o CMakeFiles/cmTC_fee7b.dir/CMakeCXXCompilerABI.cpp.o /tmp/ccrfnSG8.s]
  ignore line: [GNU assembler version 2.30 (x86_64-linux-gnu) using BFD version (GNU Binutils) 2.30]
  ignore line: [COMPILER_PATH=/contrib/bin/../libexec/gcc/x86_64-linux-gnu/7.4.0/:/contrib/bin/../libexec/gcc/x86_64-linux-gnu/:/contrib/bin/../libexec/gcc/:/contrib/bin/../lib/gcc/x86_64-linux-gnu/7.4.0/../../../../x86_64-linux-gnu/bin/]
  ignore line: [LIBRARY_PATH=/contrib/bin/../lib/gcc/x86_64-linux-gnu/7.4.0/:/contrib/bin/../lib/gcc/x86_64-linux-gnu/:/contrib/bin/../lib/gcc/:/contrib/bin/../lib/gcc/x86_64-linux-gnu/7.4.0/../../../x86_64-linux-gnu/:/contrib/bin/../lib/gcc/x86_64-linux-gnu/7.4.0/../../../../lib64/:/lib/x86_64-linux-gnu/:/lib/../lib64/:/usr/lib/x86_64-linux-gnu/:/contrib/bin/../lib/gcc/x86_64-linux-gnu/7.4.0/../../../../x86_64-linux-gnu/lib/:/contrib/bin/../lib/gcc/x86_64-linux-gnu/7.4.0/../../../:/lib/:/usr/lib/]
  ignore line: [COLLECT_GCC_OPTIONS='-include' '/home/project/cu_riscv32i_cycle_accurate/work/cu_riscv32i_cycle_accurate_options.hcodal' '-v' '-o' 'CMakeFiles/cmTC_fee7b.dir/CMakeCXXCompilerABI.cpp.o' '-c' '-shared-libgcc' '-mtune=generic' '-march=x86-64']
  ignore line: [[2/2] Linking CXX executable cmTC_fee7b]
  ignore line: [Using built-in specs.]
  ignore line: [COLLECT_GCC=/contrib/bin/g++]
  ignore line: [COLLECT_LTO_WRAPPER=/contrib/bin/../libexec/gcc/x86_64-linux-gnu/7.4.0/lto-wrapper]
  ignore line: [Target: x86_64-linux-gnu]
  ignore line: [Configured with: ../../extract/gcc-7.4.0.tar.gz/gcc-7.4.0/configure --prefix=/home/jenkins/workspace/mm/maintenance/Bootstrap_contrib/r/Deb10-test-1/codasip-studio/install/contrib --enable-languages=c c++ --enable-shared --enable-threads=posix --enable-checking=release --disable-libunwind-exceptions --enable-gnu-unique-object --enable-lto --disable-multilib --with-tune=generic --enable-bootstrap --build=x86_64-linux-gnu --host=x86_64-linux-gnu --target=x86_64-linux-gnu]
  ignore line: [Thread model: posix]
  ignore line: [gcc version 7.4.0 (GCC) ]
  ignore line: [COMPILER_PATH=/contrib/bin/../libexec/gcc/x86_64-linux-gnu/7.4.0/:/contrib/bin/../libexec/gcc/x86_64-linux-gnu/:/contrib/bin/../libexec/gcc/:/contrib/bin/../lib/gcc/x86_64-linux-gnu/7.4.0/../../../../x86_64-linux-gnu/bin/]
  ignore line: [LIBRARY_PATH=/contrib/bin/../lib/gcc/x86_64-linux-gnu/7.4.0/:/contrib/bin/../lib/gcc/x86_64-linux-gnu/:/contrib/bin/../lib/gcc/:/contrib/bin/../lib/gcc/x86_64-linux-gnu/7.4.0/../../../x86_64-linux-gnu/:/contrib/bin/../lib/gcc/x86_64-linux-gnu/7.4.0/../../../../lib64/:/lib/x86_64-linux-gnu/:/lib/../lib64/:/usr/lib/x86_64-linux-gnu/:/contrib/bin/../lib/gcc/x86_64-linux-gnu/7.4.0/../../../../x86_64-linux-gnu/lib/:/contrib/bin/../lib/gcc/x86_64-linux-gnu/7.4.0/../../../:/lib/:/usr/lib/]
  ignore line: [COLLECT_GCC_OPTIONS='-include' '/home/project/cu_riscv32i_cycle_accurate/work/cu_riscv32i_cycle_accurate_options.hcodal' '-static-libgcc' '-v' '-o' 'cmTC_fee7b' '-mtune=generic' '-march=x86-64']
  link line: [ /contrib/bin/../libexec/gcc/x86_64-linux-gnu/7.4.0/collect2 -plugin /contrib/bin/../libexec/gcc/x86_64-linux-gnu/7.4.0/liblto_plugin.so -plugin-opt=/contrib/bin/../libexec/gcc/x86_64-linux-gnu/7.4.0/lto-wrapper -plugin-opt=-fresolution=/tmp/cc1waKCb.res -plugin-opt=-pass-through=-lgcc -plugin-opt=-pass-through=-lgcc_eh -plugin-opt=-pass-through=-lc -plugin-opt=-pass-through=-lgcc -plugin-opt=-pass-through=-lgcc_eh --eh-frame-hdr -m elf_x86_64 -dynamic-linker /lib64/ld-linux-x86-64.so.2 -o cmTC_fee7b /usr/lib/x86_64-linux-gnu/crt1.o /usr/lib/x86_64-linux-gnu/crti.o /contrib/bin/../lib/gcc/x86_64-linux-gnu/7.4.0/crtbegin.o -L/contrib/bin/../lib/gcc/x86_64-linux-gnu/7.4.0 -L/contrib/bin/../lib/gcc/x86_64-linux-gnu -L/contrib/bin/../lib/gcc -L/contrib/bin/../lib/gcc/x86_64-linux-gnu/7.4.0/../../../x86_64-linux-gnu -L/contrib/bin/../lib/gcc/x86_64-linux-gnu/7.4.0/../../../../lib64 -L/lib/x86_64-linux-gnu -L/lib/../lib64 -L/usr/lib/x86_64-linux-gnu -L/contrib/bin/../lib/gcc/x86_64-linux-gnu/7.4.0/../../../../x86_64-linux-gnu/lib -L/contrib/bin/../lib/gcc/x86_64-linux-gnu/7.4.0/../../.. CMakeFiles/cmTC_fee7b.dir/CMakeCXXCompilerABI.cpp.o -Bstatic -lstdc++ -Bdynamic -lm -lgcc -lgcc_eh -lc -lgcc -lgcc_eh /contrib/bin/../lib/gcc/x86_64-linux-gnu/7.4.0/crtend.o /usr/lib/x86_64-linux-gnu/crtn.o]
    arg [/contrib/bin/../libexec/gcc/x86_64-linux-gnu/7.4.0/collect2] ==> ignore
    arg [-plugin] ==> ignore
    arg [/contrib/bin/../libexec/gcc/x86_64-linux-gnu/7.4.0/liblto_plugin.so] ==> ignore
    arg [-plugin-opt=/contrib/bin/../libexec/gcc/x86_64-linux-gnu/7.4.0/lto-wrapper] ==> ignore
    arg [-plugin-opt=-fresolution=/tmp/cc1waKCb.res] ==> ignore
    arg [-plugin-opt=-pass-through=-lgcc] ==> ignore
    arg [-plugin-opt=-pass-through=-lgcc_eh] ==> ignore
    arg [-plugin-opt=-pass-through=-lc] ==> ignore
    arg [-plugin-opt=-pass-through=-lgcc] ==> ignore
    arg [-plugin-opt=-pass-through=-lgcc_eh] ==> ignore
    arg [--eh-frame-hdr] ==> ignore
    arg [-m] ==> ignore
    arg [elf_x86_64] ==> ignore
    arg [-dynamic-linker] ==> ignore
    arg [/lib64/ld-linux-x86-64.so.2] ==> ignore
    arg [-o] ==> ignore
    arg [cmTC_fee7b] ==> ignore
    arg [/usr/lib/x86_64-linux-gnu/crt1.o] ==> ignore
    arg [/usr/lib/x86_64-linux-gnu/crti.o] ==> ignore
    arg [/contrib/bin/../lib/gcc/x86_64-linux-gnu/7.4.0/crtbegin.o] ==> ignore
    arg [-L/contrib/bin/../lib/gcc/x86_64-linux-gnu/7.4.0] ==> dir [/contrib/bin/../lib/gcc/x86_64-linux-gnu/7.4.0]
    arg [-L/contrib/bin/../lib/gcc/x86_64-linux-gnu] ==> dir [/contrib/bin/../lib/gcc/x86_64-linux-gnu]
    arg [-L/contrib/bin/../lib/gcc] ==> dir [/contrib/bin/../lib/gcc]
    arg [-L/contrib/bin/../lib/gcc/x86_64-linux-gnu/7.4.0/../../../x86_64-linux-gnu] ==> dir [/contrib/bin/../lib/gcc/x86_64-linux-gnu/7.4.0/../../../x86_64-linux-gnu]
    arg [-L/contrib/bin/../lib/gcc/x86_64-linux-gnu/7.4.0/../../../../lib64] ==> dir [/contrib/bin/../lib/gcc/x86_64-linux-gnu/7.4.0/../../../../lib64]
    arg [-L/lib/x86_64-linux-gnu] ==> dir [/lib/x86_64-linux-gnu]
    arg [-L/lib/../lib64] ==> dir [/lib/../lib64]
    arg [-L/usr/lib/x86_64-linux-gnu] ==> dir [/usr/lib/x86_64-linux-gnu]
    arg [-L/contrib/bin/../lib/gcc/x86_64-linux-gnu/7.4.0/../../../../x86_64-linux-gnu/lib] ==> dir [/contrib/bin/../lib/gcc/x86_64-linux-gnu/7.4.0/../../../../x86_64-linux-gnu/lib]
    arg [-L/contrib/bin/../lib/gcc/x86_64-linux-gnu/7.4.0/../../..] ==> dir [/contrib/bin/../lib/gcc/x86_64-linux-gnu/7.4.0/../../..]
    arg [CMakeFiles/cmTC_fee7b.dir/CMakeCXXCompilerABI.cpp.o] ==> ignore
    arg [-Bstatic] ==> ignore
    arg [-lstdc++] ==> lib [stdc++]
    arg [-Bdynamic] ==> ignore
    arg [-lm] ==> lib [m]
    arg [-lgcc] ==> lib [gcc]
    arg [-lgcc_eh] ==> lib [gcc_eh]
    arg [-lc] ==> lib [c]
    arg [-lgcc] ==> lib [gcc]
    arg [-lgcc_eh] ==> lib [gcc_eh]
    arg [/contrib/bin/../lib/gcc/x86_64-linux-gnu/7.4.0/crtend.o] ==> ignore
    arg [/usr/lib/x86_64-linux-gnu/crtn.o] ==> ignore
  remove lib [gcc_eh]
  remove lib [gcc_eh]
  collapse library dir [/contrib/bin/../lib/gcc/x86_64-linux-gnu/7.4.0] ==> [/contrib/lib/gcc/x86_64-linux-gnu/7.4.0]
  collapse library dir [/contrib/bin/../lib/gcc/x86_64-linux-gnu] ==> [/contrib/lib/gcc/x86_64-linux-gnu]
  collapse library dir [/contrib/bin/../lib/gcc] ==> [/contrib/lib/gcc]
  collapse library dir [/contrib/bin/../lib/gcc/x86_64-linux-gnu/7.4.0/../../../x86_64-linux-gnu] ==> [/contrib/lib/x86_64-linux-gnu]
  collapse library dir [/contrib/bin/../lib/gcc/x86_64-linux-gnu/7.4.0/../../../../lib64] ==> [/contrib/lib64]
  collapse library dir [/lib/x86_64-linux-gnu] ==> [/lib/x86_64-linux-gnu]
  collapse library dir [/lib/../lib64] ==> [/lib64]
  collapse library dir [/usr/lib/x86_64-linux-gnu] ==> [/usr/lib/x86_64-linux-gnu]
  collapse library dir [/contrib/bin/../lib/gcc/x86_64-linux-gnu/7.4.0/../../../../x86_64-linux-gnu/lib] ==> [/contrib/x86_64-linux-gnu/lib]
  collapse library dir [/contrib/bin/../lib/gcc/x86_64-linux-gnu/7.4.0/../../..] ==> [/contrib/lib]
  implicit libs: [stdc++;m;gcc;c;gcc]
  implicit dirs: [/contrib/lib/gcc/x86_64-linux-gnu/7.4.0;/contrib/lib/gcc/x86_64-linux-gnu;/contrib/lib/gcc;/contrib/lib/x86_64-linux-gnu;/contrib/lib64;/lib/x86_64-linux-gnu;/lib64;/usr/lib/x86_64-linux-gnu;/contrib/x86_64-linux-gnu/lib;/contrib/lib]
  implicit fwks: []


Determining if the include file dlfcn.h exists passed with the following output:
Change Dir: /home/project/cu_riscv32i_cycle_accurate/work/ia/llvm/build/CMakeFiles/CMakeTmp

Run Build Command(s):/contrib/bin/ninja cmTC_d699c && [1/2] Building C object CMakeFiles/cmTC_d699c.dir/CheckIncludeFile.c.o
[2/2] Linking C executable cmTC_d699c



Determining if the include file errno.h exists passed with the following output:
Change Dir: /home/project/cu_riscv32i_cycle_accurate/work/ia/llvm/build/CMakeFiles/CMakeTmp

Run Build Command(s):/contrib/bin/ninja cmTC_8f5b2 && [1/2] Building C object CMakeFiles/cmTC_8f5b2.dir/CheckIncludeFile.c.o
[2/2] Linking C executable cmTC_8f5b2



Determining if the include file fcntl.h exists passed with the following output:
Change Dir: /home/project/cu_riscv32i_cycle_accurate/work/ia/llvm/build/CMakeFiles/CMakeTmp

Run Build Command(s):/contrib/bin/ninja cmTC_c2281 && [1/2] Building C object CMakeFiles/cmTC_c2281.dir/CheckIncludeFile.c.o
[2/2] Linking C executable cmTC_c2281



Determining if the include file link.h exists passed with the following output:
Change Dir: /home/project/cu_riscv32i_cycle_accurate/work/ia/llvm/build/CMakeFiles/CMakeTmp

Run Build Command(s):/contrib/bin/ninja cmTC_f0c9d && [1/2] Building C object CMakeFiles/cmTC_f0c9d.dir/CheckIncludeFile.c.o
[2/2] Linking C executable cmTC_f0c9d



Determining if the include file pthread.h exists passed with the following output:
Change Dir: /home/project/cu_riscv32i_cycle_accurate/work/ia/llvm/build/CMakeFiles/CMakeTmp

Run Build Command(s):/contrib/bin/ninja cmTC_12d60 && [1/2] Building C object CMakeFiles/cmTC_12d60.dir/CheckIncludeFile.c.o
[2/2] Linking C executable cmTC_12d60



Determining if the include file signal.h exists passed with the following output:
Change Dir: /home/project/cu_riscv32i_cycle_accurate/work/ia/llvm/build/CMakeFiles/CMakeTmp

Run Build Command(s):/contrib/bin/ninja cmTC_3da55 && [1/2] Building C object CMakeFiles/cmTC_3da55.dir/CheckIncludeFile.c.o
[2/2] Linking C executable cmTC_3da55



Determining if the include file sys/ioctl.h exists passed with the following output:
Change Dir: /home/project/cu_riscv32i_cycle_accurate/work/ia/llvm/build/CMakeFiles/CMakeTmp

Run Build Command(s):/contrib/bin/ninja cmTC_d378f && [1/2] Building C object CMakeFiles/cmTC_d378f.dir/CheckIncludeFile.c.o
[2/2] Linking C executable cmTC_d378f



Determining if the include file sys/mman.h exists passed with the following output:
Change Dir: /home/project/cu_riscv32i_cycle_accurate/work/ia/llvm/build/CMakeFiles/CMakeTmp

Run Build Command(s):/contrib/bin/ninja cmTC_bab36 && [1/2] Building C object CMakeFiles/cmTC_bab36.dir/CheckIncludeFile.c.o
[2/2] Linking C executable cmTC_bab36



Determining if the include file sys/param.h exists passed with the following output:
Change Dir: /home/project/cu_riscv32i_cycle_accurate/work/ia/llvm/build/CMakeFiles/CMakeTmp

Run Build Command(s):/contrib/bin/ninja cmTC_ddc27 && [1/2] Building C object CMakeFiles/cmTC_ddc27.dir/CheckIncludeFile.c.o
[2/2] Linking C executable cmTC_ddc27



Determining if the include file sys/resource.h exists passed with the following output:
Change Dir: /home/project/cu_riscv32i_cycle_accurate/work/ia/llvm/build/CMakeFiles/CMakeTmp

Run Build Command(s):/contrib/bin/ninja cmTC_8bc87 && [1/2] Building C object CMakeFiles/cmTC_8bc87.dir/CheckIncludeFile.c.o
[2/2] Linking C executable cmTC_8bc87



Determining if the include file sys/stat.h exists passed with the following output:
Change Dir: /home/project/cu_riscv32i_cycle_accurate/work/ia/llvm/build/CMakeFiles/CMakeTmp

Run Build Command(s):/contrib/bin/ninja cmTC_e91ce && [1/2] Building C object CMakeFiles/cmTC_e91ce.dir/CheckIncludeFile.c.o
[2/2] Linking C executable cmTC_e91ce



Determining if the include file sys/time.h exists passed with the following output:
Change Dir: /home/project/cu_riscv32i_cycle_accurate/work/ia/llvm/build/CMakeFiles/CMakeTmp

Run Build Command(s):/contrib/bin/ninja cmTC_a4476 && [1/2] Building C object CMakeFiles/cmTC_a4476.dir/CheckIncludeFile.c.o
[2/2] Linking C executable cmTC_a4476



Determining if the include file sys/types.h exists passed with the following output:
Change Dir: /home/project/cu_riscv32i_cycle_accurate/work/ia/llvm/build/CMakeFiles/CMakeTmp

Run Build Command(s):/contrib/bin/ninja cmTC_6c3ae && [1/2] Building C object CMakeFiles/cmTC_6c3ae.dir/CheckIncludeFile.c.o
[2/2] Linking C executable cmTC_6c3ae



Determining if the include file termios.h exists passed with the following output:
Change Dir: /home/project/cu_riscv32i_cycle_accurate/work/ia/llvm/build/CMakeFiles/CMakeTmp

Run Build Command(s):/contrib/bin/ninja cmTC_58b4b && [1/2] Building C object CMakeFiles/cmTC_58b4b.dir/CheckIncludeFile.c.o
[2/2] Linking C executable cmTC_58b4b



Determining if the include file unistd.h exists passed with the following output:
Change Dir: /home/project/cu_riscv32i_cycle_accurate/work/ia/llvm/build/CMakeFiles/CMakeTmp

Run Build Command(s):/contrib/bin/ninja cmTC_8c7da && [1/2] Building C object CMakeFiles/cmTC_8c7da.dir/CheckIncludeFile.c.o
[2/2] Linking C executable cmTC_8c7da



Determining if the include file zlib.h exists passed with the following output:
Change Dir: /home/project/cu_riscv32i_cycle_accurate/work/ia/llvm/build/CMakeFiles/CMakeTmp

Run Build Command(s):/contrib/bin/ninja cmTC_32749 && [1/2] Building C object CMakeFiles/cmTC_32749.dir/CheckIncludeFile.c.o
[2/2] Linking C executable cmTC_32749



Determining if the include file fenv.h exists passed with the following output:
Change Dir: /home/project/cu_riscv32i_cycle_accurate/work/ia/llvm/build/CMakeFiles/CMakeTmp

Run Build Command(s):/contrib/bin/ninja cmTC_fadef && [1/2] Building C object CMakeFiles/cmTC_fadef.dir/CheckIncludeFile.c.o
[2/2] Linking C executable cmTC_fadef



Determining if the FE_ALL_EXCEPT exist passed with the following output:
Change Dir: /home/project/cu_riscv32i_cycle_accurate/work/ia/llvm/build/CMakeFiles/CMakeTmp

Run Build Command(s):/contrib/bin/ninja cmTC_abdba && [1/2] Building C object CMakeFiles/cmTC_abdba.dir/CheckSymbolExists.c.o
[2/2] Linking C executable cmTC_abdba


File /home/project/cu_riscv32i_cycle_accurate/work/ia/llvm/build/CMakeFiles/CMakeTmp/CheckSymbolExists.c:
/* */
#include <fenv.h>

int main(int argc, char** argv)
{
  (void)argv;
#ifndef FE_ALL_EXCEPT
  return ((int*)(&FE_ALL_EXCEPT))[argc];
#else
  (void)argc;
  return 0;
#endif
}
Determining if the FE_INEXACT exist passed with the following output:
Change Dir: /home/project/cu_riscv32i_cycle_accurate/work/ia/llvm/build/CMakeFiles/CMakeTmp

Run Build Command(s):/contrib/bin/ninja cmTC_4cf17 && [1/2] Building C object CMakeFiles/cmTC_4cf17.dir/CheckSymbolExists.c.o
[2/2] Linking C executable cmTC_4cf17


File /home/project/cu_riscv32i_cycle_accurate/work/ia/llvm/build/CMakeFiles/CMakeTmp/CheckSymbolExists.c:
/* */
#include <fenv.h>

int main(int argc, char** argv)
{
  (void)argv;
#ifndef FE_INEXACT
  return ((int*)(&FE_INEXACT))[argc];
#else
  (void)argc;
  return 0;
#endif
}
Determining if the include file histedit.h exists passed with the following output:
Change Dir: /home/project/cu_riscv32i_cycle_accurate/work/ia/llvm/build/CMakeFiles/CMakeTmp

Run Build Command(s):/contrib/bin/ninja cmTC_d8e19 && [1/2] Building C object CMakeFiles/cmTC_d8e19.dir/CheckIncludeFile.c.o
[2/2] Linking C executable cmTC_d8e19



Determining if the include file linux/magic.h exists passed with the following output:
Change Dir: /home/project/cu_riscv32i_cycle_accurate/work/ia/llvm/build/CMakeFiles/CMakeTmp

Run Build Command(s):/contrib/bin/ninja cmTC_d061b && [1/2] Building C object CMakeFiles/cmTC_d061b.dir/CheckIncludeFile.c.o
[2/2] Linking C executable cmTC_d061b



Determining if the function pthread_create exists in the pthread passed with the following output:
Change Dir: /home/project/cu_riscv32i_cycle_accurate/work/ia/llvm/build/CMakeFiles/CMakeTmp

Run Build Command(s):/contrib/bin/ninja cmTC_5cdc3 && [1/2] Building C object CMakeFiles/cmTC_5cdc3.dir/CheckFunctionExists.c.o
[2/2] Linking C executable cmTC_5cdc3



Determining if the function pthread_getspecific exists in the pthread passed with the following output:
Change Dir: /home/project/cu_riscv32i_cycle_accurate/work/ia/llvm/build/CMakeFiles/CMakeTmp

Run Build Command(s):/contrib/bin/ninja cmTC_c38c0 && [1/2] Building C object CMakeFiles/cmTC_c38c0.dir/CheckFunctionExists.c.o
[2/2] Linking C executable cmTC_c38c0



Determining if the function pthread_rwlock_init exists in the pthread passed with the following output:
Change Dir: /home/project/cu_riscv32i_cycle_accurate/work/ia/llvm/build/CMakeFiles/CMakeTmp

Run Build Command(s):/contrib/bin/ninja cmTC_eed8a && [1/2] Building C object CMakeFiles/cmTC_eed8a.dir/CheckFunctionExists.c.o
[2/2] Linking C executable cmTC_eed8a



Determining if the function pthread_mutex_lock exists in the pthread passed with the following output:
Change Dir: /home/project/cu_riscv32i_cycle_accurate/work/ia/llvm/build/CMakeFiles/CMakeTmp

Run Build Command(s):/contrib/bin/ninja cmTC_1e086 && [1/2] Building C object CMakeFiles/cmTC_1e086.dir/CheckFunctionExists.c.o
[2/2] Linking C executable cmTC_1e086



Determining if the function dlopen exists in the dl passed with the following output:
Change Dir: /home/project/cu_riscv32i_cycle_accurate/work/ia/llvm/build/CMakeFiles/CMakeTmp

Run Build Command(s):/contrib/bin/ninja cmTC_15dd5 && [1/2] Building C object CMakeFiles/cmTC_15dd5.dir/CheckFunctionExists.c.o
[2/2] Linking C executable cmTC_15dd5



Determining if the function clock_gettime exists in the rt passed with the following output:
Change Dir: /home/project/cu_riscv32i_cycle_accurate/work/ia/llvm/build/CMakeFiles/CMakeTmp

Run Build Command(s):/contrib/bin/ninja cmTC_d3352 && [1/2] Building C object CMakeFiles/cmTC_d3352.dir/CheckFunctionExists.c.o
[2/2] Linking C executable cmTC_d3352



Determining if the include file pthread.h exists passed with the following output:
Change Dir: /home/project/cu_riscv32i_cycle_accurate/work/ia/llvm/build/CMakeFiles/CMakeTmp

Run Build Command(s):/contrib/bin/ninja cmTC_50761 && [1/2] Building C object CMakeFiles/cmTC_50761.dir/CheckIncludeFile.c.o
[2/2] Linking C executable cmTC_50761



Determining if the function pthread_create exists in the pthread passed with the following output:
Change Dir: /home/project/cu_riscv32i_cycle_accurate/work/ia/llvm/build/CMakeFiles/CMakeTmp

Run Build Command(s):/contrib/bin/ninja cmTC_89a79 && [1/2] Building C object CMakeFiles/cmTC_89a79.dir/CheckFunctionExists.c.o
[2/2] Linking C executable cmTC_89a79



Determining if the function compress2 exists in the z passed with the following output:
Change Dir: /home/project/cu_riscv32i_cycle_accurate/work/ia/llvm/build/CMakeFiles/CMakeTmp

Run Build Command(s):/contrib/bin/ninja cmTC_41062 && [1/2] Building C object CMakeFiles/cmTC_41062.dir/CheckFunctionExists.c.o
[2/2] Linking C executable cmTC_41062



Determining if the function el_init exists in the edit passed with the following output:
Change Dir: /home/project/cu_riscv32i_cycle_accurate/work/ia/llvm/build/CMakeFiles/CMakeTmp

Run Build Command(s):/contrib/bin/ninja cmTC_bbb16 && [1/2] Building C object CMakeFiles/cmTC_bbb16.dir/CheckFunctionExists.c.o
[2/2] Linking C executable cmTC_bbb16



Determining if the function setupterm exists in the tinfo passed with the following output:
Change Dir: /home/project/cu_riscv32i_cycle_accurate/work/ia/llvm/build/CMakeFiles/CMakeTmp

Run Build Command(s):/contrib/bin/ninja cmTC_643b4 && [1/2] Building C object CMakeFiles/cmTC_643b4.dir/CheckFunctionExists.c.o
[2/2] Linking C executable cmTC_643b4



Determining if the backtrace exist passed with the following output:
Change Dir: /home/project/cu_riscv32i_cycle_accurate/work/ia/llvm/build/CMakeFiles/CMakeTmp

Run Build Command(s):/contrib/bin/ninja cmTC_2a8d0 && [1/2] Building C object CMakeFiles/cmTC_2a8d0.dir/CheckSymbolExists.c.o
[2/2] Linking C executable cmTC_2a8d0


File /home/project/cu_riscv32i_cycle_accurate/work/ia/llvm/build/CMakeFiles/CMakeTmp/CheckSymbolExists.c:
/* */
#include <execinfo.h>

int main(int argc, char** argv)
{
  (void)argv;
#ifndef backtrace
  return ((int*)(&backtrace))[argc];
#else
  (void)argc;
  return 0;
#endif
}
Determining if the _Unwind_Backtrace exist passed with the following output:
Change Dir: /home/project/cu_riscv32i_cycle_accurate/work/ia/llvm/build/CMakeFiles/CMakeTmp

Run Build Command(s):/contrib/bin/ninja cmTC_f620f && [1/2] Building C object CMakeFiles/cmTC_f620f.dir/CheckSymbolExists.c.o
[2/2] Linking C executable cmTC_f620f


File /home/project/cu_riscv32i_cycle_accurate/work/ia/llvm/build/CMakeFiles/CMakeTmp/CheckSymbolExists.c:
/* */
#include <unwind.h>

int main(int argc, char** argv)
{
  (void)argv;
#ifndef _Unwind_Backtrace
  return ((int*)(&_Unwind_Backtrace))[argc];
#else
  (void)argc;
  return 0;
#endif
}
Determining if the getpagesize exist passed with the following output:
Change Dir: /home/project/cu_riscv32i_cycle_accurate/work/ia/llvm/build/CMakeFiles/CMakeTmp

Run Build Command(s):/contrib/bin/ninja cmTC_75892 && [1/2] Building C object CMakeFiles/cmTC_75892.dir/CheckSymbolExists.c.o
[2/2] Linking C executable cmTC_75892


File /home/project/cu_riscv32i_cycle_accurate/work/ia/llvm/build/CMakeFiles/CMakeTmp/CheckSymbolExists.c:
/* */
#include <unistd.h>

int main(int argc, char** argv)
{
  (void)argv;
#ifndef getpagesize
  return ((int*)(&getpagesize))[argc];
#else
  (void)argc;
  return 0;
#endif
}
Determining if the sysconf exist passed with the following output:
Change Dir: /home/project/cu_riscv32i_cycle_accurate/work/ia/llvm/build/CMakeFiles/CMakeTmp

Run Build Command(s):/contrib/bin/ninja cmTC_45dc9 && [1/2] Building C object CMakeFiles/cmTC_45dc9.dir/CheckSymbolExists.c.o
[2/2] Linking C executable cmTC_45dc9


File /home/project/cu_riscv32i_cycle_accurate/work/ia/llvm/build/CMakeFiles/CMakeTmp/CheckSymbolExists.c:
/* */
#include <unistd.h>

int main(int argc, char** argv)
{
  (void)argv;
#ifndef sysconf
  return ((int*)(&sysconf))[argc];
#else
  (void)argc;
  return 0;
#endif
}
Determining if the getrusage exist passed with the following output:
Change Dir: /home/project/cu_riscv32i_cycle_accurate/work/ia/llvm/build/CMakeFiles/CMakeTmp

Run Build Command(s):/contrib/bin/ninja cmTC_5bc0c && [1/2] Building C object CMakeFiles/cmTC_5bc0c.dir/CheckSymbolExists.c.o
[2/2] Linking C executable cmTC_5bc0c


File /home/project/cu_riscv32i_cycle_accurate/work/ia/llvm/build/CMakeFiles/CMakeTmp/CheckSymbolExists.c:
/* */
#include <sys/resource.h>

int main(int argc, char** argv)
{
  (void)argv;
#ifndef getrusage
  return ((int*)(&getrusage))[argc];
#else
  (void)argc;
  return 0;
#endif
}
Determining if the setrlimit exist passed with the following output:
Change Dir: /home/project/cu_riscv32i_cycle_accurate/work/ia/llvm/build/CMakeFiles/CMakeTmp

Run Build Command(s):/contrib/bin/ninja cmTC_7607f && [1/2] Building C object CMakeFiles/cmTC_7607f.dir/CheckSymbolExists.c.o
[2/2] Linking C executable cmTC_7607f


File /home/project/cu_riscv32i_cycle_accurate/work/ia/llvm/build/CMakeFiles/CMakeTmp/CheckSymbolExists.c:
/* */
#include <sys/resource.h>

int main(int argc, char** argv)
{
  (void)argv;
#ifndef setrlimit
  return ((int*)(&setrlimit))[argc];
#else
  (void)argc;
  return 0;
#endif
}
Determining if the isatty exist passed with the following output:
Change Dir: /home/project/cu_riscv32i_cycle_accurate/work/ia/llvm/build/CMakeFiles/CMakeTmp

Run Build Command(s):/contrib/bin/ninja cmTC_45e8c && [1/2] Building C object CMakeFiles/cmTC_45e8c.dir/CheckSymbolExists.c.o
[2/2] Linking C executable cmTC_45e8c


File /home/project/cu_riscv32i_cycle_accurate/work/ia/llvm/build/CMakeFiles/CMakeTmp/CheckSymbolExists.c:
/* */
#include <unistd.h>

int main(int argc, char** argv)
{
  (void)argv;
#ifndef isatty
  return ((int*)(&isatty))[argc];
#else
  (void)argc;
  return 0;
#endif
}
Determining if the futimens exist passed with the following output:
Change Dir: /home/project/cu_riscv32i_cycle_accurate/work/ia/llvm/build/CMakeFiles/CMakeTmp

Run Build Command(s):/contrib/bin/ninja cmTC_9735c && [1/2] Building C object CMakeFiles/cmTC_9735c.dir/CheckSymbolExists.c.o
[2/2] Linking C executable cmTC_9735c


File /home/project/cu_riscv32i_cycle_accurate/work/ia/llvm/build/CMakeFiles/CMakeTmp/CheckSymbolExists.c:
/* */
#include <sys/stat.h>

int main(int argc, char** argv)
{
  (void)argv;
#ifndef futimens
  return ((int*)(&futimens))[argc];
#else
  (void)argc;
  return 0;
#endif
}
Determining if the futimes exist passed with the following output:
Change Dir: /home/project/cu_riscv32i_cycle_accurate/work/ia/llvm/build/CMakeFiles/CMakeTmp

Run Build Command(s):/contrib/bin/ninja cmTC_d2f1c && [1/2] Building C object CMakeFiles/cmTC_d2f1c.dir/CheckSymbolExists.c.o
[2/2] Linking C executable cmTC_d2f1c


File /home/project/cu_riscv32i_cycle_accurate/work/ia/llvm/build/CMakeFiles/CMakeTmp/CheckSymbolExists.c:
/* */
#include <sys/time.h>

int main(int argc, char** argv)
{
  (void)argv;
#ifndef futimes
  return ((int*)(&futimes))[argc];
#else
  (void)argc;
  return 0;
#endif
}
Determining if the posix_fallocate exist passed with the following output:
Change Dir: /home/project/cu_riscv32i_cycle_accurate/work/ia/llvm/build/CMakeFiles/CMakeTmp

Run Build Command(s):/contrib/bin/ninja cmTC_1fd44 && [1/2] Building C object CMakeFiles/cmTC_1fd44.dir/CheckSymbolExists.c.o
[2/2] Linking C executable cmTC_1fd44


File /home/project/cu_riscv32i_cycle_accurate/work/ia/llvm/build/CMakeFiles/CMakeTmp/CheckSymbolExists.c:
/* */
#include <fcntl.h>

int main(int argc, char** argv)
{
  (void)argv;
#ifndef posix_fallocate
  return ((int*)(&posix_fallocate))[argc];
#else
  (void)argc;
  return 0;
#endif
}
Determining if the sigaltstack exist passed with the following output:
Change Dir: /home/project/cu_riscv32i_cycle_accurate/work/ia/llvm/build/CMakeFiles/CMakeTmp

Run Build Command(s):/contrib/bin/ninja cmTC_11572 && [1/2] Building C object CMakeFiles/cmTC_11572.dir/CheckSymbolExists.c.o
[2/2] Linking C executable cmTC_11572


File /home/project/cu_riscv32i_cycle_accurate/work/ia/llvm/build/CMakeFiles/CMakeTmp/CheckSymbolExists.c:
/* */
#include <signal.h>

int main(int argc, char** argv)
{
  (void)argv;
#ifndef sigaltstack
  return ((int*)(&sigaltstack))[argc];
#else
  (void)argc;
  return 0;
#endif
}
Determining if the lseek64 exist passed with the following output:
Change Dir: /home/project/cu_riscv32i_cycle_accurate/work/ia/llvm/build/CMakeFiles/CMakeTmp

Run Build Command(s):/contrib/bin/ninja cmTC_518ed && [1/2] Building C object CMakeFiles/cmTC_518ed.dir/CheckSymbolExists.c.o
[2/2] Linking C executable cmTC_518ed


File /home/project/cu_riscv32i_cycle_accurate/work/ia/llvm/build/CMakeFiles/CMakeTmp/CheckSymbolExists.c:
/* */
#include <sys/types.h>
#include <unistd.h>

int main(int argc, char** argv)
{
  (void)argv;
#ifndef lseek64
  return ((int*)(&lseek64))[argc];
#else
  (void)argc;
  return 0;
#endif
}
Determining if the mallinfo exist passed with the following output:
Change Dir: /home/project/cu_riscv32i_cycle_accurate/work/ia/llvm/build/CMakeFiles/CMakeTmp

Run Build Command(s):/contrib/bin/ninja cmTC_59963 && [1/2] Building C object CMakeFiles/cmTC_59963.dir/CheckSymbolExists.c.o
[2/2] Linking C executable cmTC_59963


File /home/project/cu_riscv32i_cycle_accurate/work/ia/llvm/build/CMakeFiles/CMakeTmp/CheckSymbolExists.c:
/* */
#include <malloc.h>

int main(int argc, char** argv)
{
  (void)argv;
#ifndef mallinfo
  return ((int*)(&mallinfo))[argc];
#else
  (void)argc;
  return 0;
#endif
}
Determining if the getrlimit exist passed with the following output:
Change Dir: /home/project/cu_riscv32i_cycle_accurate/work/ia/llvm/build/CMakeFiles/CMakeTmp

Run Build Command(s):/contrib/bin/ninja cmTC_ecde3 && [1/2] Building C object CMakeFiles/cmTC_ecde3.dir/CheckSymbolExists.c.o
[2/2] Linking C executable cmTC_ecde3


File /home/project/cu_riscv32i_cycle_accurate/work/ia/llvm/build/CMakeFiles/CMakeTmp/CheckSymbolExists.c:
/* */
#include <sys/types.h>
#include <sys/time.h>
#include <sys/resource.h>

int main(int argc, char** argv)
{
  (void)argv;
#ifndef getrlimit
  return ((int*)(&getrlimit))[argc];
#else
  (void)argc;
  return 0;
#endif
}
Determining if the posix_spawn exist passed with the following output:
Change Dir: /home/project/cu_riscv32i_cycle_accurate/work/ia/llvm/build/CMakeFiles/CMakeTmp

Run Build Command(s):/contrib/bin/ninja cmTC_40dec && [1/2] Building C object CMakeFiles/cmTC_40dec.dir/CheckSymbolExists.c.o
[2/2] Linking C executable cmTC_40dec


File /home/project/cu_riscv32i_cycle_accurate/work/ia/llvm/build/CMakeFiles/CMakeTmp/CheckSymbolExists.c:
/* */
#include <spawn.h>

int main(int argc, char** argv)
{
  (void)argv;
#ifndef posix_spawn
  return ((int*)(&posix_spawn))[argc];
#else
  (void)argc;
  return 0;
#endif
}
Determining if the pread exist passed with the following output:
Change Dir: /home/project/cu_riscv32i_cycle_accurate/work/ia/llvm/build/CMakeFiles/CMakeTmp

Run Build Command(s):/contrib/bin/ninja cmTC_07c3d && [1/2] Building C object CMakeFiles/cmTC_07c3d.dir/CheckSymbolExists.c.o
[2/2] Linking C executable cmTC_07c3d


File /home/project/cu_riscv32i_cycle_accurate/work/ia/llvm/build/CMakeFiles/CMakeTmp/CheckSymbolExists.c:
/* */
#include <unistd.h>

int main(int argc, char** argv)
{
  (void)argv;
#ifndef pread
  return ((int*)(&pread))[argc];
#else
  (void)argc;
  return 0;
#endif
}
Determining if the sbrk exist passed with the following output:
Change Dir: /home/project/cu_riscv32i_cycle_accurate/work/ia/llvm/build/CMakeFiles/CMakeTmp

Run Build Command(s):/contrib/bin/ninja cmTC_f760b && [1/2] Building C object CMakeFiles/cmTC_f760b.dir/CheckSymbolExists.c.o
[2/2] Linking C executable cmTC_f760b


File /home/project/cu_riscv32i_cycle_accurate/work/ia/llvm/build/CMakeFiles/CMakeTmp/CheckSymbolExists.c:
/* */
#include <unistd.h>

int main(int argc, char** argv)
{
  (void)argv;
#ifndef sbrk
  return ((int*)(&sbrk))[argc];
#else
  (void)argc;
  return 0;
#endif
}
Determining if the strerror exist passed with the following output:
Change Dir: /home/project/cu_riscv32i_cycle_accurate/work/ia/llvm/build/CMakeFiles/CMakeTmp

Run Build Command(s):/contrib/bin/ninja cmTC_159bc && [1/2] Building C object CMakeFiles/cmTC_159bc.dir/CheckSymbolExists.c.o
[2/2] Linking C executable cmTC_159bc


File /home/project/cu_riscv32i_cycle_accurate/work/ia/llvm/build/CMakeFiles/CMakeTmp/CheckSymbolExists.c:
/* */
#include <string.h>

int main(int argc, char** argv)
{
  (void)argv;
#ifndef strerror
  return ((int*)(&strerror))[argc];
#else
  (void)argc;
  return 0;
#endif
}
Determining if the strerror_r exist passed with the following output:
Change Dir: /home/project/cu_riscv32i_cycle_accurate/work/ia/llvm/build/CMakeFiles/CMakeTmp

Run Build Command(s):/contrib/bin/ninja cmTC_4d377 && [1/2] Building C object CMakeFiles/cmTC_4d377.dir/CheckSymbolExists.c.o
[2/2] Linking C executable cmTC_4d377


File /home/project/cu_riscv32i_cycle_accurate/work/ia/llvm/build/CMakeFiles/CMakeTmp/CheckSymbolExists.c:
/* */
#include <string.h>

int main(int argc, char** argv)
{
  (void)argv;
#ifndef strerror_r
  return ((int*)(&strerror_r))[argc];
#else
  (void)argc;
  return 0;
#endif
}
Determining if the setenv exist passed with the following output:
Change Dir: /home/project/cu_riscv32i_cycle_accurate/work/ia/llvm/build/CMakeFiles/CMakeTmp

Run Build Command(s):/contrib/bin/ninja cmTC_e49df && [1/2] Building C object CMakeFiles/cmTC_e49df.dir/CheckSymbolExists.c.o
[2/2] Linking C executable cmTC_e49df


File /home/project/cu_riscv32i_cycle_accurate/work/ia/llvm/build/CMakeFiles/CMakeTmp/CheckSymbolExists.c:
/* */
#include <stdlib.h>

int main(int argc, char** argv)
{
  (void)argv;
#ifndef setenv
  return ((int*)(&setenv))[argc];
#else
  (void)argc;
  return 0;
#endif
}
Determining if the dlopen exist passed with the following output:
Change Dir: /home/project/cu_riscv32i_cycle_accurate/work/ia/llvm/build/CMakeFiles/CMakeTmp

Run Build Command(s):/contrib/bin/ninja cmTC_6e1f5 && [1/2] Building C object CMakeFiles/cmTC_6e1f5.dir/CheckSymbolExists.c.o
[2/2] Linking C executable cmTC_6e1f5


File /home/project/cu_riscv32i_cycle_accurate/work/ia/llvm/build/CMakeFiles/CMakeTmp/CheckSymbolExists.c:
/* */
#include <dlfcn.h>

int main(int argc, char** argv)
{
  (void)argv;
#ifndef dlopen
  return ((int*)(&dlopen))[argc];
#else
  (void)argc;
  return 0;
#endif
}
Performing C SOURCE FILE Test HAVE_STRUCT_STAT_ST_MTIM_TV_NSEC succeeded with the following output:
Change Dir: /home/project/cu_riscv32i_cycle_accurate/work/ia/llvm/build/CMakeFiles/CMakeTmp

Run Build Command(s):/contrib/bin/ninja cmTC_47be2 && [1/2] Building C object CMakeFiles/cmTC_47be2.dir/src.c.o
[2/2] Linking C executable cmTC_47be2


Source file was:

#include <sys/types.h>
#include <sys/stat.h>

int main()
{
  (void)sizeof(((struct stat *)0)->st_mtim.tv_nsec);
  return 0;
}

Determining if the __GLIBC__ exist passed with the following output:
Change Dir: /home/project/cu_riscv32i_cycle_accurate/work/ia/llvm/build/CMakeFiles/CMakeTmp

Run Build Command(s):/contrib/bin/ninja cmTC_f3a10 && [1/2] Building C object CMakeFiles/cmTC_f3a10.dir/CheckSymbolExists.c.o
[2/2] Linking C executable cmTC_f3a10


File /home/project/cu_riscv32i_cycle_accurate/work/ia/llvm/build/CMakeFiles/CMakeTmp/CheckSymbolExists.c:
/* */
#include <stdio.h>

int main(int argc, char** argv)
{
  (void)argv;
#ifndef __GLIBC__
  return ((int*)(&__GLIBC__))[argc];
#else
  (void)argc;
  return 0;
#endif
}
Determining if the sched_getaffinity exist passed with the following output:
Change Dir: /home/project/cu_riscv32i_cycle_accurate/work/ia/llvm/build/CMakeFiles/CMakeTmp

Run Build Command(s):/contrib/bin/ninja cmTC_99f9e && [1/2] Building C object CMakeFiles/cmTC_99f9e.dir/CheckSymbolExists.c.o
[2/2] Linking C executable cmTC_99f9e


File /home/project/cu_riscv32i_cycle_accurate/work/ia/llvm/build/CMakeFiles/CMakeTmp/CheckSymbolExists.c:
/* */
#include <sched.h>

int main(int argc, char** argv)
{
  (void)argv;
#ifndef sched_getaffinity
  return ((int*)(&sched_getaffinity))[argc];
#else
  (void)argc;
  return 0;
#endif
}
Determining if the CPU_COUNT exist passed with the following output:
Change Dir: /home/project/cu_riscv32i_cycle_accurate/work/ia/llvm/build/CMakeFiles/CMakeTmp

Run Build Command(s):/contrib/bin/ninja cmTC_1635c && [1/2] Building C object CMakeFiles/cmTC_1635c.dir/CheckSymbolExists.c.o
[2/2] Linking C executable cmTC_1635c


File /home/project/cu_riscv32i_cycle_accurate/work/ia/llvm/build/CMakeFiles/CMakeTmp/CheckSymbolExists.c:
/* */
#include <sched.h>

int main(int argc, char** argv)
{
  (void)argv;
#ifndef CPU_COUNT
  return ((int*)(&CPU_COUNT))[argc];
#else
  (void)argc;
  return 0;
#endif
}
Determining if the pthread_getname_np exist passed with the following output:
Change Dir: /home/project/cu_riscv32i_cycle_accurate/work/ia/llvm/build/CMakeFiles/CMakeTmp

Run Build Command(s):/contrib/bin/ninja cmTC_57316 && [1/2] Building C object CMakeFiles/cmTC_57316.dir/CheckSymbolExists.c.o
[2/2] Linking C executable cmTC_57316


File /home/project/cu_riscv32i_cycle_accurate/work/ia/llvm/build/CMakeFiles/CMakeTmp/CheckSymbolExists.c:
/* */
#include <pthread.h>

int main(int argc, char** argv)
{
  (void)argv;
#ifndef pthread_getname_np
  return ((int*)(&pthread_getname_np))[argc];
#else
  (void)argc;
  return 0;
#endif
}
Determining if the pthread_setname_np exist passed with the following output:
Change Dir: /home/project/cu_riscv32i_cycle_accurate/work/ia/llvm/build/CMakeFiles/CMakeTmp

Run Build Command(s):/contrib/bin/ninja cmTC_2badb && [1/2] Building C object CMakeFiles/cmTC_2badb.dir/CheckSymbolExists.c.o
[2/2] Linking C executable cmTC_2badb


File /home/project/cu_riscv32i_cycle_accurate/work/ia/llvm/build/CMakeFiles/CMakeTmp/CheckSymbolExists.c:
/* */
#include <pthread.h>

int main(int argc, char** argv)
{
  (void)argv;
#ifndef pthread_setname_np
  return ((int*)(&pthread_setname_np))[argc];
#else
  (void)argc;
  return 0;
#endif
}
Performing C++ SOURCE FILE Test HAVE_STD_IS_TRIVIALLY_COPYABLE succeeded with the following output:
Change Dir: /home/project/cu_riscv32i_cycle_accurate/work/ia/llvm/build/CMakeFiles/CMakeTmp

Run Build Command(s):/contrib/bin/ninja cmTC_8792e && [1/2] Building CXX object CMakeFiles/cmTC_8792e.dir/src.cxx.o
[2/2] Linking CXX executable cmTC_8792e


Source file was:

#include <type_traits>
struct T { int val; };
static_assert(std::is_trivially_copyable<T>::value, "ok");
int main() { return 0;}

Performing C++ SOURCE FILE Test HAVE_CXX_ATOMICS_WITHOUT_LIB succeeded with the following output:
Change Dir: /home/project/cu_riscv32i_cycle_accurate/work/ia/llvm/build/CMakeFiles/CMakeTmp

Run Build Command(s):/contrib/bin/ninja cmTC_f94e1 && [1/2] Building CXX object CMakeFiles/cmTC_f94e1.dir/src.cxx.o
[2/2] Linking CXX executable cmTC_f94e1


Source file was:

#include <atomic>
std::atomic<int> x;
int main() {
  return x;
}

Performing C++ SOURCE FILE Test HAVE_CXX_ATOMICS64_WITHOUT_LIB succeeded with the following output:
Change Dir: /home/project/cu_riscv32i_cycle_accurate/work/ia/llvm/build/CMakeFiles/CMakeTmp

Run Build Command(s):/contrib/bin/ninja cmTC_6d45f && [1/2] Building CXX object CMakeFiles/cmTC_6d45f.dir/src.cxx.o
[2/2] Linking CXX executable cmTC_6d45f


Source file was:

#include <atomic>
#include <cstdint>
std::atomic<uint64_t> x (0);
int main() {
  uint64_t i = x.load(std::memory_order_relaxed);
  return 0;
}

Performing C++ SOURCE FILE Test LLVM_HAS_ATOMICS succeeded with the following output:
Change Dir: /home/project/cu_riscv32i_cycle_accurate/work/ia/llvm/build/CMakeFiles/CMakeTmp

Run Build Command(s):/contrib/bin/ninja cmTC_880d9 && [1/2] Building CXX object CMakeFiles/cmTC_880d9.dir/src.cxx.o
[2/2] Linking CXX executable cmTC_880d9


Source file was:

#ifdef _MSC_VER
#include <windows.h>
#endif
int main() {
#ifdef _MSC_VER
        volatile LONG val = 1;
        MemoryBarrier();
        InterlockedCompareExchange(&val, 0, 1);
        InterlockedIncrement(&val);
        InterlockedDecrement(&val);
#else
        volatile unsigned long val = 1;
        __sync_synchronize();
        __sync_val_compare_and_swap(&val, 1, 0);
        __sync_add_and_fetch(&val, 1);
        __sync_sub_and_fetch(&val, 1);
#endif
        return 0;
      }

Performing C++ SOURCE FILE Test SUPPORTS_VARIADIC_MACROS_FLAG succeeded with the following output:
Change Dir: /home/project/cu_riscv32i_cycle_accurate/work/ia/llvm/build/CMakeFiles/CMakeTmp

Run Build Command(s):/contrib/bin/ninja cmTC_5af86 && [1/2] Building CXX object CMakeFiles/cmTC_5af86.dir/src.cxx.o
[2/2] Linking CXX executable cmTC_5af86


Source file was:
int main() { return 0; }
Performing C++ SOURCE FILE Test HAS_MAYBE_UNINITIALIZED succeeded with the following output:
Change Dir: /home/project/cu_riscv32i_cycle_accurate/work/ia/llvm/build/CMakeFiles/CMakeTmp

Run Build Command(s):/contrib/bin/ninja cmTC_d5c3a && [1/2] Building CXX object CMakeFiles/cmTC_d5c3a.dir/src.cxx.o
[2/2] Linking CXX executable cmTC_d5c3a


Source file was:
int main() { return 0; }
Performing C SOURCE FILE Test C_SUPPORTS_FPIC succeeded with the following output:
Change Dir: /home/project/cu_riscv32i_cycle_accurate/work/ia/llvm/build/CMakeFiles/CMakeTmp

Run Build Command(s):/contrib/bin/ninja cmTC_12161 && [1/2] Building C object CMakeFiles/cmTC_12161.dir/src.c.o
[2/2] Linking C executable cmTC_12161


Source file was:
int main(void) { return 0; }
Performing C++ SOURCE FILE Test CXX_SUPPORTS_FPIC succeeded with the following output:
Change Dir: /home/project/cu_riscv32i_cycle_accurate/work/ia/llvm/build/CMakeFiles/CMakeTmp

Run Build Command(s):/contrib/bin/ninja cmTC_6bf60 && [1/2] Building CXX object CMakeFiles/cmTC_6bf60.dir/src.cxx.o
[2/2] Linking CXX executable cmTC_6bf60


Source file was:
int main() { return 0; }
Performing C++ SOURCE FILE Test SUPPORTS_FVISIBILITY_INLINES_HIDDEN_FLAG succeeded with the following output:
Change Dir: /home/project/cu_riscv32i_cycle_accurate/work/ia/llvm/build/CMakeFiles/CMakeTmp

Run Build Command(s):/contrib/bin/ninja cmTC_e0fda && [1/2] Building CXX object CMakeFiles/cmTC_e0fda.dir/src.cxx.o
[2/2] Linking CXX executable cmTC_e0fda


Source file was:
int main() { return 0; }
Performing C SOURCE FILE Test C_SUPPORTS_WERROR_DATE_TIME succeeded with the following output:
Change Dir: /home/project/cu_riscv32i_cycle_accurate/work/ia/llvm/build/CMakeFiles/CMakeTmp

Run Build Command(s):/contrib/bin/ninja cmTC_50e28 && [1/2] Building C object CMakeFiles/cmTC_50e28.dir/src.c.o
[2/2] Linking C executable cmTC_50e28


Source file was:
int main(void) { return 0; }
Performing C++ SOURCE FILE Test CXX_SUPPORTS_WERROR_DATE_TIME succeeded with the following output:
Change Dir: /home/project/cu_riscv32i_cycle_accurate/work/ia/llvm/build/CMakeFiles/CMakeTmp

Run Build Command(s):/contrib/bin/ninja cmTC_2f379 && [1/2] Building CXX object CMakeFiles/cmTC_2f379.dir/src.cxx.o
[2/2] Linking CXX executable cmTC_2f379


Source file was:
int main() { return 0; }
Performing C++ SOURCE FILE Test CXX_SUPPORTS_CXX_STD succeeded with the following output:
Change Dir: /home/project/cu_riscv32i_cycle_accurate/work/ia/llvm/build/CMakeFiles/CMakeTmp

Run Build Command(s):/contrib/bin/ninja cmTC_28ce8 && [1/2] Building CXX object CMakeFiles/cmTC_28ce8.dir/src.cxx.o
[2/2] Linking CXX executable cmTC_28ce8


Source file was:
int main() { return 0; }
Performing C++ SOURCE FILE Test CXX_SUPPORTS_MISSING_FIELD_INITIALIZERS_FLAG succeeded with the following output:
Change Dir: /home/project/cu_riscv32i_cycle_accurate/work/ia/llvm/build/CMakeFiles/CMakeTmp

Run Build Command(s):/contrib/bin/ninja cmTC_ff569 && [1/2] Building CXX object CMakeFiles/cmTC_ff569.dir/src.cxx.o
[2/2] Linking CXX executable cmTC_ff569


Source file was:
int main() { return 0; }
Performing C SOURCE FILE Test C_SUPPORTS_IMPLICIT_FALLTHROUGH_FLAG succeeded with the following output:
Change Dir: /home/project/cu_riscv32i_cycle_accurate/work/ia/llvm/build/CMakeFiles/CMakeTmp

Run Build Command(s):/contrib/bin/ninja cmTC_14773 && [1/2] Building C object CMakeFiles/cmTC_14773.dir/src.c.o
[2/2] Linking C executable cmTC_14773


Source file was:
int main(void) { return 0; }
Performing C++ SOURCE FILE Test CXX_SUPPORTS_IMPLICIT_FALLTHROUGH_FLAG succeeded with the following output:
Change Dir: /home/project/cu_riscv32i_cycle_accurate/work/ia/llvm/build/CMakeFiles/CMakeTmp

Run Build Command(s):/contrib/bin/ninja cmTC_bdfda && [1/2] Building CXX object CMakeFiles/cmTC_bdfda.dir/src.cxx.o
[2/2] Linking CXX executable cmTC_bdfda


Source file was:
int main() { return 0; }
Performing C++ SOURCE FILE Test CXX_SUPPORTS_NOEXCEPT_TYPE_FLAG succeeded with the following output:
Change Dir: /home/project/cu_riscv32i_cycle_accurate/work/ia/llvm/build/CMakeFiles/CMakeTmp

Run Build Command(s):/contrib/bin/ninja cmTC_c33ab && [1/2] Building CXX object CMakeFiles/cmTC_c33ab.dir/src.cxx.o
[2/2] Linking CXX executable cmTC_c33ab


Source file was:
int main() { return 0; }
Performing C++ SOURCE FILE Test CXX_SUPPORTS_DELETE_NON_VIRTUAL_DTOR_FLAG succeeded with the following output:
Change Dir: /home/project/cu_riscv32i_cycle_accurate/work/ia/llvm/build/CMakeFiles/CMakeTmp

Run Build Command(s):/contrib/bin/ninja cmTC_c0cc0 && [1/2] Building CXX object CMakeFiles/cmTC_c0cc0.dir/src.cxx.o
[2/2] Linking CXX executable cmTC_c0cc0


Source file was:
int main() { return 0; }
Performing C SOURCE FILE Test C_SUPPORTS_FNO_FUNCTION_SECTIONS succeeded with the following output:
Change Dir: /home/project/cu_riscv32i_cycle_accurate/work/ia/llvm/build/CMakeFiles/CMakeTmp

Run Build Command(s):/contrib/bin/ninja cmTC_3c92c && [1/2] Building C object CMakeFiles/cmTC_3c92c.dir/src.c.o
[2/2] Linking C executable cmTC_3c92c


Source file was:
int main(void) { return 0; }
Performing C SOURCE FILE Test C_SUPPORTS_FFUNCTION_SECTIONS succeeded with the following output:
Change Dir: /home/project/cu_riscv32i_cycle_accurate/work/ia/llvm/build/CMakeFiles/CMakeTmp

Run Build Command(s):/contrib/bin/ninja cmTC_7ad09 && [1/2] Building C object CMakeFiles/cmTC_7ad09.dir/src.c.o
[2/2] Linking C executable cmTC_7ad09


Source file was:
int main(void) { return 0; }
Performing C++ SOURCE FILE Test CXX_SUPPORTS_FFUNCTION_SECTIONS succeeded with the following output:
Change Dir: /home/project/cu_riscv32i_cycle_accurate/work/ia/llvm/build/CMakeFiles/CMakeTmp

Run Build Command(s):/contrib/bin/ninja cmTC_943b5 && [1/2] Building CXX object CMakeFiles/cmTC_943b5.dir/src.cxx.o
[2/2] Linking CXX executable cmTC_943b5


Source file was:
int main() { return 0; }
Performing C SOURCE FILE Test C_SUPPORTS_FDATA_SECTIONS succeeded with the following output:
Change Dir: /home/project/cu_riscv32i_cycle_accurate/work/ia/llvm/build/CMakeFiles/CMakeTmp

Run Build Command(s):/contrib/bin/ninja cmTC_c60d6 && [1/2] Building C object CMakeFiles/cmTC_c60d6.dir/src.c.o
[2/2] Linking C executable cmTC_c60d6


Source file was:
int main(void) { return 0; }
Performing C++ SOURCE FILE Test CXX_SUPPORTS_FDATA_SECTIONS succeeded with the following output:
Change Dir: /home/project/cu_riscv32i_cycle_accurate/work/ia/llvm/build/CMakeFiles/CMakeTmp

Run Build Command(s):/contrib/bin/ninja cmTC_8fcbf && [1/2] Building CXX object CMakeFiles/cmTC_8fcbf.dir/src.cxx.o
[2/2] Linking CXX executable cmTC_8fcbf


Source file was:
int main() { return 0; }
