Compiling the CXX compiler identification source file "CMakeCXXCompilerId.cpp" failed.
Compiler: /contrib/bin/g++ 
Build flags: -include;"/home/project/cu_riscv32i_cycle_accurate/work/cu_riscv32i_cycle_accurate_options.hcodal"
Id flags:  

The output was:
1
cc1plus: fatal error: "/home/project/cu_riscv32i_cycle_accurate/work/cu_riscv32i_cycle_accurate_options.hcodal": No such file or directory
compilation terminated.


Compiling the CXX compiler identification source file "CMakeCXXCompilerId.cpp" failed.
Compiler: /contrib/bin/g++ 
Build flags: -include;"/home/project/cu_riscv32i_cycle_accurate/work/cu_riscv32i_cycle_accurate_options.hcodal"
Id flags: -c 

The output was:
1
cc1plus: fatal error: "/home/project/cu_riscv32i_cycle_accurate/work/cu_riscv32i_cycle_accurate_options.hcodal": No such file or directory
compilation terminated.


Compiling the CXX compiler identification source file "CMakeCXXCompilerId.cpp" failed.
Compiler: /contrib/bin/g++ 
Build flags: -include;"/home/project/cu_riscv32i_cycle_accurate/work/cu_riscv32i_cycle_accurate_options.hcodal"
Id flags: --c++ 

The output was:
1
g++: error: unrecognized command line option '--c++'


Compiling the CXX compiler identification source file "CMakeCXXCompilerId.cpp" failed.
Compiler: /contrib/bin/g++ 
Build flags: -include;"/home/project/cu_riscv32i_cycle_accurate/work/cu_riscv32i_cycle_accurate_options.hcodal"
Id flags: --ec++ 

The output was:
1
g++: error: unrecognized command line option '--ec++'; did you mean '-Weffc++'?


Compiling the CXX compiler identification source file "CMakeCXXCompilerId.cpp" failed.
Compiler: /contrib/bin/g++ 
Build flags: -include;"/home/project/cu_riscv32i_cycle_accurate/work/cu_riscv32i_cycle_accurate_options.hcodal"
Id flags: --target=arm-arm-none-eabi;-mcpu=cortex-m3 

The output was:
1
g++: warning: '-mcpu=' is deprecated; use '-mtune=' or '-march=' instead
g++: error: unrecognized command line option '--target=arm-arm-none-eabi'


