[1/4] Building CXX object CMakeFiles/codasip_tti.dir/llvm_CodasipGenTTIImpl.cpp.o
[2/4] Building CXX object CMakeFiles/codasip_tti.dir/llvm_CodasipTTIImpl.cpp.o
[3/4] Building CXX object CMakeFiles/codasip_tti.dir/CodasipTTI.cpp.o
[4/4] Linking CXX shared module libphase3_ia_riscv32i-ia-tti.so
[0/1] Install the project...
-- Install configuration: "Release"
-- Installing: /home/project/phase3_ia_riscv32i/work/ia/sdk/bin/libphase3_ia_riscv32i-ia-tti.so
[1/4] Building CXX object CMakeFiles/codasip_tti.dir/llvm_CodasipTTIImpl.cpp.o
[2/4] Building CXX object CMakeFiles/codasip_tti.dir/llvm_CodasipGenTTIImpl.cpp.o
[3/4] Building CXX object CMakeFiles/codasip_tti.dir/CodasipTTI.cpp.o
[4/4] Linking CXX shared module libphase3_ia_riscv32i-ia-tti.so
[0/1] Install the project...
-- Install configuration: "Release"
-- Installing: /home/project/phase3_ia_riscv32i/work/ia/sdk/bin/libphase3_ia_riscv32i-ia-tti.so
[1/4] Building CXX object CMakeFiles/codasip_tti.dir/llvm_CodasipGenTTIImpl.cpp.o
[2/4] Building CXX object CMakeFiles/codasip_tti.dir/llvm_CodasipTTIImpl.cpp.o
[3/4] Building CXX object CMakeFiles/codasip_tti.dir/CodasipTTI.cpp.o
[4/4] Linking CXX shared module libphase3_ia_riscv32i-ia-tti.so
[0/1] Install the project...
-- Install configuration: "Release"
-- Installing: /home/project/phase3_ia_riscv32i/work/ia/sdk/bin/libphase3_ia_riscv32i-ia-tti.so
[1/4] Building CXX object CMakeFiles/codasip_tti.dir/llvm_CodasipTTIImpl.cpp.o
[2/4] Building CXX object CMakeFiles/codasip_tti.dir/llvm_CodasipGenTTIImpl.cpp.o
[3/4] Building CXX object CMakeFiles/codasip_tti.dir/CodasipTTI.cpp.o
[4/4] Linking CXX shared module libphase3_ia_riscv32i-ia-tti.so
[0/1] Install the project...
-- Install configuration: "Release"
-- Installing: /home/project/phase3_ia_riscv32i/work/ia/sdk/bin/libphase3_ia_riscv32i-ia-tti.so
[1/4] Building CXX object CMakeFiles/codasip_tti.dir/llvm_CodasipTTIImpl.cpp.o
[2/4] Building CXX object CMakeFiles/codasip_tti.dir/llvm_CodasipGenTTIImpl.cpp.o
[3/4] Building CXX object CMakeFiles/codasip_tti.dir/CodasipTTI.cpp.o
[4/4] Linking CXX shared module libphase3_ia_riscv32i-ia-tti.so
[0/1] Install the project...
-- Install configuration: "Release"
-- Installing: /home/project/phase3_ia_riscv32i/work/ia/sdk/bin/libphase3_ia_riscv32i-ia-tti.so
[1/4] Building CXX object CMakeFiles/codasip_tti.dir/llvm_CodasipTTIImpl.cpp.o
[2/4] Building CXX object CMakeFiles/codasip_tti.dir/llvm_CodasipGenTTIImpl.cpp.o
[3/4] Building CXX object CMakeFiles/codasip_tti.dir/CodasipTTI.cpp.o
[4/4] Linking CXX shared module libphase3_ia_riscv32i-ia-tti.so
[0/1] Install the project...
-- Install configuration: "Release"
-- Installing: /home/project/phase3_ia_riscv32i/work/ia/sdk/bin/libphase3_ia_riscv32i-ia-tti.so
[1/4] Building CXX object CMakeFiles/codasip_tti.dir/llvm_CodasipTTIImpl.cpp.o
[2/4] Building CXX object CMakeFiles/codasip_tti.dir/llvm_CodasipGenTTIImpl.cpp.o
[3/4] Building CXX object CMakeFiles/codasip_tti.dir/CodasipTTI.cpp.o
[4/4] Linking CXX shared module libphase3_ia_riscv32i-ia-tti.so
[0/1] Install the project...
-- Install configuration: "Release"
-- Installing: /home/project/phase3_ia_riscv32i/work/ia/sdk/bin/libphase3_ia_riscv32i-ia-tti.so
[1/4] Building CXX object CMakeFiles/codasip_tti.dir/llvm_CodasipTTIImpl.cpp.o
[2/4] Building CXX object CMakeFiles/codasip_tti.dir/llvm_CodasipGenTTIImpl.cpp.o
[3/4] Building CXX object CMakeFiles/codasip_tti.dir/CodasipTTI.cpp.o
[4/4] Linking CXX shared module libphase3_ia_riscv32i-ia-tti.so
[0/1] Install the project...
-- Install configuration: "Release"
-- Installing: /home/project/phase3_ia_riscv32i/work/ia/sdk/bin/libphase3_ia_riscv32i-ia-tti.so
[1/4] Building CXX object CMakeFiles/codasip_tti.dir/llvm_CodasipTTIImpl.cpp.o
[2/4] Building CXX object CMakeFiles/codasip_tti.dir/llvm_CodasipGenTTIImpl.cpp.o
[3/4] Building CXX object CMakeFiles/codasip_tti.dir/CodasipTTI.cpp.o
[4/4] Linking CXX shared module libphase3_ia_riscv32i-ia-tti.so
[0/1] Install the project...
-- Install configuration: "Release"
-- Installing: /home/project/phase3_ia_riscv32i/work/ia/sdk/bin/libphase3_ia_riscv32i-ia-tti.so
[1/4] Building CXX object CMakeFiles/codasip_tti.dir/llvm_CodasipTTIImpl.cpp.o
[2/4] Building CXX object CMakeFiles/codasip_tti.dir/llvm_CodasipGenTTIImpl.cpp.o
[3/4] Building CXX object CMakeFiles/codasip_tti.dir/CodasipTTI.cpp.o
[4/4] Linking CXX shared module libphase3_ia_riscv32i-ia-tti.so
[0/1] Install the project...
-- Install configuration: "Release"
-- Installing: /home/project/phase3_ia_riscv32i/work/ia/sdk/bin/libphase3_ia_riscv32i-ia-tti.so
[1/4] Building CXX object CMakeFiles/codasip_tti.dir/llvm_CodasipTTIImpl.cpp.o
[2/4] Building CXX object CMakeFiles/codasip_tti.dir/llvm_CodasipGenTTIImpl.cpp.o
[3/4] Building CXX object CMakeFiles/codasip_tti.dir/CodasipTTI.cpp.o
[4/4] Linking CXX shared module libphase3_ia_riscv32i-ia-tti.so
[0/1] Install the project...
-- Install configuration: "Release"
-- Installing: /home/project/phase3_ia_riscv32i/work/ia/sdk/bin/libphase3_ia_riscv32i-ia-tti.so
[1/4] Building CXX object CMakeFiles/codasip_tti.dir/llvm_CodasipTTIImpl.cpp.o
[2/4] Building CXX object CMakeFiles/codasip_tti.dir/llvm_CodasipGenTTIImpl.cpp.o
[3/4] Building CXX object CMakeFiles/codasip_tti.dir/CodasipTTI.cpp.o
[4/4] Linking CXX shared module libphase3_ia_riscv32i-ia-tti.so
[0/1] Install the project...
-- Install configuration: "Release"
-- Installing: /home/project/phase3_ia_riscv32i/work/ia/sdk/bin/libphase3_ia_riscv32i-ia-tti.so
[1/4] Building CXX object CMakeFiles/codasip_tti.dir/llvm_CodasipTTIImpl.cpp.o
[2/4] Building CXX object CMakeFiles/codasip_tti.dir/llvm_CodasipGenTTIImpl.cpp.o
[3/4] Building CXX object CMakeFiles/codasip_tti.dir/CodasipTTI.cpp.o
[4/4] Linking CXX shared module libphase3_ia_riscv32i-ia-tti.so
[0/1] Install the project...
-- Install configuration: "Release"
-- Installing: /home/project/phase3_ia_riscv32i/work/ia/sdk/bin/libphase3_ia_riscv32i-ia-tti.so
[1/4] Building CXX object CMakeFiles/codasip_tti.dir/llvm_CodasipTTIImpl.cpp.o
[2/4] Building CXX object CMakeFiles/codasip_tti.dir/llvm_CodasipGenTTIImpl.cpp.o
[3/4] Building CXX object CMakeFiles/codasip_tti.dir/CodasipTTI.cpp.o
[4/4] Linking CXX shared module libphase3_ia_riscv32i-ia-tti.so
[0/1] Install the project...
-- Install configuration: "Release"
-- Installing: /home/project/phase3_ia_riscv32i/work/ia/sdk/bin/libphase3_ia_riscv32i-ia-tti.so
[1/4] Building CXX object CMakeFiles/codasip_tti.dir/llvm_CodasipGenTTIImpl.cpp.o
[2/4] Building CXX object CMakeFiles/codasip_tti.dir/llvm_CodasipTTIImpl.cpp.o
[3/4] Building CXX object CMakeFiles/codasip_tti.dir/CodasipTTI.cpp.o
[4/4] Linking CXX shared module libphase3_ia_riscv32i-ia-tti.so
[0/1] Install the project...
-- Install configuration: "Release"
-- Installing: /home/project/phase3_ia_riscv32i/work/ia/sdk/bin/libphase3_ia_riscv32i-ia-tti.so
[1/4] Building CXX object CMakeFiles/codasip_tti.dir/llvm_CodasipTTIImpl.cpp.o
[2/4] Building CXX object CMakeFiles/codasip_tti.dir/llvm_CodasipGenTTIImpl.cpp.o
[3/4] Building CXX object CMakeFiles/codasip_tti.dir/CodasipTTI.cpp.o
[4/4] Linking CXX shared module libphase3_ia_riscv32i-ia-tti.so
[0/1] Install the project...
-- Install configuration: "Release"
-- Installing: /home/project/phase3_ia_riscv32i/work/ia/sdk/bin/libphase3_ia_riscv32i-ia-tti.so
[1/4] Building CXX object CMakeFiles/codasip_tti.dir/llvm_CodasipTTIImpl.cpp.o
[2/4] Building CXX object CMakeFiles/codasip_tti.dir/llvm_CodasipGenTTIImpl.cpp.o
[3/4] Building CXX object CMakeFiles/codasip_tti.dir/CodasipTTI.cpp.o
[4/4] Linking CXX shared module libphase3_ia_riscv32i-ia-tti.so
[0/1] Install the project...
-- Install configuration: "Release"
-- Installing: /home/project/phase3_ia_riscv32i/work/ia/sdk/bin/libphase3_ia_riscv32i-ia-tti.so
[1/4] Building CXX object CMakeFiles/codasip_tti.dir/llvm_CodasipTTIImpl.cpp.o
[2/4] Building CXX object CMakeFiles/codasip_tti.dir/llvm_CodasipGenTTIImpl.cpp.o
[3/4] Building CXX object CMakeFiles/codasip_tti.dir/CodasipTTI.cpp.o
[4/4] Linking CXX shared module libphase3_ia_riscv32i-ia-tti.so
[0/1] Install the project...
-- Install configuration: "Release"
-- Installing: /home/project/phase3_ia_riscv32i/work/ia/sdk/bin/libphase3_ia_riscv32i-ia-tti.so
[1/4] Building CXX object CMakeFiles/codasip_tti.dir/llvm_CodasipTTIImpl.cpp.o
[2/4] Building CXX object CMakeFiles/codasip_tti.dir/llvm_CodasipGenTTIImpl.cpp.o
[3/4] Building CXX object CMakeFiles/codasip_tti.dir/CodasipTTI.cpp.o
[4/4] Linking CXX shared module libphase3_ia_riscv32i-ia-tti.so
[0/1] Install the project...
-- Install configuration: "Release"
-- Installing: /home/project/phase3_ia_riscv32i/work/ia/sdk/bin/libphase3_ia_riscv32i-ia-tti.so
[1/4] Building CXX object CMakeFiles/codasip_tti.dir/llvm_CodasipTTIImpl.cpp.o
[2/4] Building CXX object CMakeFiles/codasip_tti.dir/llvm_CodasipGenTTIImpl.cpp.o
[3/4] Building CXX object CMakeFiles/codasip_tti.dir/CodasipTTI.cpp.o
[4/4] Linking CXX shared module libphase3_ia_riscv32i-ia-tti.so
[0/1] Install the project...
-- Install configuration: "Release"
-- Installing: /home/project/phase3_ia_riscv32i/work/ia/sdk/bin/libphase3_ia_riscv32i-ia-tti.so
